The target system is: Linux -  - 
The host system is: Linux - 4.2.0-16-generic - x86_64
Compiling the C compiler identification source file "CMakeCCompilerId.c" succeeded.
Compiler: /opt/rt-n56u/toolchain-mipsel/toolchain-3.4.x/bin/mipsel-linux-uclibc-gcc 
Build flags: -Os;-fomit-frame-pointer;-pipe;;-DEMBED;-I/opt/rt-n56u/trunk/stage/include;-Dlinux;-D__linux__;-Dunix;-Wall;-Wno-trigraphs;-Wno-strict-aliasing;-Wno-format-security;;;-Wno-pointer-sign;-ffunction-sections;-fdata-sections
Id flags: 

The output was:
0


Compilation of the C compiler identification source "CMakeCCompilerId.c" produced "a.out"

The C compiler identification is GNU, found in "/opt/rt-n56u/trunk/libs/libwebsockets/libwebsockets-2.0.3/CMakeFiles/3.2.2/CompilerIdC/a.out"

Determining if the C compiler works passed with the following output:
Change Dir: /opt/rt-n56u/trunk/libs/libwebsockets/libwebsockets-2.0.3/CMakeFiles/CMakeTmp

Run Build Command:"/usr/bin/make" "cmTryCompileExec3847948332/fast"
make[4]: Entering directory '/opt/rt-n56u/trunk/libs/libwebsockets/libwebsockets-2.0.3/CMakeFiles/CMakeTmp'
/usr/bin/make -f CMakeFiles/cmTryCompileExec3847948332.dir/build.make CMakeFiles/cmTryCompileExec3847948332.dir/build
make[5]: Entering directory '/opt/rt-n56u/trunk/libs/libwebsockets/libwebsockets-2.0.3/CMakeFiles/CMakeTmp'
/usr/bin/cmake -E cmake_progress_report /opt/rt-n56u/trunk/libs/libwebsockets/libwebsockets-2.0.3/CMakeFiles/CMakeTmp/CMakeFiles 1
Building C object CMakeFiles/cmTryCompileExec3847948332.dir/testCCompiler.c.o
/opt/rt-n56u/toolchain-mipsel/toolchain-3.4.x/bin/mipsel-linux-uclibc-gcc   -Os -fomit-frame-pointer -pipe  -DEMBED -I/opt/rt-n56u/trunk/stage/include -Dlinux -D__linux__ -Dunix -Wall -Wno-trigraphs -Wno-strict-aliasing -Wno-format-security   -Wno-pointer-sign -ffunction-sections -fdata-sections     -o CMakeFiles/cmTryCompileExec3847948332.dir/testCCompiler.c.o   -c /opt/rt-n56u/trunk/libs/libwebsockets/libwebsockets-2.0.3/CMakeFiles/CMakeTmp/testCCompiler.c
Linking C executable cmTryCompileExec3847948332
/usr/bin/cmake -E cmake_link_script CMakeFiles/cmTryCompileExec3847948332.dir/link.txt --verbose=1
/opt/rt-n56u/toolchain-mipsel/toolchain-3.4.x/bin/mipsel-linux-uclibc-gcc  -Os -fomit-frame-pointer -pipe  -DEMBED -I/opt/rt-n56u/trunk/stage/include -Dlinux -D__linux__ -Dunix -Wall -Wno-trigraphs -Wno-strict-aliasing -Wno-format-security   -Wno-pointer-sign -ffunction-sections -fdata-sections     -L/opt/rt-n56u/trunk/stage/lib -Wl,--gc-sections  CMakeFiles/cmTryCompileExec3847948332.dir/testCCompiler.c.o  -o cmTryCompileExec3847948332 -rdynamic 
make[5]: Leaving directory '/opt/rt-n56u/trunk/libs/libwebsockets/libwebsockets-2.0.3/CMakeFiles/CMakeTmp'
make[4]: Leaving directory '/opt/rt-n56u/trunk/libs/libwebsockets/libwebsockets-2.0.3/CMakeFiles/CMakeTmp'


Detecting C compiler ABI info compiled with the following output:
Change Dir: /opt/rt-n56u/trunk/libs/libwebsockets/libwebsockets-2.0.3/CMakeFiles/CMakeTmp

Run Build Command:"/usr/bin/make" "cmTryCompileExec2897809213/fast"
make[4]: Entering directory '/opt/rt-n56u/trunk/libs/libwebsockets/libwebsockets-2.0.3/CMakeFiles/CMakeTmp'
/usr/bin/make -f CMakeFiles/cmTryCompileExec2897809213.dir/build.make CMakeFiles/cmTryCompileExec2897809213.dir/build
make[5]: Entering directory '/opt/rt-n56u/trunk/libs/libwebsockets/libwebsockets-2.0.3/CMakeFiles/CMakeTmp'
/usr/bin/cmake -E cmake_progress_report /opt/rt-n56u/trunk/libs/libwebsockets/libwebsockets-2.0.3/CMakeFiles/CMakeTmp/CMakeFiles 1
Building C object CMakeFiles/cmTryCompileExec2897809213.dir/CMakeCCompilerABI.c.o
/opt/rt-n56u/toolchain-mipsel/toolchain-3.4.x/bin/mipsel-linux-uclibc-gcc   -Os -fomit-frame-pointer -pipe  -DEMBED -I/opt/rt-n56u/trunk/stage/include -Dlinux -D__linux__ -Dunix -Wall -Wno-trigraphs -Wno-strict-aliasing -Wno-format-security   -Wno-pointer-sign -ffunction-sections -fdata-sections     -o CMakeFiles/cmTryCompileExec2897809213.dir/CMakeCCompilerABI.c.o   -c /usr/share/cmake-3.2/Modules/CMakeCCompilerABI.c
Linking C executable cmTryCompileExec2897809213
/usr/bin/cmake -E cmake_link_script CMakeFiles/cmTryCompileExec2897809213.dir/link.txt --verbose=1
/opt/rt-n56u/toolchain-mipsel/toolchain-3.4.x/bin/mipsel-linux-uclibc-gcc  -Os -fomit-frame-pointer -pipe  -DEMBED -I/opt/rt-n56u/trunk/stage/include -Dlinux -D__linux__ -Dunix -Wall -Wno-trigraphs -Wno-strict-aliasing -Wno-format-security   -Wno-pointer-sign -ffunction-sections -fdata-sections     -L/opt/rt-n56u/trunk/stage/lib -Wl,--gc-sections -v CMakeFiles/cmTryCompileExec2897809213.dir/CMakeCCompilerABI.c.o  -o cmTryCompileExec2897809213 -rdynamic  
Using built-in specs.
Target: mipsel-linux-uclibc
Configured with: ../gcc-4.4.7/configure --target=mipsel-linux-uclibc --prefix=/opt/rt-n56u/toolchain-mipsel/toolchain-3.4.x --with-gnu-ld --with-gnu-as --disable-shared --disable-multilib --enable-tls --enable-threads=posix --disable-libmudflap --disable-libssp --disable-sanity-checks --disable-werror --disable-lto --enable-ld=yes --enable-gold=no --disable-libgomp --disable-nls --with-sysroot=/opt/rt-n56u/toolchain-mipsel/toolchain-3.4.x --enable-languages=c++
Thread model: posix
gcc version 4.4.7 (GCC) 
COMPILER_PATH=/opt/rt-n56u/toolchain-mipsel/toolchain-3.4.x/libexec/gcc/mipsel-linux-uclibc/4.4.7/:/opt/rt-n56u/toolchain-mipsel/toolchain-3.4.x/libexec/gcc/mipsel-linux-uclibc/4.4.7/:/opt/rt-n56u/toolchain-mipsel/toolchain-3.4.x/libexec/gcc/mipsel-linux-uclibc/:/opt/rt-n56u/toolchain-mipsel/toolchain-3.4.x/lib/gcc/mipsel-linux-uclibc/4.4.7/:/opt/rt-n56u/toolchain-mipsel/toolchain-3.4.x/lib/gcc/mipsel-linux-uclibc/:/opt/rt-n56u/toolchain-mipsel/toolchain-3.4.x/lib/gcc/mipsel-linux-uclibc/4.4.7/../../../../mipsel-linux-uclibc/bin/
LIBRARY_PATH=/opt/rt-n56u/toolchain-mipsel/toolchain-3.4.x/lib/gcc/mipsel-linux-uclibc/4.4.7/:/opt/rt-n56u/toolchain-mipsel/toolchain-3.4.x/lib/gcc/mipsel-linux-uclibc/4.4.7/../../../../mipsel-linux-uclibc/lib/:/opt/rt-n56u/toolchain-mipsel/toolchain-3.4.x/lib/
COLLECT_GCC_OPTIONS='-Os' '-fomit-frame-pointer' '-pipe' '-DEMBED' '-I/opt/rt-n56u/trunk/stage/include' '-Dlinux' '-D__linux__' '-Dunix' '-Wall' '-Wno-trigraphs' '-Wno-strict-aliasing' '-Wno-format-security' '-Wno-pointer-sign' '-ffunction-sections' '-fdata-sections' '-L/opt/rt-n56u/trunk/stage/lib' '-v' '-o' 'cmTryCompileExec2897809213' '-rdynamic' '-mllsc' '-mno-shared'
 /opt/rt-n56u/toolchain-mipsel/toolchain-3.4.x/libexec/gcc/mipsel-linux-uclibc/4.4.7/collect2 --sysroot=/opt/rt-n56u/toolchain-mipsel/toolchain-3.4.x --eh-frame-hdr -EL -export-dynamic -dynamic-linker /lib/ld-uClibc.so.0 -o cmTryCompileExec2897809213 /opt/rt-n56u/toolchain-mipsel/toolchain-3.4.x/lib/crt1.o /opt/rt-n56u/toolchain-mipsel/toolchain-3.4.x/lib/crti.o /opt/rt-n56u/toolchain-mipsel/toolchain-3.4.x/lib/gcc/mipsel-linux-uclibc/4.4.7/crtbegin.o -L/opt/rt-n56u/trunk/stage/lib -L/opt/rt-n56u/toolchain-mipsel/toolchain-3.4.x/lib/gcc/mipsel-linux-uclibc/4.4.7 -L/opt/rt-n56u/toolchain-mipsel/toolchain-3.4.x/lib/gcc/mipsel-linux-uclibc/4.4.7/../../../../mipsel-linux-uclibc/lib -L/opt/rt-n56u/toolchain-mipsel/toolchain-3.4.x/lib --gc-sections CMakeFiles/cmTryCompileExec2897809213.dir/CMakeCCompilerABI.c.o -lgcc -lc -lgcc /opt/rt-n56u/toolchain-mipsel/toolchain-3.4.x/lib/gcc/mipsel-linux-uclibc/4.4.7/crtend.o /opt/rt-n56u/toolchain-mipsel/toolchain-3.4.x/lib/crtn.o
make[5]: Leaving directory '/opt/rt-n56u/trunk/libs/libwebsockets/libwebsockets-2.0.3/CMakeFiles/CMakeTmp'
make[4]: Leaving directory '/opt/rt-n56u/trunk/libs/libwebsockets/libwebsockets-2.0.3/CMakeFiles/CMakeTmp'


Parsed C implicit link information from above output:
  link line regex: [^( *|.*[/\])(mipsel-linux-uclibc-ld|([^/\]+-)?ld|collect2)[^/\]*( |$)]
  ignore line: [Change Dir: /opt/rt-n56u/trunk/libs/libwebsockets/libwebsockets-2.0.3/CMakeFiles/CMakeTmp]
  ignore line: []
  ignore line: [Run Build Command:"/usr/bin/make" "cmTryCompileExec2897809213/fast"]
  ignore line: [make[4]: Entering directory '/opt/rt-n56u/trunk/libs/libwebsockets/libwebsockets-2.0.3/CMakeFiles/CMakeTmp']
  ignore line: [/usr/bin/make -f CMakeFiles/cmTryCompileExec2897809213.dir/build.make CMakeFiles/cmTryCompileExec2897809213.dir/build]
  ignore line: [make[5]: Entering directory '/opt/rt-n56u/trunk/libs/libwebsockets/libwebsockets-2.0.3/CMakeFiles/CMakeTmp']
  ignore line: [/usr/bin/cmake -E cmake_progress_report /opt/rt-n56u/trunk/libs/libwebsockets/libwebsockets-2.0.3/CMakeFiles/CMakeTmp/CMakeFiles 1]
  ignore line: [Building C object CMakeFiles/cmTryCompileExec2897809213.dir/CMakeCCompilerABI.c.o]
  ignore line: [/opt/rt-n56u/toolchain-mipsel/toolchain-3.4.x/bin/mipsel-linux-uclibc-gcc   -Os -fomit-frame-pointer -pipe  -DEMBED -I/opt/rt-n56u/trunk/stage/include -Dlinux -D__linux__ -Dunix -Wall -Wno-trigraphs -Wno-strict-aliasing -Wno-format-security   -Wno-pointer-sign -ffunction-sections -fdata-sections     -o CMakeFiles/cmTryCompileExec2897809213.dir/CMakeCCompilerABI.c.o   -c /usr/share/cmake-3.2/Modules/CMakeCCompilerABI.c]
  ignore line: [Linking C executable cmTryCompileExec2897809213]
  ignore line: [/usr/bin/cmake -E cmake_link_script CMakeFiles/cmTryCompileExec2897809213.dir/link.txt --verbose=1]
  ignore line: [/opt/rt-n56u/toolchain-mipsel/toolchain-3.4.x/bin/mipsel-linux-uclibc-gcc  -Os -fomit-frame-pointer -pipe  -DEMBED -I/opt/rt-n56u/trunk/stage/include -Dlinux -D__linux__ -Dunix -Wall -Wno-trigraphs -Wno-strict-aliasing -Wno-format-security   -Wno-pointer-sign -ffunction-sections -fdata-sections     -L/opt/rt-n56u/trunk/stage/lib -Wl,--gc-sections -v CMakeFiles/cmTryCompileExec2897809213.dir/CMakeCCompilerABI.c.o  -o cmTryCompileExec2897809213 -rdynamic  ]
  ignore line: [Using built-in specs.]
  ignore line: [Target: mipsel-linux-uclibc]
  ignore line: [Configured with: ../gcc-4.4.7/configure --target=mipsel-linux-uclibc --prefix=/opt/rt-n56u/toolchain-mipsel/toolchain-3.4.x --with-gnu-ld --with-gnu-as --disable-shared --disable-multilib --enable-tls --enable-threads=posix --disable-libmudflap --disable-libssp --disable-sanity-checks --disable-werror --disable-lto --enable-ld=yes --enable-gold=no --disable-libgomp --disable-nls --with-sysroot=/opt/rt-n56u/toolchain-mipsel/toolchain-3.4.x --enable-languages=c++]
  ignore line: [Thread model: posix]
  ignore line: [gcc version 4.4.7 (GCC) ]
  ignore line: [COMPILER_PATH=/opt/rt-n56u/toolchain-mipsel/toolchain-3.4.x/libexec/gcc/mipsel-linux-uclibc/4.4.7/:/opt/rt-n56u/toolchain-mipsel/toolchain-3.4.x/libexec/gcc/mipsel-linux-uclibc/4.4.7/:/opt/rt-n56u/toolchain-mipsel/toolchain-3.4.x/libexec/gcc/mipsel-linux-uclibc/:/opt/rt-n56u/toolchain-mipsel/toolchain-3.4.x/lib/gcc/mipsel-linux-uclibc/4.4.7/:/opt/rt-n56u/toolchain-mipsel/toolchain-3.4.x/lib/gcc/mipsel-linux-uclibc/:/opt/rt-n56u/toolchain-mipsel/toolchain-3.4.x/lib/gcc/mipsel-linux-uclibc/4.4.7/../../../../mipsel-linux-uclibc/bin/]
  ignore line: [LIBRARY_PATH=/opt/rt-n56u/toolchain-mipsel/toolchain-3.4.x/lib/gcc/mipsel-linux-uclibc/4.4.7/:/opt/rt-n56u/toolchain-mipsel/toolchain-3.4.x/lib/gcc/mipsel-linux-uclibc/4.4.7/../../../../mipsel-linux-uclibc/lib/:/opt/rt-n56u/toolchain-mipsel/toolchain-3.4.x/lib/]
  ignore line: [COLLECT_GCC_OPTIONS='-Os' '-fomit-frame-pointer' '-pipe' '-DEMBED' '-I/opt/rt-n56u/trunk/stage/include' '-Dlinux' '-D__linux__' '-Dunix' '-Wall' '-Wno-trigraphs' '-Wno-strict-aliasing' '-Wno-format-security' '-Wno-pointer-sign' '-ffunction-sections' '-fdata-sections' '-L/opt/rt-n56u/trunk/stage/lib' '-v' '-o' 'cmTryCompileExec2897809213' '-rdynamic' '-mllsc' '-mno-shared']
  link line: [ /opt/rt-n56u/toolchain-mipsel/toolchain-3.4.x/libexec/gcc/mipsel-linux-uclibc/4.4.7/collect2 --sysroot=/opt/rt-n56u/toolchain-mipsel/toolchain-3.4.x --eh-frame-hdr -EL -export-dynamic -dynamic-linker /lib/ld-uClibc.so.0 -o cmTryCompileExec2897809213 /opt/rt-n56u/toolchain-mipsel/toolchain-3.4.x/lib/crt1.o /opt/rt-n56u/toolchain-mipsel/toolchain-3.4.x/lib/crti.o /opt/rt-n56u/toolchain-mipsel/toolchain-3.4.x/lib/gcc/mipsel-linux-uclibc/4.4.7/crtbegin.o -L/opt/rt-n56u/trunk/stage/lib -L/opt/rt-n56u/toolchain-mipsel/toolchain-3.4.x/lib/gcc/mipsel-linux-uclibc/4.4.7 -L/opt/rt-n56u/toolchain-mipsel/toolchain-3.4.x/lib/gcc/mipsel-linux-uclibc/4.4.7/../../../../mipsel-linux-uclibc/lib -L/opt/rt-n56u/toolchain-mipsel/toolchain-3.4.x/lib --gc-sections CMakeFiles/cmTryCompileExec2897809213.dir/CMakeCCompilerABI.c.o -lgcc -lc -lgcc /opt/rt-n56u/toolchain-mipsel/toolchain-3.4.x/lib/gcc/mipsel-linux-uclibc/4.4.7/crtend.o /opt/rt-n56u/toolchain-mipsel/toolchain-3.4.x/lib/crtn.o]
    arg [/opt/rt-n56u/toolchain-mipsel/toolchain-3.4.x/libexec/gcc/mipsel-linux-uclibc/4.4.7/collect2] ==> ignore
    arg [--sysroot=/opt/rt-n56u/toolchain-mipsel/toolchain-3.4.x] ==> ignore
    arg [--eh-frame-hdr] ==> ignore
    arg [-EL] ==> ignore
    arg [-export-dynamic] ==> ignore
    arg [-dynamic-linker] ==> ignore
    arg [/lib/ld-uClibc.so.0] ==> ignore
    arg [-o] ==> ignore
    arg [cmTryCompileExec2897809213] ==> ignore
    arg [/opt/rt-n56u/toolchain-mipsel/toolchain-3.4.x/lib/crt1.o] ==> ignore
    arg [/opt/rt-n56u/toolchain-mipsel/toolchain-3.4.x/lib/crti.o] ==> ignore
    arg [/opt/rt-n56u/toolchain-mipsel/toolchain-3.4.x/lib/gcc/mipsel-linux-uclibc/4.4.7/crtbegin.o] ==> ignore
    arg [-L/opt/rt-n56u/trunk/stage/lib] ==> dir [/opt/rt-n56u/trunk/stage/lib]
    arg [-L/opt/rt-n56u/toolchain-mipsel/toolchain-3.4.x/lib/gcc/mipsel-linux-uclibc/4.4.7] ==> dir [/opt/rt-n56u/toolchain-mipsel/toolchain-3.4.x/lib/gcc/mipsel-linux-uclibc/4.4.7]
    arg [-L/opt/rt-n56u/toolchain-mipsel/toolchain-3.4.x/lib/gcc/mipsel-linux-uclibc/4.4.7/../../../../mipsel-linux-uclibc/lib] ==> dir [/opt/rt-n56u/toolchain-mipsel/toolchain-3.4.x/lib/gcc/mipsel-linux-uclibc/4.4.7/../../../../mipsel-linux-uclibc/lib]
    arg [-L/opt/rt-n56u/toolchain-mipsel/toolchain-3.4.x/lib] ==> dir [/opt/rt-n56u/toolchain-mipsel/toolchain-3.4.x/lib]
    arg [--gc-sections] ==> ignore
    arg [CMakeFiles/cmTryCompileExec2897809213.dir/CMakeCCompilerABI.c.o] ==> ignore
    arg [-lgcc] ==> lib [gcc]
    arg [-lc] ==> lib [c]
    arg [-lgcc] ==> lib [gcc]
    arg [/opt/rt-n56u/toolchain-mipsel/toolchain-3.4.x/lib/gcc/mipsel-linux-uclibc/4.4.7/crtend.o] ==> ignore
    arg [/opt/rt-n56u/toolchain-mipsel/toolchain-3.4.x/lib/crtn.o] ==> ignore
  remove lib [gcc]
  remove lib [gcc]
  collapse library dir [/opt/rt-n56u/trunk/stage/lib] ==> [/opt/rt-n56u/trunk/stage/lib]
  collapse library dir [/opt/rt-n56u/toolchain-mipsel/toolchain-3.4.x/lib/gcc/mipsel-linux-uclibc/4.4.7] ==> [/opt/rt-n56u/toolchain-mipsel/toolchain-3.4.x/lib/gcc/mipsel-linux-uclibc/4.4.7]
  collapse library dir [/opt/rt-n56u/toolchain-mipsel/toolchain-3.4.x/lib/gcc/mipsel-linux-uclibc/4.4.7/../../../../mipsel-linux-uclibc/lib] ==> [/opt/rt-n56u/toolchain-mipsel/toolchain-3.4.x/mipsel-linux-uclibc/lib]
  collapse library dir [/opt/rt-n56u/toolchain-mipsel/toolchain-3.4.x/lib] ==> [/opt/rt-n56u/toolchain-mipsel/toolchain-3.4.x/lib]
  implicit libs: [c]
  implicit dirs: [/opt/rt-n56u/trunk/stage/lib;/opt/rt-n56u/toolchain-mipsel/toolchain-3.4.x/lib/gcc/mipsel-linux-uclibc/4.4.7;/opt/rt-n56u/toolchain-mipsel/toolchain-3.4.x/mipsel-linux-uclibc/lib;/opt/rt-n56u/toolchain-mipsel/toolchain-3.4.x/lib]
  implicit fwks: []




Detecting C [-std=c99] compiler features compiled with the following output:
Change Dir: /opt/rt-n56u/trunk/libs/libwebsockets/libwebsockets-2.0.3/CMakeFiles/CMakeTmp

Run Build Command:"/usr/bin/make" "cmTryCompileExec2484434993/fast"
make[4]: Entering directory '/opt/rt-n56u/trunk/libs/libwebsockets/libwebsockets-2.0.3/CMakeFiles/CMakeTmp'
/usr/bin/make -f CMakeFiles/cmTryCompileExec2484434993.dir/build.make CMakeFiles/cmTryCompileExec2484434993.dir/build
make[5]: Entering directory '/opt/rt-n56u/trunk/libs/libwebsockets/libwebsockets-2.0.3/CMakeFiles/CMakeTmp'
/usr/bin/cmake -E cmake_progress_report /opt/rt-n56u/trunk/libs/libwebsockets/libwebsockets-2.0.3/CMakeFiles/CMakeTmp/CMakeFiles 1
Building C object CMakeFiles/cmTryCompileExec2484434993.dir/feature_tests.c.o
/opt/rt-n56u/toolchain-mipsel/toolchain-3.4.x/bin/mipsel-linux-uclibc-gcc   -Os -fomit-frame-pointer -pipe  -DEMBED -I/opt/rt-n56u/trunk/stage/include -Dlinux -D__linux__ -Dunix -Wall -Wno-trigraphs -Wno-strict-aliasing -Wno-format-security   -Wno-pointer-sign -ffunction-sections -fdata-sections     -std=c99 -o CMakeFiles/cmTryCompileExec2484434993.dir/feature_tests.c.o   -c /opt/rt-n56u/trunk/libs/libwebsockets/libwebsockets-2.0.3/CMakeFiles/feature_tests.c
Linking C executable cmTryCompileExec2484434993
/usr/bin/cmake -E cmake_link_script CMakeFiles/cmTryCompileExec2484434993.dir/link.txt --verbose=1
/opt/rt-n56u/toolchain-mipsel/toolchain-3.4.x/bin/mipsel-linux-uclibc-gcc  -Os -fomit-frame-pointer -pipe  -DEMBED -I/opt/rt-n56u/trunk/stage/include -Dlinux -D__linux__ -Dunix -Wall -Wno-trigraphs -Wno-strict-aliasing -Wno-format-security   -Wno-pointer-sign -ffunction-sections -fdata-sections     -L/opt/rt-n56u/trunk/stage/lib -Wl,--gc-sections  CMakeFiles/cmTryCompileExec2484434993.dir/feature_tests.c.o  -o cmTryCompileExec2484434993 -rdynamic 
make[5]: Leaving directory '/opt/rt-n56u/trunk/libs/libwebsockets/libwebsockets-2.0.3/CMakeFiles/CMakeTmp'
make[4]: Leaving directory '/opt/rt-n56u/trunk/libs/libwebsockets/libwebsockets-2.0.3/CMakeFiles/CMakeTmp'


    Feature record: 'C_FEATURE:1c_function_prototypes
    Feature record: C_FEATURE:1c_restrict
    Feature record: C_FEATURE:0c_static_assert
    Feature record: C_FEATURE:1c_variadic_macros


Detecting C [-std=c89] compiler features compiled with the following output:
Change Dir: /opt/rt-n56u/trunk/libs/libwebsockets/libwebsockets-2.0.3/CMakeFiles/CMakeTmp

Run Build Command:"/usr/bin/make" "cmTryCompileExec32551546/fast"
make[4]: Entering directory '/opt/rt-n56u/trunk/libs/libwebsockets/libwebsockets-2.0.3/CMakeFiles/CMakeTmp'
/usr/bin/make -f CMakeFiles/cmTryCompileExec32551546.dir/build.make CMakeFiles/cmTryCompileExec32551546.dir/build
make[5]: Entering directory '/opt/rt-n56u/trunk/libs/libwebsockets/libwebsockets-2.0.3/CMakeFiles/CMakeTmp'
/usr/bin/cmake -E cmake_progress_report /opt/rt-n56u/trunk/libs/libwebsockets/libwebsockets-2.0.3/CMakeFiles/CMakeTmp/CMakeFiles 1
Building C object CMakeFiles/cmTryCompileExec32551546.dir/feature_tests.c.o
/opt/rt-n56u/toolchain-mipsel/toolchain-3.4.x/bin/mipsel-linux-uclibc-gcc   -Os -fomit-frame-pointer -pipe  -DEMBED -I/opt/rt-n56u/trunk/stage/include -Dlinux -D__linux__ -Dunix -Wall -Wno-trigraphs -Wno-strict-aliasing -Wno-format-security   -Wno-pointer-sign -ffunction-sections -fdata-sections     -std=c89 -o CMakeFiles/cmTryCompileExec32551546.dir/feature_tests.c.o   -c /opt/rt-n56u/trunk/libs/libwebsockets/libwebsockets-2.0.3/CMakeFiles/feature_tests.c
Linking C executable cmTryCompileExec32551546
/usr/bin/cmake -E cmake_link_script CMakeFiles/cmTryCompileExec32551546.dir/link.txt --verbose=1
/opt/rt-n56u/toolchain-mipsel/toolchain-3.4.x/bin/mipsel-linux-uclibc-gcc  -Os -fomit-frame-pointer -pipe  -DEMBED -I/opt/rt-n56u/trunk/stage/include -Dlinux -D__linux__ -Dunix -Wall -Wno-trigraphs -Wno-strict-aliasing -Wno-format-security   -Wno-pointer-sign -ffunction-sections -fdata-sections     -L/opt/rt-n56u/trunk/stage/lib -Wl,--gc-sections  CMakeFiles/cmTryCompileExec32551546.dir/feature_tests.c.o  -o cmTryCompileExec32551546 -rdynamic 
make[5]: Leaving directory '/opt/rt-n56u/trunk/libs/libwebsockets/libwebsockets-2.0.3/CMakeFiles/CMakeTmp'
make[4]: Leaving directory '/opt/rt-n56u/trunk/libs/libwebsockets/libwebsockets-2.0.3/CMakeFiles/CMakeTmp'


    Feature record: 'C_FEATURE:1c_function_prototypes
    Feature record: C_FEATURE:0c_restrict
    Feature record: C_FEATURE:0c_static_assert
    Feature record: C_FEATURE:0c_variadic_macros
Performing C SOURCE FILE Test LWS_HAVE_inline succeded with the following output:
Change Dir: /opt/rt-n56u/trunk/libs/libwebsockets/libwebsockets-2.0.3/CMakeFiles/CMakeTmp

Run Build Command:"/usr/bin/make" "cmTryCompileExec3660749450/fast"
make[4]: Entering directory '/opt/rt-n56u/trunk/libs/libwebsockets/libwebsockets-2.0.3/CMakeFiles/CMakeTmp'
/usr/bin/make -f CMakeFiles/cmTryCompileExec3660749450.dir/build.make CMakeFiles/cmTryCompileExec3660749450.dir/build
make[5]: Entering directory '/opt/rt-n56u/trunk/libs/libwebsockets/libwebsockets-2.0.3/CMakeFiles/CMakeTmp'
/usr/bin/cmake -E cmake_progress_report /opt/rt-n56u/trunk/libs/libwebsockets/libwebsockets-2.0.3/CMakeFiles/CMakeTmp/CMakeFiles 1
Building C object CMakeFiles/cmTryCompileExec3660749450.dir/src.c.o
/opt/rt-n56u/toolchain-mipsel/toolchain-3.4.x/bin/mipsel-linux-uclibc-gcc  -DKEYWORD=inline -Os -fomit-frame-pointer -pipe  -DEMBED -I/opt/rt-n56u/trunk/stage/include -Dlinux -D__linux__ -Dunix -Wall -Wno-trigraphs -Wno-strict-aliasing -Wno-format-security   -Wno-pointer-sign -ffunction-sections -fdata-sections  -DLWS_HAVE_inline   -o CMakeFiles/cmTryCompileExec3660749450.dir/src.c.o   -c /opt/rt-n56u/trunk/libs/libwebsockets/libwebsockets-2.0.3/CMakeFiles/CMakeTmp/src.c
Linking C executable cmTryCompileExec3660749450
/usr/bin/cmake -E cmake_link_script CMakeFiles/cmTryCompileExec3660749450.dir/link.txt --verbose=1
/opt/rt-n56u/toolchain-mipsel/toolchain-3.4.x/bin/mipsel-linux-uclibc-gcc  -Os -fomit-frame-pointer -pipe  -DEMBED -I/opt/rt-n56u/trunk/stage/include -Dlinux -D__linux__ -Dunix -Wall -Wno-trigraphs -Wno-strict-aliasing -Wno-format-security   -Wno-pointer-sign -ffunction-sections -fdata-sections  -DLWS_HAVE_inline   -L/opt/rt-n56u/trunk/stage/lib -Wl,--gc-sections  CMakeFiles/cmTryCompileExec3660749450.dir/src.c.o  -o cmTryCompileExec3660749450 -rdynamic 
make[5]: Leaving directory '/opt/rt-n56u/trunk/libs/libwebsockets/libwebsockets-2.0.3/CMakeFiles/CMakeTmp'
make[4]: Leaving directory '/opt/rt-n56u/trunk/libs/libwebsockets/libwebsockets-2.0.3/CMakeFiles/CMakeTmp'

Source file was:

		#include <stdio.h>
		static KEYWORD void a() {}
		int main(int argc, char **argv) { a(); return 0; }
		
Performing C SOURCE FILE Test LWS_HAVE___inline__ succeded with the following output:
Change Dir: /opt/rt-n56u/trunk/libs/libwebsockets/libwebsockets-2.0.3/CMakeFiles/CMakeTmp

Run Build Command:"/usr/bin/make" "cmTryCompileExec352959052/fast"
make[4]: Entering directory '/opt/rt-n56u/trunk/libs/libwebsockets/libwebsockets-2.0.3/CMakeFiles/CMakeTmp'
/usr/bin/make -f CMakeFiles/cmTryCompileExec352959052.dir/build.make CMakeFiles/cmTryCompileExec352959052.dir/build
make[5]: Entering directory '/opt/rt-n56u/trunk/libs/libwebsockets/libwebsockets-2.0.3/CMakeFiles/CMakeTmp'
/usr/bin/cmake -E cmake_progress_report /opt/rt-n56u/trunk/libs/libwebsockets/libwebsockets-2.0.3/CMakeFiles/CMakeTmp/CMakeFiles 1
Building C object CMakeFiles/cmTryCompileExec352959052.dir/src.c.o
/opt/rt-n56u/toolchain-mipsel/toolchain-3.4.x/bin/mipsel-linux-uclibc-gcc  -DKEYWORD=__inline__ -Os -fomit-frame-pointer -pipe  -DEMBED -I/opt/rt-n56u/trunk/stage/include -Dlinux -D__linux__ -Dunix -Wall -Wno-trigraphs -Wno-strict-aliasing -Wno-format-security   -Wno-pointer-sign -ffunction-sections -fdata-sections  -DLWS_HAVE___inline__   -o CMakeFiles/cmTryCompileExec352959052.dir/src.c.o   -c /opt/rt-n56u/trunk/libs/libwebsockets/libwebsockets-2.0.3/CMakeFiles/CMakeTmp/src.c
Linking C executable cmTryCompileExec352959052
/usr/bin/cmake -E cmake_link_script CMakeFiles/cmTryCompileExec352959052.dir/link.txt --verbose=1
/opt/rt-n56u/toolchain-mipsel/toolchain-3.4.x/bin/mipsel-linux-uclibc-gcc  -Os -fomit-frame-pointer -pipe  -DEMBED -I/opt/rt-n56u/trunk/stage/include -Dlinux -D__linux__ -Dunix -Wall -Wno-trigraphs -Wno-strict-aliasing -Wno-format-security   -Wno-pointer-sign -ffunction-sections -fdata-sections  -DLWS_HAVE___inline__   -L/opt/rt-n56u/trunk/stage/lib -Wl,--gc-sections  CMakeFiles/cmTryCompileExec352959052.dir/src.c.o  -o cmTryCompileExec352959052 -rdynamic 
make[5]: Leaving directory '/opt/rt-n56u/trunk/libs/libwebsockets/libwebsockets-2.0.3/CMakeFiles/CMakeTmp'
make[4]: Leaving directory '/opt/rt-n56u/trunk/libs/libwebsockets/libwebsockets-2.0.3/CMakeFiles/CMakeTmp'

Source file was:

		#include <stdio.h>
		static KEYWORD void a() {}
		int main(int argc, char **argv) { a(); return 0; }
		
Performing C SOURCE FILE Test LWS_HAVE___inline succeded with the following output:
Change Dir: /opt/rt-n56u/trunk/libs/libwebsockets/libwebsockets-2.0.3/CMakeFiles/CMakeTmp

Run Build Command:"/usr/bin/make" "cmTryCompileExec3748209920/fast"
make[4]: Entering directory '/opt/rt-n56u/trunk/libs/libwebsockets/libwebsockets-2.0.3/CMakeFiles/CMakeTmp'
/usr/bin/make -f CMakeFiles/cmTryCompileExec3748209920.dir/build.make CMakeFiles/cmTryCompileExec3748209920.dir/build
make[5]: Entering directory '/opt/rt-n56u/trunk/libs/libwebsockets/libwebsockets-2.0.3/CMakeFiles/CMakeTmp'
/usr/bin/cmake -E cmake_progress_report /opt/rt-n56u/trunk/libs/libwebsockets/libwebsockets-2.0.3/CMakeFiles/CMakeTmp/CMakeFiles 1
Building C object CMakeFiles/cmTryCompileExec3748209920.dir/src.c.o
/opt/rt-n56u/toolchain-mipsel/toolchain-3.4.x/bin/mipsel-linux-uclibc-gcc  -DKEYWORD=__inline -Os -fomit-frame-pointer -pipe  -DEMBED -I/opt/rt-n56u/trunk/stage/include -Dlinux -D__linux__ -Dunix -Wall -Wno-trigraphs -Wno-strict-aliasing -Wno-format-security   -Wno-pointer-sign -ffunction-sections -fdata-sections  -DLWS_HAVE___inline   -o CMakeFiles/cmTryCompileExec3748209920.dir/src.c.o   -c /opt/rt-n56u/trunk/libs/libwebsockets/libwebsockets-2.0.3/CMakeFiles/CMakeTmp/src.c
Linking C executable cmTryCompileExec3748209920
/usr/bin/cmake -E cmake_link_script CMakeFiles/cmTryCompileExec3748209920.dir/link.txt --verbose=1
/opt/rt-n56u/toolchain-mipsel/toolchain-3.4.x/bin/mipsel-linux-uclibc-gcc  -Os -fomit-frame-pointer -pipe  -DEMBED -I/opt/rt-n56u/trunk/stage/include -Dlinux -D__linux__ -Dunix -Wall -Wno-trigraphs -Wno-strict-aliasing -Wno-format-security   -Wno-pointer-sign -ffunction-sections -fdata-sections  -DLWS_HAVE___inline   -L/opt/rt-n56u/trunk/stage/lib -Wl,--gc-sections  CMakeFiles/cmTryCompileExec3748209920.dir/src.c.o  -o cmTryCompileExec3748209920 -rdynamic 
make[5]: Leaving directory '/opt/rt-n56u/trunk/libs/libwebsockets/libwebsockets-2.0.3/CMakeFiles/CMakeTmp'
make[4]: Leaving directory '/opt/rt-n56u/trunk/libs/libwebsockets/libwebsockets-2.0.3/CMakeFiles/CMakeTmp'

Source file was:

		#include <stdio.h>
		static KEYWORD void a() {}
		int main(int argc, char **argv) { a(); return 0; }
		
Determining if the function bzero exists passed with the following output:
Change Dir: /opt/rt-n56u/trunk/libs/libwebsockets/libwebsockets-2.0.3/CMakeFiles/CMakeTmp

Run Build Command:"/usr/bin/make" "cmTryCompileExec2872649741/fast"
make[4]: Entering directory '/opt/rt-n56u/trunk/libs/libwebsockets/libwebsockets-2.0.3/CMakeFiles/CMakeTmp'
/usr/bin/make -f CMakeFiles/cmTryCompileExec2872649741.dir/build.make CMakeFiles/cmTryCompileExec2872649741.dir/build
make[5]: Entering directory '/opt/rt-n56u/trunk/libs/libwebsockets/libwebsockets-2.0.3/CMakeFiles/CMakeTmp'
/usr/bin/cmake -E cmake_progress_report /opt/rt-n56u/trunk/libs/libwebsockets/libwebsockets-2.0.3/CMakeFiles/CMakeTmp/CMakeFiles 1
Building C object CMakeFiles/cmTryCompileExec2872649741.dir/CheckFunctionExists.c.o
/opt/rt-n56u/toolchain-mipsel/toolchain-3.4.x/bin/mipsel-linux-uclibc-gcc  -DKEYWORD=__inline -Os -fomit-frame-pointer -pipe  -DEMBED -I/opt/rt-n56u/trunk/stage/include -Dlinux -D__linux__ -Dunix -Wall -Wno-trigraphs -Wno-strict-aliasing -Wno-format-security   -Wno-pointer-sign -ffunction-sections -fdata-sections  -DCHECK_FUNCTION_EXISTS=bzero   -o CMakeFiles/cmTryCompileExec2872649741.dir/CheckFunctionExists.c.o   -c /usr/share/cmake-3.2/Modules/CheckFunctionExists.c
/usr/share/cmake-3.2/Modules/CheckFunctionExists.c:3: warning: conflicting types for built-in function 'bzero'
Linking C executable cmTryCompileExec2872649741
/usr/bin/cmake -E cmake_link_script CMakeFiles/cmTryCompileExec2872649741.dir/link.txt --verbose=1
/opt/rt-n56u/toolchain-mipsel/toolchain-3.4.x/bin/mipsel-linux-uclibc-gcc  -Os -fomit-frame-pointer -pipe  -DEMBED -I/opt/rt-n56u/trunk/stage/include -Dlinux -D__linux__ -Dunix -Wall -Wno-trigraphs -Wno-strict-aliasing -Wno-format-security   -Wno-pointer-sign -ffunction-sections -fdata-sections  -DCHECK_FUNCTION_EXISTS=bzero   -L/opt/rt-n56u/trunk/stage/lib -Wl,--gc-sections  CMakeFiles/cmTryCompileExec2872649741.dir/CheckFunctionExists.c.o  -o cmTryCompileExec2872649741 -rdynamic 
make[5]: Leaving directory '/opt/rt-n56u/trunk/libs/libwebsockets/libwebsockets-2.0.3/CMakeFiles/CMakeTmp'
make[4]: Leaving directory '/opt/rt-n56u/trunk/libs/libwebsockets/libwebsockets-2.0.3/CMakeFiles/CMakeTmp'


Determining if the function fork exists passed with the following output:
Change Dir: /opt/rt-n56u/trunk/libs/libwebsockets/libwebsockets-2.0.3/CMakeFiles/CMakeTmp

Run Build Command:"/usr/bin/make" "cmTryCompileExec1164391592/fast"
make[4]: Entering directory '/opt/rt-n56u/trunk/libs/libwebsockets/libwebsockets-2.0.3/CMakeFiles/CMakeTmp'
/usr/bin/make -f CMakeFiles/cmTryCompileExec1164391592.dir/build.make CMakeFiles/cmTryCompileExec1164391592.dir/build
make[5]: Entering directory '/opt/rt-n56u/trunk/libs/libwebsockets/libwebsockets-2.0.3/CMakeFiles/CMakeTmp'
/usr/bin/cmake -E cmake_progress_report /opt/rt-n56u/trunk/libs/libwebsockets/libwebsockets-2.0.3/CMakeFiles/CMakeTmp/CMakeFiles 1
Building C object CMakeFiles/cmTryCompileExec1164391592.dir/CheckFunctionExists.c.o
/opt/rt-n56u/toolchain-mipsel/toolchain-3.4.x/bin/mipsel-linux-uclibc-gcc  -DKEYWORD=__inline -Os -fomit-frame-pointer -pipe  -DEMBED -I/opt/rt-n56u/trunk/stage/include -Dlinux -D__linux__ -Dunix -Wall -Wno-trigraphs -Wno-strict-aliasing -Wno-format-security   -Wno-pointer-sign -ffunction-sections -fdata-sections  -DCHECK_FUNCTION_EXISTS=fork   -o CMakeFiles/cmTryCompileExec1164391592.dir/CheckFunctionExists.c.o   -c /usr/share/cmake-3.2/Modules/CheckFunctionExists.c
/usr/share/cmake-3.2/Modules/CheckFunctionExists.c:3: warning: conflicting types for built-in function 'fork'
Linking C executable cmTryCompileExec1164391592
/usr/bin/cmake -E cmake_link_script CMakeFiles/cmTryCompileExec1164391592.dir/link.txt --verbose=1
/opt/rt-n56u/toolchain-mipsel/toolchain-3.4.x/bin/mipsel-linux-uclibc-gcc  -Os -fomit-frame-pointer -pipe  -DEMBED -I/opt/rt-n56u/trunk/stage/include -Dlinux -D__linux__ -Dunix -Wall -Wno-trigraphs -Wno-strict-aliasing -Wno-format-security   -Wno-pointer-sign -ffunction-sections -fdata-sections  -DCHECK_FUNCTION_EXISTS=fork   -L/opt/rt-n56u/trunk/stage/lib -Wl,--gc-sections  CMakeFiles/cmTryCompileExec1164391592.dir/CheckFunctionExists.c.o  -o cmTryCompileExec1164391592 -rdynamic 
make[5]: Leaving directory '/opt/rt-n56u/trunk/libs/libwebsockets/libwebsockets-2.0.3/CMakeFiles/CMakeTmp'
make[4]: Leaving directory '/opt/rt-n56u/trunk/libs/libwebsockets/libwebsockets-2.0.3/CMakeFiles/CMakeTmp'


Determining if the function getenv exists passed with the following output:
Change Dir: /opt/rt-n56u/trunk/libs/libwebsockets/libwebsockets-2.0.3/CMakeFiles/CMakeTmp

Run Build Command:"/usr/bin/make" "cmTryCompileExec1400301339/fast"
make[4]: Entering directory '/opt/rt-n56u/trunk/libs/libwebsockets/libwebsockets-2.0.3/CMakeFiles/CMakeTmp'
/usr/bin/make -f CMakeFiles/cmTryCompileExec1400301339.dir/build.make CMakeFiles/cmTryCompileExec1400301339.dir/build
make[5]: Entering directory '/opt/rt-n56u/trunk/libs/libwebsockets/libwebsockets-2.0.3/CMakeFiles/CMakeTmp'
/usr/bin/cmake -E cmake_progress_report /opt/rt-n56u/trunk/libs/libwebsockets/libwebsockets-2.0.3/CMakeFiles/CMakeTmp/CMakeFiles 1
Building C object CMakeFiles/cmTryCompileExec1400301339.dir/CheckFunctionExists.c.o
/opt/rt-n56u/toolchain-mipsel/toolchain-3.4.x/bin/mipsel-linux-uclibc-gcc  -DKEYWORD=__inline -Os -fomit-frame-pointer -pipe  -DEMBED -I/opt/rt-n56u/trunk/stage/include -Dlinux -D__linux__ -Dunix -Wall -Wno-trigraphs -Wno-strict-aliasing -Wno-format-security   -Wno-pointer-sign -ffunction-sections -fdata-sections  -DCHECK_FUNCTION_EXISTS=getenv   -o CMakeFiles/cmTryCompileExec1400301339.dir/CheckFunctionExists.c.o   -c /usr/share/cmake-3.2/Modules/CheckFunctionExists.c
Linking C executable cmTryCompileExec1400301339
/usr/bin/cmake -E cmake_link_script CMakeFiles/cmTryCompileExec1400301339.dir/link.txt --verbose=1
/opt/rt-n56u/toolchain-mipsel/toolchain-3.4.x/bin/mipsel-linux-uclibc-gcc  -Os -fomit-frame-pointer -pipe  -DEMBED -I/opt/rt-n56u/trunk/stage/include -Dlinux -D__linux__ -Dunix -Wall -Wno-trigraphs -Wno-strict-aliasing -Wno-format-security   -Wno-pointer-sign -ffunction-sections -fdata-sections  -DCHECK_FUNCTION_EXISTS=getenv   -L/opt/rt-n56u/trunk/stage/lib -Wl,--gc-sections  CMakeFiles/cmTryCompileExec1400301339.dir/CheckFunctionExists.c.o  -o cmTryCompileExec1400301339 -rdynamic 
make[5]: Leaving directory '/opt/rt-n56u/trunk/libs/libwebsockets/libwebsockets-2.0.3/CMakeFiles/CMakeTmp'
make[4]: Leaving directory '/opt/rt-n56u/trunk/libs/libwebsockets/libwebsockets-2.0.3/CMakeFiles/CMakeTmp'


Determining if the function malloc exists passed with the following output:
Change Dir: /opt/rt-n56u/trunk/libs/libwebsockets/libwebsockets-2.0.3/CMakeFiles/CMakeTmp

Run Build Command:"/usr/bin/make" "cmTryCompileExec1384081911/fast"
make[4]: Entering directory '/opt/rt-n56u/trunk/libs/libwebsockets/libwebsockets-2.0.3/CMakeFiles/CMakeTmp'
/usr/bin/make -f CMakeFiles/cmTryCompileExec1384081911.dir/build.make CMakeFiles/cmTryCompileExec1384081911.dir/build
make[5]: Entering directory '/opt/rt-n56u/trunk/libs/libwebsockets/libwebsockets-2.0.3/CMakeFiles/CMakeTmp'
/usr/bin/cmake -E cmake_progress_report /opt/rt-n56u/trunk/libs/libwebsockets/libwebsockets-2.0.3/CMakeFiles/CMakeTmp/CMakeFiles 1
Building C object CMakeFiles/cmTryCompileExec1384081911.dir/CheckFunctionExists.c.o
/opt/rt-n56u/toolchain-mipsel/toolchain-3.4.x/bin/mipsel-linux-uclibc-gcc  -DKEYWORD=__inline -Os -fomit-frame-pointer -pipe  -DEMBED -I/opt/rt-n56u/trunk/stage/include -Dlinux -D__linux__ -Dunix -Wall -Wno-trigraphs -Wno-strict-aliasing -Wno-format-security   -Wno-pointer-sign -ffunction-sections -fdata-sections  -DCHECK_FUNCTION_EXISTS=malloc   -o CMakeFiles/cmTryCompileExec1384081911.dir/CheckFunctionExists.c.o   -c /usr/share/cmake-3.2/Modules/CheckFunctionExists.c
/usr/share/cmake-3.2/Modules/CheckFunctionExists.c:3: warning: conflicting types for built-in function 'malloc'
Linking C executable cmTryCompileExec1384081911
/usr/bin/cmake -E cmake_link_script CMakeFiles/cmTryCompileExec1384081911.dir/link.txt --verbose=1
/opt/rt-n56u/toolchain-mipsel/toolchain-3.4.x/bin/mipsel-linux-uclibc-gcc  -Os -fomit-frame-pointer -pipe  -DEMBED -I/opt/rt-n56u/trunk/stage/include -Dlinux -D__linux__ -Dunix -Wall -Wno-trigraphs -Wno-strict-aliasing -Wno-format-security   -Wno-pointer-sign -ffunction-sections -fdata-sections  -DCHECK_FUNCTION_EXISTS=malloc   -L/opt/rt-n56u/trunk/stage/lib -Wl,--gc-sections  CMakeFiles/cmTryCompileExec1384081911.dir/CheckFunctionExists.c.o  -o cmTryCompileExec1384081911 -rdynamic 
make[5]: Leaving directory '/opt/rt-n56u/trunk/libs/libwebsockets/libwebsockets-2.0.3/CMakeFiles/CMakeTmp'
make[4]: Leaving directory '/opt/rt-n56u/trunk/libs/libwebsockets/libwebsockets-2.0.3/CMakeFiles/CMakeTmp'


Determining if the function memset exists passed with the following output:
Change Dir: /opt/rt-n56u/trunk/libs/libwebsockets/libwebsockets-2.0.3/CMakeFiles/CMakeTmp

Run Build Command:"/usr/bin/make" "cmTryCompileExec403868880/fast"
make[4]: Entering directory '/opt/rt-n56u/trunk/libs/libwebsockets/libwebsockets-2.0.3/CMakeFiles/CMakeTmp'
/usr/bin/make -f CMakeFiles/cmTryCompileExec403868880.dir/build.make CMakeFiles/cmTryCompileExec403868880.dir/build
make[5]: Entering directory '/opt/rt-n56u/trunk/libs/libwebsockets/libwebsockets-2.0.3/CMakeFiles/CMakeTmp'
/usr/bin/cmake -E cmake_progress_report /opt/rt-n56u/trunk/libs/libwebsockets/libwebsockets-2.0.3/CMakeFiles/CMakeTmp/CMakeFiles 1
Building C object CMakeFiles/cmTryCompileExec403868880.dir/CheckFunctionExists.c.o
/opt/rt-n56u/toolchain-mipsel/toolchain-3.4.x/bin/mipsel-linux-uclibc-gcc  -DKEYWORD=__inline -Os -fomit-frame-pointer -pipe  -DEMBED -I/opt/rt-n56u/trunk/stage/include -Dlinux -D__linux__ -Dunix -Wall -Wno-trigraphs -Wno-strict-aliasing -Wno-format-security   -Wno-pointer-sign -ffunction-sections -fdata-sections  -DCHECK_FUNCTION_EXISTS=memset   -o CMakeFiles/cmTryCompileExec403868880.dir/CheckFunctionExists.c.o   -c /usr/share/cmake-3.2/Modules/CheckFunctionExists.c
/usr/share/cmake-3.2/Modules/CheckFunctionExists.c:3: warning: conflicting types for built-in function 'memset'
Linking C executable cmTryCompileExec403868880
/usr/bin/cmake -E cmake_link_script CMakeFiles/cmTryCompileExec403868880.dir/link.txt --verbose=1
/opt/rt-n56u/toolchain-mipsel/toolchain-3.4.x/bin/mipsel-linux-uclibc-gcc  -Os -fomit-frame-pointer -pipe  -DEMBED -I/opt/rt-n56u/trunk/stage/include -Dlinux -D__linux__ -Dunix -Wall -Wno-trigraphs -Wno-strict-aliasing -Wno-format-security   -Wno-pointer-sign -ffunction-sections -fdata-sections  -DCHECK_FUNCTION_EXISTS=memset   -L/opt/rt-n56u/trunk/stage/lib -Wl,--gc-sections  CMakeFiles/cmTryCompileExec403868880.dir/CheckFunctionExists.c.o  -o cmTryCompileExec403868880 -rdynamic 
make[5]: Leaving directory '/opt/rt-n56u/trunk/libs/libwebsockets/libwebsockets-2.0.3/CMakeFiles/CMakeTmp'
make[4]: Leaving directory '/opt/rt-n56u/trunk/libs/libwebsockets/libwebsockets-2.0.3/CMakeFiles/CMakeTmp'


Determining if the function realloc exists passed with the following output:
Change Dir: /opt/rt-n56u/trunk/libs/libwebsockets/libwebsockets-2.0.3/CMakeFiles/CMakeTmp

Run Build Command:"/usr/bin/make" "cmTryCompileExec3966946622/fast"
make[4]: Entering directory '/opt/rt-n56u/trunk/libs/libwebsockets/libwebsockets-2.0.3/CMakeFiles/CMakeTmp'
/usr/bin/make -f CMakeFiles/cmTryCompileExec3966946622.dir/build.make CMakeFiles/cmTryCompileExec3966946622.dir/build
make[5]: Entering directory '/opt/rt-n56u/trunk/libs/libwebsockets/libwebsockets-2.0.3/CMakeFiles/CMakeTmp'
/usr/bin/cmake -E cmake_progress_report /opt/rt-n56u/trunk/libs/libwebsockets/libwebsockets-2.0.3/CMakeFiles/CMakeTmp/CMakeFiles 1
Building C object CMakeFiles/cmTryCompileExec3966946622.dir/CheckFunctionExists.c.o
/opt/rt-n56u/toolchain-mipsel/toolchain-3.4.x/bin/mipsel-linux-uclibc-gcc  -DKEYWORD=__inline -Os -fomit-frame-pointer -pipe  -DEMBED -I/opt/rt-n56u/trunk/stage/include -Dlinux -D__linux__ -Dunix -Wall -Wno-trigraphs -Wno-strict-aliasing -Wno-format-security   -Wno-pointer-sign -ffunction-sections -fdata-sections  -DCHECK_FUNCTION_EXISTS=realloc   -o CMakeFiles/cmTryCompileExec3966946622.dir/CheckFunctionExists.c.o   -c /usr/share/cmake-3.2/Modules/CheckFunctionExists.c
/usr/share/cmake-3.2/Modules/CheckFunctionExists.c:3: warning: conflicting types for built-in function 'realloc'
Linking C executable cmTryCompileExec3966946622
/usr/bin/cmake -E cmake_link_script CMakeFiles/cmTryCompileExec3966946622.dir/link.txt --verbose=1
/opt/rt-n56u/toolchain-mipsel/toolchain-3.4.x/bin/mipsel-linux-uclibc-gcc  -Os -fomit-frame-pointer -pipe  -DEMBED -I/opt/rt-n56u/trunk/stage/include -Dlinux -D__linux__ -Dunix -Wall -Wno-trigraphs -Wno-strict-aliasing -Wno-format-security   -Wno-pointer-sign -ffunction-sections -fdata-sections  -DCHECK_FUNCTION_EXISTS=realloc   -L/opt/rt-n56u/trunk/stage/lib -Wl,--gc-sections  CMakeFiles/cmTryCompileExec3966946622.dir/CheckFunctionExists.c.o  -o cmTryCompileExec3966946622 -rdynamic 
make[5]: Leaving directory '/opt/rt-n56u/trunk/libs/libwebsockets/libwebsockets-2.0.3/CMakeFiles/CMakeTmp'
make[4]: Leaving directory '/opt/rt-n56u/trunk/libs/libwebsockets/libwebsockets-2.0.3/CMakeFiles/CMakeTmp'


Determining if the function socket exists passed with the following output:
Change Dir: /opt/rt-n56u/trunk/libs/libwebsockets/libwebsockets-2.0.3/CMakeFiles/CMakeTmp

Run Build Command:"/usr/bin/make" "cmTryCompileExec4035896211/fast"
make[4]: Entering directory '/opt/rt-n56u/trunk/libs/libwebsockets/libwebsockets-2.0.3/CMakeFiles/CMakeTmp'
/usr/bin/make -f CMakeFiles/cmTryCompileExec4035896211.dir/build.make CMakeFiles/cmTryCompileExec4035896211.dir/build
make[5]: Entering directory '/opt/rt-n56u/trunk/libs/libwebsockets/libwebsockets-2.0.3/CMakeFiles/CMakeTmp'
/usr/bin/cmake -E cmake_progress_report /opt/rt-n56u/trunk/libs/libwebsockets/libwebsockets-2.0.3/CMakeFiles/CMakeTmp/CMakeFiles 1
Building C object CMakeFiles/cmTryCompileExec4035896211.dir/CheckFunctionExists.c.o
/opt/rt-n56u/toolchain-mipsel/toolchain-3.4.x/bin/mipsel-linux-uclibc-gcc  -DKEYWORD=__inline -Os -fomit-frame-pointer -pipe  -DEMBED -I/opt/rt-n56u/trunk/stage/include -Dlinux -D__linux__ -Dunix -Wall -Wno-trigraphs -Wno-strict-aliasing -Wno-format-security   -Wno-pointer-sign -ffunction-sections -fdata-sections  -DCHECK_FUNCTION_EXISTS=socket   -o CMakeFiles/cmTryCompileExec4035896211.dir/CheckFunctionExists.c.o   -c /usr/share/cmake-3.2/Modules/CheckFunctionExists.c
Linking C executable cmTryCompileExec4035896211
/usr/bin/cmake -E cmake_link_script CMakeFiles/cmTryCompileExec4035896211.dir/link.txt --verbose=1
/opt/rt-n56u/toolchain-mipsel/toolchain-3.4.x/bin/mipsel-linux-uclibc-gcc  -Os -fomit-frame-pointer -pipe  -DEMBED -I/opt/rt-n56u/trunk/stage/include -Dlinux -D__linux__ -Dunix -Wall -Wno-trigraphs -Wno-strict-aliasing -Wno-format-security   -Wno-pointer-sign -ffunction-sections -fdata-sections  -DCHECK_FUNCTION_EXISTS=socket   -L/opt/rt-n56u/trunk/stage/lib -Wl,--gc-sections  CMakeFiles/cmTryCompileExec4035896211.dir/CheckFunctionExists.c.o  -o cmTryCompileExec4035896211 -rdynamic 
make[5]: Leaving directory '/opt/rt-n56u/trunk/libs/libwebsockets/libwebsockets-2.0.3/CMakeFiles/CMakeTmp'
make[4]: Leaving directory '/opt/rt-n56u/trunk/libs/libwebsockets/libwebsockets-2.0.3/CMakeFiles/CMakeTmp'


Determining if the function strerror exists passed with the following output:
Change Dir: /opt/rt-n56u/trunk/libs/libwebsockets/libwebsockets-2.0.3/CMakeFiles/CMakeTmp

Run Build Command:"/usr/bin/make" "cmTryCompileExec3285958887/fast"
make[4]: Entering directory '/opt/rt-n56u/trunk/libs/libwebsockets/libwebsockets-2.0.3/CMakeFiles/CMakeTmp'
/usr/bin/make -f CMakeFiles/cmTryCompileExec3285958887.dir/build.make CMakeFiles/cmTryCompileExec3285958887.dir/build
make[5]: Entering directory '/opt/rt-n56u/trunk/libs/libwebsockets/libwebsockets-2.0.3/CMakeFiles/CMakeTmp'
/usr/bin/cmake -E cmake_progress_report /opt/rt-n56u/trunk/libs/libwebsockets/libwebsockets-2.0.3/CMakeFiles/CMakeTmp/CMakeFiles 1
Building C object CMakeFiles/cmTryCompileExec3285958887.dir/CheckFunctionExists.c.o
/opt/rt-n56u/toolchain-mipsel/toolchain-3.4.x/bin/mipsel-linux-uclibc-gcc  -DKEYWORD=__inline -Os -fomit-frame-pointer -pipe  -DEMBED -I/opt/rt-n56u/trunk/stage/include -Dlinux -D__linux__ -Dunix -Wall -Wno-trigraphs -Wno-strict-aliasing -Wno-format-security   -Wno-pointer-sign -ffunction-sections -fdata-sections  -DCHECK_FUNCTION_EXISTS=strerror   -o CMakeFiles/cmTryCompileExec3285958887.dir/CheckFunctionExists.c.o   -c /usr/share/cmake-3.2/Modules/CheckFunctionExists.c
Linking C executable cmTryCompileExec3285958887
/usr/bin/cmake -E cmake_link_script CMakeFiles/cmTryCompileExec3285958887.dir/link.txt --verbose=1
/opt/rt-n56u/toolchain-mipsel/toolchain-3.4.x/bin/mipsel-linux-uclibc-gcc  -Os -fomit-frame-pointer -pipe  -DEMBED -I/opt/rt-n56u/trunk/stage/include -Dlinux -D__linux__ -Dunix -Wall -Wno-trigraphs -Wno-strict-aliasing -Wno-format-security   -Wno-pointer-sign -ffunction-sections -fdata-sections  -DCHECK_FUNCTION_EXISTS=strerror   -L/opt/rt-n56u/trunk/stage/lib -Wl,--gc-sections  CMakeFiles/cmTryCompileExec3285958887.dir/CheckFunctionExists.c.o  -o cmTryCompileExec3285958887 -rdynamic 
make[5]: Leaving directory '/opt/rt-n56u/trunk/libs/libwebsockets/libwebsockets-2.0.3/CMakeFiles/CMakeTmp'
make[4]: Leaving directory '/opt/rt-n56u/trunk/libs/libwebsockets/libwebsockets-2.0.3/CMakeFiles/CMakeTmp'


Determining if the function vfork exists passed with the following output:
Change Dir: /opt/rt-n56u/trunk/libs/libwebsockets/libwebsockets-2.0.3/CMakeFiles/CMakeTmp

Run Build Command:"/usr/bin/make" "cmTryCompileExec233382630/fast"
make[4]: Entering directory '/opt/rt-n56u/trunk/libs/libwebsockets/libwebsockets-2.0.3/CMakeFiles/CMakeTmp'
/usr/bin/make -f CMakeFiles/cmTryCompileExec233382630.dir/build.make CMakeFiles/cmTryCompileExec233382630.dir/build
make[5]: Entering directory '/opt/rt-n56u/trunk/libs/libwebsockets/libwebsockets-2.0.3/CMakeFiles/CMakeTmp'
/usr/bin/cmake -E cmake_progress_report /opt/rt-n56u/trunk/libs/libwebsockets/libwebsockets-2.0.3/CMakeFiles/CMakeTmp/CMakeFiles 1
Building C object CMakeFiles/cmTryCompileExec233382630.dir/CheckFunctionExists.c.o
/opt/rt-n56u/toolchain-mipsel/toolchain-3.4.x/bin/mipsel-linux-uclibc-gcc  -DKEYWORD=__inline -Os -fomit-frame-pointer -pipe  -DEMBED -I/opt/rt-n56u/trunk/stage/include -Dlinux -D__linux__ -Dunix -Wall -Wno-trigraphs -Wno-strict-aliasing -Wno-format-security   -Wno-pointer-sign -ffunction-sections -fdata-sections  -DCHECK_FUNCTION_EXISTS=vfork   -o CMakeFiles/cmTryCompileExec233382630.dir/CheckFunctionExists.c.o   -c /usr/share/cmake-3.2/Modules/CheckFunctionExists.c
Linking C executable cmTryCompileExec233382630
/usr/bin/cmake -E cmake_link_script CMakeFiles/cmTryCompileExec233382630.dir/link.txt --verbose=1
/opt/rt-n56u/toolchain-mipsel/toolchain-3.4.x/bin/mipsel-linux-uclibc-gcc  -Os -fomit-frame-pointer -pipe  -DEMBED -I/opt/rt-n56u/trunk/stage/include -Dlinux -D__linux__ -Dunix -Wall -Wno-trigraphs -Wno-strict-aliasing -Wno-format-security   -Wno-pointer-sign -ffunction-sections -fdata-sections  -DCHECK_FUNCTION_EXISTS=vfork   -L/opt/rt-n56u/trunk/stage/lib -Wl,--gc-sections  CMakeFiles/cmTryCompileExec233382630.dir/CheckFunctionExists.c.o  -o cmTryCompileExec233382630 -rdynamic 
make[5]: Leaving directory '/opt/rt-n56u/trunk/libs/libwebsockets/libwebsockets-2.0.3/CMakeFiles/CMakeTmp'
make[4]: Leaving directory '/opt/rt-n56u/trunk/libs/libwebsockets/libwebsockets-2.0.3/CMakeFiles/CMakeTmp'


Determining if the function getifaddrs exists passed with the following output:
Change Dir: /opt/rt-n56u/trunk/libs/libwebsockets/libwebsockets-2.0.3/CMakeFiles/CMakeTmp

Run Build Command:"/usr/bin/make" "cmTryCompileExec2646663933/fast"
make[4]: Entering directory '/opt/rt-n56u/trunk/libs/libwebsockets/libwebsockets-2.0.3/CMakeFiles/CMakeTmp'
/usr/bin/make -f CMakeFiles/cmTryCompileExec2646663933.dir/build.make CMakeFiles/cmTryCompileExec2646663933.dir/build
make[5]: Entering directory '/opt/rt-n56u/trunk/libs/libwebsockets/libwebsockets-2.0.3/CMakeFiles/CMakeTmp'
/usr/bin/cmake -E cmake_progress_report /opt/rt-n56u/trunk/libs/libwebsockets/libwebsockets-2.0.3/CMakeFiles/CMakeTmp/CMakeFiles 1
Building C object CMakeFiles/cmTryCompileExec2646663933.dir/CheckFunctionExists.c.o
/opt/rt-n56u/toolchain-mipsel/toolchain-3.4.x/bin/mipsel-linux-uclibc-gcc  -DKEYWORD=__inline -Os -fomit-frame-pointer -pipe  -DEMBED -I/opt/rt-n56u/trunk/stage/include -Dlinux -D__linux__ -Dunix -Wall -Wno-trigraphs -Wno-strict-aliasing -Wno-format-security   -Wno-pointer-sign -ffunction-sections -fdata-sections  -DCHECK_FUNCTION_EXISTS=getifaddrs   -o CMakeFiles/cmTryCompileExec2646663933.dir/CheckFunctionExists.c.o   -c /usr/share/cmake-3.2/Modules/CheckFunctionExists.c
Linking C executable cmTryCompileExec2646663933
/usr/bin/cmake -E cmake_link_script CMakeFiles/cmTryCompileExec2646663933.dir/link.txt --verbose=1
/opt/rt-n56u/toolchain-mipsel/toolchain-3.4.x/bin/mipsel-linux-uclibc-gcc  -Os -fomit-frame-pointer -pipe  -DEMBED -I/opt/rt-n56u/trunk/stage/include -Dlinux -D__linux__ -Dunix -Wall -Wno-trigraphs -Wno-strict-aliasing -Wno-format-security   -Wno-pointer-sign -ffunction-sections -fdata-sections  -DCHECK_FUNCTION_EXISTS=getifaddrs   -L/opt/rt-n56u/trunk/stage/lib -Wl,--gc-sections  CMakeFiles/cmTryCompileExec2646663933.dir/CheckFunctionExists.c.o  -o cmTryCompileExec2646663933 -rdynamic 
make[5]: Leaving directory '/opt/rt-n56u/trunk/libs/libwebsockets/libwebsockets-2.0.3/CMakeFiles/CMakeTmp'
make[4]: Leaving directory '/opt/rt-n56u/trunk/libs/libwebsockets/libwebsockets-2.0.3/CMakeFiles/CMakeTmp'


Determining if the function snprintf exists passed with the following output:
Change Dir: /opt/rt-n56u/trunk/libs/libwebsockets/libwebsockets-2.0.3/CMakeFiles/CMakeTmp

Run Build Command:"/usr/bin/make" "cmTryCompileExec879202324/fast"
make[4]: Entering directory '/opt/rt-n56u/trunk/libs/libwebsockets/libwebsockets-2.0.3/CMakeFiles/CMakeTmp'
/usr/bin/make -f CMakeFiles/cmTryCompileExec879202324.dir/build.make CMakeFiles/cmTryCompileExec879202324.dir/build
make[5]: Entering directory '/opt/rt-n56u/trunk/libs/libwebsockets/libwebsockets-2.0.3/CMakeFiles/CMakeTmp'
/usr/bin/cmake -E cmake_progress_report /opt/rt-n56u/trunk/libs/libwebsockets/libwebsockets-2.0.3/CMakeFiles/CMakeTmp/CMakeFiles 1
Building C object CMakeFiles/cmTryCompileExec879202324.dir/CheckFunctionExists.c.o
/opt/rt-n56u/toolchain-mipsel/toolchain-3.4.x/bin/mipsel-linux-uclibc-gcc  -DKEYWORD=__inline -Os -fomit-frame-pointer -pipe  -DEMBED -I/opt/rt-n56u/trunk/stage/include -Dlinux -D__linux__ -Dunix -Wall -Wno-trigraphs -Wno-strict-aliasing -Wno-format-security   -Wno-pointer-sign -ffunction-sections -fdata-sections  -DCHECK_FUNCTION_EXISTS=snprintf   -o CMakeFiles/cmTryCompileExec879202324.dir/CheckFunctionExists.c.o   -c /usr/share/cmake-3.2/Modules/CheckFunctionExists.c
/usr/share/cmake-3.2/Modules/CheckFunctionExists.c:3: warning: conflicting types for built-in function 'snprintf'
Linking C executable cmTryCompileExec879202324
/usr/bin/cmake -E cmake_link_script CMakeFiles/cmTryCompileExec879202324.dir/link.txt --verbose=1
/opt/rt-n56u/toolchain-mipsel/toolchain-3.4.x/bin/mipsel-linux-uclibc-gcc  -Os -fomit-frame-pointer -pipe  -DEMBED -I/opt/rt-n56u/trunk/stage/include -Dlinux -D__linux__ -Dunix -Wall -Wno-trigraphs -Wno-strict-aliasing -Wno-format-security   -Wno-pointer-sign -ffunction-sections -fdata-sections  -DCHECK_FUNCTION_EXISTS=snprintf   -L/opt/rt-n56u/trunk/stage/lib -Wl,--gc-sections  CMakeFiles/cmTryCompileExec879202324.dir/CheckFunctionExists.c.o  -o cmTryCompileExec879202324 -rdynamic 
make[5]: Leaving directory '/opt/rt-n56u/trunk/libs/libwebsockets/libwebsockets-2.0.3/CMakeFiles/CMakeTmp'
make[4]: Leaving directory '/opt/rt-n56u/trunk/libs/libwebsockets/libwebsockets-2.0.3/CMakeFiles/CMakeTmp'


Determining if the include file dlfcn.h exists passed with the following output:
Change Dir: /opt/rt-n56u/trunk/libs/libwebsockets/libwebsockets-2.0.3/CMakeFiles/CMakeTmp

Run Build Command:"/usr/bin/make" "cmTryCompileExec936443604/fast"
make[4]: Entering directory '/opt/rt-n56u/trunk/libs/libwebsockets/libwebsockets-2.0.3/CMakeFiles/CMakeTmp'
/usr/bin/make -f CMakeFiles/cmTryCompileExec936443604.dir/build.make CMakeFiles/cmTryCompileExec936443604.dir/build
make[5]: Entering directory '/opt/rt-n56u/trunk/libs/libwebsockets/libwebsockets-2.0.3/CMakeFiles/CMakeTmp'
/usr/bin/cmake -E cmake_progress_report /opt/rt-n56u/trunk/libs/libwebsockets/libwebsockets-2.0.3/CMakeFiles/CMakeTmp/CMakeFiles 1
Building C object CMakeFiles/cmTryCompileExec936443604.dir/CheckIncludeFile.c.o
/opt/rt-n56u/toolchain-mipsel/toolchain-3.4.x/bin/mipsel-linux-uclibc-gcc  -DKEYWORD=__inline -Os -fomit-frame-pointer -pipe  -DEMBED -I/opt/rt-n56u/trunk/stage/include -Dlinux -D__linux__ -Dunix -Wall -Wno-trigraphs -Wno-strict-aliasing -Wno-format-security   -Wno-pointer-sign -ffunction-sections -fdata-sections     -o CMakeFiles/cmTryCompileExec936443604.dir/CheckIncludeFile.c.o   -c /opt/rt-n56u/trunk/libs/libwebsockets/libwebsockets-2.0.3/CMakeFiles/CMakeTmp/CheckIncludeFile.c
Linking C executable cmTryCompileExec936443604
/usr/bin/cmake -E cmake_link_script CMakeFiles/cmTryCompileExec936443604.dir/link.txt --verbose=1
/opt/rt-n56u/toolchain-mipsel/toolchain-3.4.x/bin/mipsel-linux-uclibc-gcc  -Os -fomit-frame-pointer -pipe  -DEMBED -I/opt/rt-n56u/trunk/stage/include -Dlinux -D__linux__ -Dunix -Wall -Wno-trigraphs -Wno-strict-aliasing -Wno-format-security   -Wno-pointer-sign -ffunction-sections -fdata-sections     -L/opt/rt-n56u/trunk/stage/lib -Wl,--gc-sections  CMakeFiles/cmTryCompileExec936443604.dir/CheckIncludeFile.c.o  -o cmTryCompileExec936443604 -rdynamic 
make[5]: Leaving directory '/opt/rt-n56u/trunk/libs/libwebsockets/libwebsockets-2.0.3/CMakeFiles/CMakeTmp'
make[4]: Leaving directory '/opt/rt-n56u/trunk/libs/libwebsockets/libwebsockets-2.0.3/CMakeFiles/CMakeTmp'


Determining if the include file fcntl.h exists passed with the following output:
Change Dir: /opt/rt-n56u/trunk/libs/libwebsockets/libwebsockets-2.0.3/CMakeFiles/CMakeTmp

Run Build Command:"/usr/bin/make" "cmTryCompileExec3635264286/fast"
make[4]: Entering directory '/opt/rt-n56u/trunk/libs/libwebsockets/libwebsockets-2.0.3/CMakeFiles/CMakeTmp'
/usr/bin/make -f CMakeFiles/cmTryCompileExec3635264286.dir/build.make CMakeFiles/cmTryCompileExec3635264286.dir/build
make[5]: Entering directory '/opt/rt-n56u/trunk/libs/libwebsockets/libwebsockets-2.0.3/CMakeFiles/CMakeTmp'
/usr/bin/cmake -E cmake_progress_report /opt/rt-n56u/trunk/libs/libwebsockets/libwebsockets-2.0.3/CMakeFiles/CMakeTmp/CMakeFiles 1
Building C object CMakeFiles/cmTryCompileExec3635264286.dir/CheckIncludeFile.c.o
/opt/rt-n56u/toolchain-mipsel/toolchain-3.4.x/bin/mipsel-linux-uclibc-gcc  -DKEYWORD=__inline -Os -fomit-frame-pointer -pipe  -DEMBED -I/opt/rt-n56u/trunk/stage/include -Dlinux -D__linux__ -Dunix -Wall -Wno-trigraphs -Wno-strict-aliasing -Wno-format-security   -Wno-pointer-sign -ffunction-sections -fdata-sections     -o CMakeFiles/cmTryCompileExec3635264286.dir/CheckIncludeFile.c.o   -c /opt/rt-n56u/trunk/libs/libwebsockets/libwebsockets-2.0.3/CMakeFiles/CMakeTmp/CheckIncludeFile.c
Linking C executable cmTryCompileExec3635264286
/usr/bin/cmake -E cmake_link_script CMakeFiles/cmTryCompileExec3635264286.dir/link.txt --verbose=1
/opt/rt-n56u/toolchain-mipsel/toolchain-3.4.x/bin/mipsel-linux-uclibc-gcc  -Os -fomit-frame-pointer -pipe  -DEMBED -I/opt/rt-n56u/trunk/stage/include -Dlinux -D__linux__ -Dunix -Wall -Wno-trigraphs -Wno-strict-aliasing -Wno-format-security   -Wno-pointer-sign -ffunction-sections -fdata-sections     -L/opt/rt-n56u/trunk/stage/lib -Wl,--gc-sections  CMakeFiles/cmTryCompileExec3635264286.dir/CheckIncludeFile.c.o  -o cmTryCompileExec3635264286 -rdynamic 
make[5]: Leaving directory '/opt/rt-n56u/trunk/libs/libwebsockets/libwebsockets-2.0.3/CMakeFiles/CMakeTmp'
make[4]: Leaving directory '/opt/rt-n56u/trunk/libs/libwebsockets/libwebsockets-2.0.3/CMakeFiles/CMakeTmp'


Determining if the include file inttypes.h exists passed with the following output:
Change Dir: /opt/rt-n56u/trunk/libs/libwebsockets/libwebsockets-2.0.3/CMakeFiles/CMakeTmp

Run Build Command:"/usr/bin/make" "cmTryCompileExec2923121182/fast"
make[4]: Entering directory '/opt/rt-n56u/trunk/libs/libwebsockets/libwebsockets-2.0.3/CMakeFiles/CMakeTmp'
/usr/bin/make -f CMakeFiles/cmTryCompileExec2923121182.dir/build.make CMakeFiles/cmTryCompileExec2923121182.dir/build
make[5]: Entering directory '/opt/rt-n56u/trunk/libs/libwebsockets/libwebsockets-2.0.3/CMakeFiles/CMakeTmp'
/usr/bin/cmake -E cmake_progress_report /opt/rt-n56u/trunk/libs/libwebsockets/libwebsockets-2.0.3/CMakeFiles/CMakeTmp/CMakeFiles 1
Building C object CMakeFiles/cmTryCompileExec2923121182.dir/CheckIncludeFile.c.o
/opt/rt-n56u/toolchain-mipsel/toolchain-3.4.x/bin/mipsel-linux-uclibc-gcc  -DKEYWORD=__inline -Os -fomit-frame-pointer -pipe  -DEMBED -I/opt/rt-n56u/trunk/stage/include -Dlinux -D__linux__ -Dunix -Wall -Wno-trigraphs -Wno-strict-aliasing -Wno-format-security   -Wno-pointer-sign -ffunction-sections -fdata-sections     -o CMakeFiles/cmTryCompileExec2923121182.dir/CheckIncludeFile.c.o   -c /opt/rt-n56u/trunk/libs/libwebsockets/libwebsockets-2.0.3/CMakeFiles/CMakeTmp/CheckIncludeFile.c
Linking C executable cmTryCompileExec2923121182
/usr/bin/cmake -E cmake_link_script CMakeFiles/cmTryCompileExec2923121182.dir/link.txt --verbose=1
/opt/rt-n56u/toolchain-mipsel/toolchain-3.4.x/bin/mipsel-linux-uclibc-gcc  -Os -fomit-frame-pointer -pipe  -DEMBED -I/opt/rt-n56u/trunk/stage/include -Dlinux -D__linux__ -Dunix -Wall -Wno-trigraphs -Wno-strict-aliasing -Wno-format-security   -Wno-pointer-sign -ffunction-sections -fdata-sections     -L/opt/rt-n56u/trunk/stage/lib -Wl,--gc-sections  CMakeFiles/cmTryCompileExec2923121182.dir/CheckIncludeFile.c.o  -o cmTryCompileExec2923121182 -rdynamic 
make[5]: Leaving directory '/opt/rt-n56u/trunk/libs/libwebsockets/libwebsockets-2.0.3/CMakeFiles/CMakeTmp'
make[4]: Leaving directory '/opt/rt-n56u/trunk/libs/libwebsockets/libwebsockets-2.0.3/CMakeFiles/CMakeTmp'


Determining if the include file memory.h exists passed with the following output:
Change Dir: /opt/rt-n56u/trunk/libs/libwebsockets/libwebsockets-2.0.3/CMakeFiles/CMakeTmp

Run Build Command:"/usr/bin/make" "cmTryCompileExec2305175059/fast"
make[4]: Entering directory '/opt/rt-n56u/trunk/libs/libwebsockets/libwebsockets-2.0.3/CMakeFiles/CMakeTmp'
/usr/bin/make -f CMakeFiles/cmTryCompileExec2305175059.dir/build.make CMakeFiles/cmTryCompileExec2305175059.dir/build
make[5]: Entering directory '/opt/rt-n56u/trunk/libs/libwebsockets/libwebsockets-2.0.3/CMakeFiles/CMakeTmp'
/usr/bin/cmake -E cmake_progress_report /opt/rt-n56u/trunk/libs/libwebsockets/libwebsockets-2.0.3/CMakeFiles/CMakeTmp/CMakeFiles 1
Building C object CMakeFiles/cmTryCompileExec2305175059.dir/CheckIncludeFile.c.o
/opt/rt-n56u/toolchain-mipsel/toolchain-3.4.x/bin/mipsel-linux-uclibc-gcc  -DKEYWORD=__inline -Os -fomit-frame-pointer -pipe  -DEMBED -I/opt/rt-n56u/trunk/stage/include -Dlinux -D__linux__ -Dunix -Wall -Wno-trigraphs -Wno-strict-aliasing -Wno-format-security   -Wno-pointer-sign -ffunction-sections -fdata-sections     -o CMakeFiles/cmTryCompileExec2305175059.dir/CheckIncludeFile.c.o   -c /opt/rt-n56u/trunk/libs/libwebsockets/libwebsockets-2.0.3/CMakeFiles/CMakeTmp/CheckIncludeFile.c
Linking C executable cmTryCompileExec2305175059
/usr/bin/cmake -E cmake_link_script CMakeFiles/cmTryCompileExec2305175059.dir/link.txt --verbose=1
/opt/rt-n56u/toolchain-mipsel/toolchain-3.4.x/bin/mipsel-linux-uclibc-gcc  -Os -fomit-frame-pointer -pipe  -DEMBED -I/opt/rt-n56u/trunk/stage/include -Dlinux -D__linux__ -Dunix -Wall -Wno-trigraphs -Wno-strict-aliasing -Wno-format-security   -Wno-pointer-sign -ffunction-sections -fdata-sections     -L/opt/rt-n56u/trunk/stage/lib -Wl,--gc-sections  CMakeFiles/cmTryCompileExec2305175059.dir/CheckIncludeFile.c.o  -o cmTryCompileExec2305175059 -rdynamic 
make[5]: Leaving directory '/opt/rt-n56u/trunk/libs/libwebsockets/libwebsockets-2.0.3/CMakeFiles/CMakeTmp'
make[4]: Leaving directory '/opt/rt-n56u/trunk/libs/libwebsockets/libwebsockets-2.0.3/CMakeFiles/CMakeTmp'


Determining if the include file netinet/in.h exists passed with the following output:
Change Dir: /opt/rt-n56u/trunk/libs/libwebsockets/libwebsockets-2.0.3/CMakeFiles/CMakeTmp

Run Build Command:"/usr/bin/make" "cmTryCompileExec3120894712/fast"
make[4]: Entering directory '/opt/rt-n56u/trunk/libs/libwebsockets/libwebsockets-2.0.3/CMakeFiles/CMakeTmp'
/usr/bin/make -f CMakeFiles/cmTryCompileExec3120894712.dir/build.make CMakeFiles/cmTryCompileExec3120894712.dir/build
make[5]: Entering directory '/opt/rt-n56u/trunk/libs/libwebsockets/libwebsockets-2.0.3/CMakeFiles/CMakeTmp'
/usr/bin/cmake -E cmake_progress_report /opt/rt-n56u/trunk/libs/libwebsockets/libwebsockets-2.0.3/CMakeFiles/CMakeTmp/CMakeFiles 1
Building C object CMakeFiles/cmTryCompileExec3120894712.dir/CheckIncludeFile.c.o
/opt/rt-n56u/toolchain-mipsel/toolchain-3.4.x/bin/mipsel-linux-uclibc-gcc  -DKEYWORD=__inline -Os -fomit-frame-pointer -pipe  -DEMBED -I/opt/rt-n56u/trunk/stage/include -Dlinux -D__linux__ -Dunix -Wall -Wno-trigraphs -Wno-strict-aliasing -Wno-format-security   -Wno-pointer-sign -ffunction-sections -fdata-sections     -o CMakeFiles/cmTryCompileExec3120894712.dir/CheckIncludeFile.c.o   -c /opt/rt-n56u/trunk/libs/libwebsockets/libwebsockets-2.0.3/CMakeFiles/CMakeTmp/CheckIncludeFile.c
Linking C executable cmTryCompileExec3120894712
/usr/bin/cmake -E cmake_link_script CMakeFiles/cmTryCompileExec3120894712.dir/link.txt --verbose=1
/opt/rt-n56u/toolchain-mipsel/toolchain-3.4.x/bin/mipsel-linux-uclibc-gcc  -Os -fomit-frame-pointer -pipe  -DEMBED -I/opt/rt-n56u/trunk/stage/include -Dlinux -D__linux__ -Dunix -Wall -Wno-trigraphs -Wno-strict-aliasing -Wno-format-security   -Wno-pointer-sign -ffunction-sections -fdata-sections     -L/opt/rt-n56u/trunk/stage/lib -Wl,--gc-sections  CMakeFiles/cmTryCompileExec3120894712.dir/CheckIncludeFile.c.o  -o cmTryCompileExec3120894712 -rdynamic 
make[5]: Leaving directory '/opt/rt-n56u/trunk/libs/libwebsockets/libwebsockets-2.0.3/CMakeFiles/CMakeTmp'
make[4]: Leaving directory '/opt/rt-n56u/trunk/libs/libwebsockets/libwebsockets-2.0.3/CMakeFiles/CMakeTmp'


Determining if the include file stdint.h exists passed with the following output:
Change Dir: /opt/rt-n56u/trunk/libs/libwebsockets/libwebsockets-2.0.3/CMakeFiles/CMakeTmp

Run Build Command:"/usr/bin/make" "cmTryCompileExec2523145882/fast"
make[4]: Entering directory '/opt/rt-n56u/trunk/libs/libwebsockets/libwebsockets-2.0.3/CMakeFiles/CMakeTmp'
/usr/bin/make -f CMakeFiles/cmTryCompileExec2523145882.dir/build.make CMakeFiles/cmTryCompileExec2523145882.dir/build
make[5]: Entering directory '/opt/rt-n56u/trunk/libs/libwebsockets/libwebsockets-2.0.3/CMakeFiles/CMakeTmp'
/usr/bin/cmake -E cmake_progress_report /opt/rt-n56u/trunk/libs/libwebsockets/libwebsockets-2.0.3/CMakeFiles/CMakeTmp/CMakeFiles 1
Building C object CMakeFiles/cmTryCompileExec2523145882.dir/CheckIncludeFile.c.o
/opt/rt-n56u/toolchain-mipsel/toolchain-3.4.x/bin/mipsel-linux-uclibc-gcc  -DKEYWORD=__inline -Os -fomit-frame-pointer -pipe  -DEMBED -I/opt/rt-n56u/trunk/stage/include -Dlinux -D__linux__ -Dunix -Wall -Wno-trigraphs -Wno-strict-aliasing -Wno-format-security   -Wno-pointer-sign -ffunction-sections -fdata-sections     -o CMakeFiles/cmTryCompileExec2523145882.dir/CheckIncludeFile.c.o   -c /opt/rt-n56u/trunk/libs/libwebsockets/libwebsockets-2.0.3/CMakeFiles/CMakeTmp/CheckIncludeFile.c
Linking C executable cmTryCompileExec2523145882
/usr/bin/cmake -E cmake_link_script CMakeFiles/cmTryCompileExec2523145882.dir/link.txt --verbose=1
/opt/rt-n56u/toolchain-mipsel/toolchain-3.4.x/bin/mipsel-linux-uclibc-gcc  -Os -fomit-frame-pointer -pipe  -DEMBED -I/opt/rt-n56u/trunk/stage/include -Dlinux -D__linux__ -Dunix -Wall -Wno-trigraphs -Wno-strict-aliasing -Wno-format-security   -Wno-pointer-sign -ffunction-sections -fdata-sections     -L/opt/rt-n56u/trunk/stage/lib -Wl,--gc-sections  CMakeFiles/cmTryCompileExec2523145882.dir/CheckIncludeFile.c.o  -o cmTryCompileExec2523145882 -rdynamic 
make[5]: Leaving directory '/opt/rt-n56u/trunk/libs/libwebsockets/libwebsockets-2.0.3/CMakeFiles/CMakeTmp'
make[4]: Leaving directory '/opt/rt-n56u/trunk/libs/libwebsockets/libwebsockets-2.0.3/CMakeFiles/CMakeTmp'


Determining if the include file stdlib.h exists passed with the following output:
Change Dir: /opt/rt-n56u/trunk/libs/libwebsockets/libwebsockets-2.0.3/CMakeFiles/CMakeTmp

Run Build Command:"/usr/bin/make" "cmTryCompileExec2156985067/fast"
make[4]: Entering directory '/opt/rt-n56u/trunk/libs/libwebsockets/libwebsockets-2.0.3/CMakeFiles/CMakeTmp'
/usr/bin/make -f CMakeFiles/cmTryCompileExec2156985067.dir/build.make CMakeFiles/cmTryCompileExec2156985067.dir/build
make[5]: Entering directory '/opt/rt-n56u/trunk/libs/libwebsockets/libwebsockets-2.0.3/CMakeFiles/CMakeTmp'
/usr/bin/cmake -E cmake_progress_report /opt/rt-n56u/trunk/libs/libwebsockets/libwebsockets-2.0.3/CMakeFiles/CMakeTmp/CMakeFiles 1
Building C object CMakeFiles/cmTryCompileExec2156985067.dir/CheckIncludeFile.c.o
/opt/rt-n56u/toolchain-mipsel/toolchain-3.4.x/bin/mipsel-linux-uclibc-gcc  -DKEYWORD=__inline -Os -fomit-frame-pointer -pipe  -DEMBED -I/opt/rt-n56u/trunk/stage/include -Dlinux -D__linux__ -Dunix -Wall -Wno-trigraphs -Wno-strict-aliasing -Wno-format-security   -Wno-pointer-sign -ffunction-sections -fdata-sections     -o CMakeFiles/cmTryCompileExec2156985067.dir/CheckIncludeFile.c.o   -c /opt/rt-n56u/trunk/libs/libwebsockets/libwebsockets-2.0.3/CMakeFiles/CMakeTmp/CheckIncludeFile.c
Linking C executable cmTryCompileExec2156985067
/usr/bin/cmake -E cmake_link_script CMakeFiles/cmTryCompileExec2156985067.dir/link.txt --verbose=1
/opt/rt-n56u/toolchain-mipsel/toolchain-3.4.x/bin/mipsel-linux-uclibc-gcc  -Os -fomit-frame-pointer -pipe  -DEMBED -I/opt/rt-n56u/trunk/stage/include -Dlinux -D__linux__ -Dunix -Wall -Wno-trigraphs -Wno-strict-aliasing -Wno-format-security   -Wno-pointer-sign -ffunction-sections -fdata-sections     -L/opt/rt-n56u/trunk/stage/lib -Wl,--gc-sections  CMakeFiles/cmTryCompileExec2156985067.dir/CheckIncludeFile.c.o  -o cmTryCompileExec2156985067 -rdynamic 
make[5]: Leaving directory '/opt/rt-n56u/trunk/libs/libwebsockets/libwebsockets-2.0.3/CMakeFiles/CMakeTmp'
make[4]: Leaving directory '/opt/rt-n56u/trunk/libs/libwebsockets/libwebsockets-2.0.3/CMakeFiles/CMakeTmp'


Determining if the include file strings.h exists passed with the following output:
Change Dir: /opt/rt-n56u/trunk/libs/libwebsockets/libwebsockets-2.0.3/CMakeFiles/CMakeTmp

Run Build Command:"/usr/bin/make" "cmTryCompileExec3881178274/fast"
make[4]: Entering directory '/opt/rt-n56u/trunk/libs/libwebsockets/libwebsockets-2.0.3/CMakeFiles/CMakeTmp'
/usr/bin/make -f CMakeFiles/cmTryCompileExec3881178274.dir/build.make CMakeFiles/cmTryCompileExec3881178274.dir/build
make[5]: Entering directory '/opt/rt-n56u/trunk/libs/libwebsockets/libwebsockets-2.0.3/CMakeFiles/CMakeTmp'
/usr/bin/cmake -E cmake_progress_report /opt/rt-n56u/trunk/libs/libwebsockets/libwebsockets-2.0.3/CMakeFiles/CMakeTmp/CMakeFiles 1
Building C object CMakeFiles/cmTryCompileExec3881178274.dir/CheckIncludeFile.c.o
/opt/rt-n56u/toolchain-mipsel/toolchain-3.4.x/bin/mipsel-linux-uclibc-gcc  -DKEYWORD=__inline -Os -fomit-frame-pointer -pipe  -DEMBED -I/opt/rt-n56u/trunk/stage/include -Dlinux -D__linux__ -Dunix -Wall -Wno-trigraphs -Wno-strict-aliasing -Wno-format-security   -Wno-pointer-sign -ffunction-sections -fdata-sections     -o CMakeFiles/cmTryCompileExec3881178274.dir/CheckIncludeFile.c.o   -c /opt/rt-n56u/trunk/libs/libwebsockets/libwebsockets-2.0.3/CMakeFiles/CMakeTmp/CheckIncludeFile.c
Linking C executable cmTryCompileExec3881178274
/usr/bin/cmake -E cmake_link_script CMakeFiles/cmTryCompileExec3881178274.dir/link.txt --verbose=1
/opt/rt-n56u/toolchain-mipsel/toolchain-3.4.x/bin/mipsel-linux-uclibc-gcc  -Os -fomit-frame-pointer -pipe  -DEMBED -I/opt/rt-n56u/trunk/stage/include -Dlinux -D__linux__ -Dunix -Wall -Wno-trigraphs -Wno-strict-aliasing -Wno-format-security   -Wno-pointer-sign -ffunction-sections -fdata-sections     -L/opt/rt-n56u/trunk/stage/lib -Wl,--gc-sections  CMakeFiles/cmTryCompileExec3881178274.dir/CheckIncludeFile.c.o  -o cmTryCompileExec3881178274 -rdynamic 
make[5]: Leaving directory '/opt/rt-n56u/trunk/libs/libwebsockets/libwebsockets-2.0.3/CMakeFiles/CMakeTmp'
make[4]: Leaving directory '/opt/rt-n56u/trunk/libs/libwebsockets/libwebsockets-2.0.3/CMakeFiles/CMakeTmp'


Determining if the include file string.h exists passed with the following output:
Change Dir: /opt/rt-n56u/trunk/libs/libwebsockets/libwebsockets-2.0.3/CMakeFiles/CMakeTmp

Run Build Command:"/usr/bin/make" "cmTryCompileExec1042776469/fast"
make[4]: Entering directory '/opt/rt-n56u/trunk/libs/libwebsockets/libwebsockets-2.0.3/CMakeFiles/CMakeTmp'
/usr/bin/make -f CMakeFiles/cmTryCompileExec1042776469.dir/build.make CMakeFiles/cmTryCompileExec1042776469.dir/build
make[5]: Entering directory '/opt/rt-n56u/trunk/libs/libwebsockets/libwebsockets-2.0.3/CMakeFiles/CMakeTmp'
/usr/bin/cmake -E cmake_progress_report /opt/rt-n56u/trunk/libs/libwebsockets/libwebsockets-2.0.3/CMakeFiles/CMakeTmp/CMakeFiles 1
Building C object CMakeFiles/cmTryCompileExec1042776469.dir/CheckIncludeFile.c.o
/opt/rt-n56u/toolchain-mipsel/toolchain-3.4.x/bin/mipsel-linux-uclibc-gcc  -DKEYWORD=__inline -Os -fomit-frame-pointer -pipe  -DEMBED -I/opt/rt-n56u/trunk/stage/include -Dlinux -D__linux__ -Dunix -Wall -Wno-trigraphs -Wno-strict-aliasing -Wno-format-security   -Wno-pointer-sign -ffunction-sections -fdata-sections     -o CMakeFiles/cmTryCompileExec1042776469.dir/CheckIncludeFile.c.o   -c /opt/rt-n56u/trunk/libs/libwebsockets/libwebsockets-2.0.3/CMakeFiles/CMakeTmp/CheckIncludeFile.c
Linking C executable cmTryCompileExec1042776469
/usr/bin/cmake -E cmake_link_script CMakeFiles/cmTryCompileExec1042776469.dir/link.txt --verbose=1
/opt/rt-n56u/toolchain-mipsel/toolchain-3.4.x/bin/mipsel-linux-uclibc-gcc  -Os -fomit-frame-pointer -pipe  -DEMBED -I/opt/rt-n56u/trunk/stage/include -Dlinux -D__linux__ -Dunix -Wall -Wno-trigraphs -Wno-strict-aliasing -Wno-format-security   -Wno-pointer-sign -ffunction-sections -fdata-sections     -L/opt/rt-n56u/trunk/stage/lib -Wl,--gc-sections  CMakeFiles/cmTryCompileExec1042776469.dir/CheckIncludeFile.c.o  -o cmTryCompileExec1042776469 -rdynamic 
make[5]: Leaving directory '/opt/rt-n56u/trunk/libs/libwebsockets/libwebsockets-2.0.3/CMakeFiles/CMakeTmp'
make[4]: Leaving directory '/opt/rt-n56u/trunk/libs/libwebsockets/libwebsockets-2.0.3/CMakeFiles/CMakeTmp'


Determining if the include file sys/prctl.h exists passed with the following output:
Change Dir: /opt/rt-n56u/trunk/libs/libwebsockets/libwebsockets-2.0.3/CMakeFiles/CMakeTmp

Run Build Command:"/usr/bin/make" "cmTryCompileExec1651226283/fast"
make[4]: Entering directory '/opt/rt-n56u/trunk/libs/libwebsockets/libwebsockets-2.0.3/CMakeFiles/CMakeTmp'
/usr/bin/make -f CMakeFiles/cmTryCompileExec1651226283.dir/build.make CMakeFiles/cmTryCompileExec1651226283.dir/build
make[5]: Entering directory '/opt/rt-n56u/trunk/libs/libwebsockets/libwebsockets-2.0.3/CMakeFiles/CMakeTmp'
/usr/bin/cmake -E cmake_progress_report /opt/rt-n56u/trunk/libs/libwebsockets/libwebsockets-2.0.3/CMakeFiles/CMakeTmp/CMakeFiles 1
Building C object CMakeFiles/cmTryCompileExec1651226283.dir/CheckIncludeFile.c.o
/opt/rt-n56u/toolchain-mipsel/toolchain-3.4.x/bin/mipsel-linux-uclibc-gcc  -DKEYWORD=__inline -Os -fomit-frame-pointer -pipe  -DEMBED -I/opt/rt-n56u/trunk/stage/include -Dlinux -D__linux__ -Dunix -Wall -Wno-trigraphs -Wno-strict-aliasing -Wno-format-security   -Wno-pointer-sign -ffunction-sections -fdata-sections     -o CMakeFiles/cmTryCompileExec1651226283.dir/CheckIncludeFile.c.o   -c /opt/rt-n56u/trunk/libs/libwebsockets/libwebsockets-2.0.3/CMakeFiles/CMakeTmp/CheckIncludeFile.c
Linking C executable cmTryCompileExec1651226283
/usr/bin/cmake -E cmake_link_script CMakeFiles/cmTryCompileExec1651226283.dir/link.txt --verbose=1
/opt/rt-n56u/toolchain-mipsel/toolchain-3.4.x/bin/mipsel-linux-uclibc-gcc  -Os -fomit-frame-pointer -pipe  -DEMBED -I/opt/rt-n56u/trunk/stage/include -Dlinux -D__linux__ -Dunix -Wall -Wno-trigraphs -Wno-strict-aliasing -Wno-format-security   -Wno-pointer-sign -ffunction-sections -fdata-sections     -L/opt/rt-n56u/trunk/stage/lib -Wl,--gc-sections  CMakeFiles/cmTryCompileExec1651226283.dir/CheckIncludeFile.c.o  -o cmTryCompileExec1651226283 -rdynamic 
make[5]: Leaving directory '/opt/rt-n56u/trunk/libs/libwebsockets/libwebsockets-2.0.3/CMakeFiles/CMakeTmp'
make[4]: Leaving directory '/opt/rt-n56u/trunk/libs/libwebsockets/libwebsockets-2.0.3/CMakeFiles/CMakeTmp'


Determining if the include file sys/socket.h exists passed with the following output:
Change Dir: /opt/rt-n56u/trunk/libs/libwebsockets/libwebsockets-2.0.3/CMakeFiles/CMakeTmp

Run Build Command:"/usr/bin/make" "cmTryCompileExec3363262839/fast"
make[4]: Entering directory '/opt/rt-n56u/trunk/libs/libwebsockets/libwebsockets-2.0.3/CMakeFiles/CMakeTmp'
/usr/bin/make -f CMakeFiles/cmTryCompileExec3363262839.dir/build.make CMakeFiles/cmTryCompileExec3363262839.dir/build
make[5]: Entering directory '/opt/rt-n56u/trunk/libs/libwebsockets/libwebsockets-2.0.3/CMakeFiles/CMakeTmp'
/usr/bin/cmake -E cmake_progress_report /opt/rt-n56u/trunk/libs/libwebsockets/libwebsockets-2.0.3/CMakeFiles/CMakeTmp/CMakeFiles 1
Building C object CMakeFiles/cmTryCompileExec3363262839.dir/CheckIncludeFile.c.o
/opt/rt-n56u/toolchain-mipsel/toolchain-3.4.x/bin/mipsel-linux-uclibc-gcc  -DKEYWORD=__inline -Os -fomit-frame-pointer -pipe  -DEMBED -I/opt/rt-n56u/trunk/stage/include -Dlinux -D__linux__ -Dunix -Wall -Wno-trigraphs -Wno-strict-aliasing -Wno-format-security   -Wno-pointer-sign -ffunction-sections -fdata-sections     -o CMakeFiles/cmTryCompileExec3363262839.dir/CheckIncludeFile.c.o   -c /opt/rt-n56u/trunk/libs/libwebsockets/libwebsockets-2.0.3/CMakeFiles/CMakeTmp/CheckIncludeFile.c
Linking C executable cmTryCompileExec3363262839
/usr/bin/cmake -E cmake_link_script CMakeFiles/cmTryCompileExec3363262839.dir/link.txt --verbose=1
/opt/rt-n56u/toolchain-mipsel/toolchain-3.4.x/bin/mipsel-linux-uclibc-gcc  -Os -fomit-frame-pointer -pipe  -DEMBED -I/opt/rt-n56u/trunk/stage/include -Dlinux -D__linux__ -Dunix -Wall -Wno-trigraphs -Wno-strict-aliasing -Wno-format-security   -Wno-pointer-sign -ffunction-sections -fdata-sections     -L/opt/rt-n56u/trunk/stage/lib -Wl,--gc-sections  CMakeFiles/cmTryCompileExec3363262839.dir/CheckIncludeFile.c.o  -o cmTryCompileExec3363262839 -rdynamic 
make[5]: Leaving directory '/opt/rt-n56u/trunk/libs/libwebsockets/libwebsockets-2.0.3/CMakeFiles/CMakeTmp'
make[4]: Leaving directory '/opt/rt-n56u/trunk/libs/libwebsockets/libwebsockets-2.0.3/CMakeFiles/CMakeTmp'


Determining if the include file sys/stat.h exists passed with the following output:
Change Dir: /opt/rt-n56u/trunk/libs/libwebsockets/libwebsockets-2.0.3/CMakeFiles/CMakeTmp

Run Build Command:"/usr/bin/make" "cmTryCompileExec412115733/fast"
make[4]: Entering directory '/opt/rt-n56u/trunk/libs/libwebsockets/libwebsockets-2.0.3/CMakeFiles/CMakeTmp'
/usr/bin/make -f CMakeFiles/cmTryCompileExec412115733.dir/build.make CMakeFiles/cmTryCompileExec412115733.dir/build
make[5]: Entering directory '/opt/rt-n56u/trunk/libs/libwebsockets/libwebsockets-2.0.3/CMakeFiles/CMakeTmp'
/usr/bin/cmake -E cmake_progress_report /opt/rt-n56u/trunk/libs/libwebsockets/libwebsockets-2.0.3/CMakeFiles/CMakeTmp/CMakeFiles 1
Building C object CMakeFiles/cmTryCompileExec412115733.dir/CheckIncludeFile.c.o
/opt/rt-n56u/toolchain-mipsel/toolchain-3.4.x/bin/mipsel-linux-uclibc-gcc  -DKEYWORD=__inline -Os -fomit-frame-pointer -pipe  -DEMBED -I/opt/rt-n56u/trunk/stage/include -Dlinux -D__linux__ -Dunix -Wall -Wno-trigraphs -Wno-strict-aliasing -Wno-format-security   -Wno-pointer-sign -ffunction-sections -fdata-sections     -o CMakeFiles/cmTryCompileExec412115733.dir/CheckIncludeFile.c.o   -c /opt/rt-n56u/trunk/libs/libwebsockets/libwebsockets-2.0.3/CMakeFiles/CMakeTmp/CheckIncludeFile.c
Linking C executable cmTryCompileExec412115733
/usr/bin/cmake -E cmake_link_script CMakeFiles/cmTryCompileExec412115733.dir/link.txt --verbose=1
/opt/rt-n56u/toolchain-mipsel/toolchain-3.4.x/bin/mipsel-linux-uclibc-gcc  -Os -fomit-frame-pointer -pipe  -DEMBED -I/opt/rt-n56u/trunk/stage/include -Dlinux -D__linux__ -Dunix -Wall -Wno-trigraphs -Wno-strict-aliasing -Wno-format-security   -Wno-pointer-sign -ffunction-sections -fdata-sections     -L/opt/rt-n56u/trunk/stage/lib -Wl,--gc-sections  CMakeFiles/cmTryCompileExec412115733.dir/CheckIncludeFile.c.o  -o cmTryCompileExec412115733 -rdynamic 
make[5]: Leaving directory '/opt/rt-n56u/trunk/libs/libwebsockets/libwebsockets-2.0.3/CMakeFiles/CMakeTmp'
make[4]: Leaving directory '/opt/rt-n56u/trunk/libs/libwebsockets/libwebsockets-2.0.3/CMakeFiles/CMakeTmp'


Determining if the include file sys/types.h exists passed with the following output:
Change Dir: /opt/rt-n56u/trunk/libs/libwebsockets/libwebsockets-2.0.3/CMakeFiles/CMakeTmp

Run Build Command:"/usr/bin/make" "cmTryCompileExec1042218110/fast"
make[4]: Entering directory '/opt/rt-n56u/trunk/libs/libwebsockets/libwebsockets-2.0.3/CMakeFiles/CMakeTmp'
/usr/bin/make -f CMakeFiles/cmTryCompileExec1042218110.dir/build.make CMakeFiles/cmTryCompileExec1042218110.dir/build
make[5]: Entering directory '/opt/rt-n56u/trunk/libs/libwebsockets/libwebsockets-2.0.3/CMakeFiles/CMakeTmp'
/usr/bin/cmake -E cmake_progress_report /opt/rt-n56u/trunk/libs/libwebsockets/libwebsockets-2.0.3/CMakeFiles/CMakeTmp/CMakeFiles 1
Building C object CMakeFiles/cmTryCompileExec1042218110.dir/CheckIncludeFile.c.o
/opt/rt-n56u/toolchain-mipsel/toolchain-3.4.x/bin/mipsel-linux-uclibc-gcc  -DKEYWORD=__inline -Os -fomit-frame-pointer -pipe  -DEMBED -I/opt/rt-n56u/trunk/stage/include -Dlinux -D__linux__ -Dunix -Wall -Wno-trigraphs -Wno-strict-aliasing -Wno-format-security   -Wno-pointer-sign -ffunction-sections -fdata-sections     -o CMakeFiles/cmTryCompileExec1042218110.dir/CheckIncludeFile.c.o   -c /opt/rt-n56u/trunk/libs/libwebsockets/libwebsockets-2.0.3/CMakeFiles/CMakeTmp/CheckIncludeFile.c
Linking C executable cmTryCompileExec1042218110
/usr/bin/cmake -E cmake_link_script CMakeFiles/cmTryCompileExec1042218110.dir/link.txt --verbose=1
/opt/rt-n56u/toolchain-mipsel/toolchain-3.4.x/bin/mipsel-linux-uclibc-gcc  -Os -fomit-frame-pointer -pipe  -DEMBED -I/opt/rt-n56u/trunk/stage/include -Dlinux -D__linux__ -Dunix -Wall -Wno-trigraphs -Wno-strict-aliasing -Wno-format-security   -Wno-pointer-sign -ffunction-sections -fdata-sections     -L/opt/rt-n56u/trunk/stage/lib -Wl,--gc-sections  CMakeFiles/cmTryCompileExec1042218110.dir/CheckIncludeFile.c.o  -o cmTryCompileExec1042218110 -rdynamic 
make[5]: Leaving directory '/opt/rt-n56u/trunk/libs/libwebsockets/libwebsockets-2.0.3/CMakeFiles/CMakeTmp'
make[4]: Leaving directory '/opt/rt-n56u/trunk/libs/libwebsockets/libwebsockets-2.0.3/CMakeFiles/CMakeTmp'


Determining if the include file unistd.h exists passed with the following output:
Change Dir: /opt/rt-n56u/trunk/libs/libwebsockets/libwebsockets-2.0.3/CMakeFiles/CMakeTmp

Run Build Command:"/usr/bin/make" "cmTryCompileExec2969909205/fast"
make[4]: Entering directory '/opt/rt-n56u/trunk/libs/libwebsockets/libwebsockets-2.0.3/CMakeFiles/CMakeTmp'
/usr/bin/make -f CMakeFiles/cmTryCompileExec2969909205.dir/build.make CMakeFiles/cmTryCompileExec2969909205.dir/build
make[5]: Entering directory '/opt/rt-n56u/trunk/libs/libwebsockets/libwebsockets-2.0.3/CMakeFiles/CMakeTmp'
/usr/bin/cmake -E cmake_progress_report /opt/rt-n56u/trunk/libs/libwebsockets/libwebsockets-2.0.3/CMakeFiles/CMakeTmp/CMakeFiles 1
Building C object CMakeFiles/cmTryCompileExec2969909205.dir/CheckIncludeFile.c.o
/opt/rt-n56u/toolchain-mipsel/toolchain-3.4.x/bin/mipsel-linux-uclibc-gcc  -DKEYWORD=__inline -Os -fomit-frame-pointer -pipe  -DEMBED -I/opt/rt-n56u/trunk/stage/include -Dlinux -D__linux__ -Dunix -Wall -Wno-trigraphs -Wno-strict-aliasing -Wno-format-security   -Wno-pointer-sign -ffunction-sections -fdata-sections     -o CMakeFiles/cmTryCompileExec2969909205.dir/CheckIncludeFile.c.o   -c /opt/rt-n56u/trunk/libs/libwebsockets/libwebsockets-2.0.3/CMakeFiles/CMakeTmp/CheckIncludeFile.c
Linking C executable cmTryCompileExec2969909205
/usr/bin/cmake -E cmake_link_script CMakeFiles/cmTryCompileExec2969909205.dir/link.txt --verbose=1
/opt/rt-n56u/toolchain-mipsel/toolchain-3.4.x/bin/mipsel-linux-uclibc-gcc  -Os -fomit-frame-pointer -pipe  -DEMBED -I/opt/rt-n56u/trunk/stage/include -Dlinux -D__linux__ -Dunix -Wall -Wno-trigraphs -Wno-strict-aliasing -Wno-format-security   -Wno-pointer-sign -ffunction-sections -fdata-sections     -L/opt/rt-n56u/trunk/stage/lib -Wl,--gc-sections  CMakeFiles/cmTryCompileExec2969909205.dir/CheckIncludeFile.c.o  -o cmTryCompileExec2969909205 -rdynamic 
make[5]: Leaving directory '/opt/rt-n56u/trunk/libs/libwebsockets/libwebsockets-2.0.3/CMakeFiles/CMakeTmp'
make[4]: Leaving directory '/opt/rt-n56u/trunk/libs/libwebsockets/libwebsockets-2.0.3/CMakeFiles/CMakeTmp'


Determining if the include file zlib.h exists passed with the following output:
Change Dir: /opt/rt-n56u/trunk/libs/libwebsockets/libwebsockets-2.0.3/CMakeFiles/CMakeTmp

Run Build Command:"/usr/bin/make" "cmTryCompileExec2315101022/fast"
make[4]: Entering directory '/opt/rt-n56u/trunk/libs/libwebsockets/libwebsockets-2.0.3/CMakeFiles/CMakeTmp'
/usr/bin/make -f CMakeFiles/cmTryCompileExec2315101022.dir/build.make CMakeFiles/cmTryCompileExec2315101022.dir/build
make[5]: Entering directory '/opt/rt-n56u/trunk/libs/libwebsockets/libwebsockets-2.0.3/CMakeFiles/CMakeTmp'
/usr/bin/cmake -E cmake_progress_report /opt/rt-n56u/trunk/libs/libwebsockets/libwebsockets-2.0.3/CMakeFiles/CMakeTmp/CMakeFiles 1
Building C object CMakeFiles/cmTryCompileExec2315101022.dir/CheckIncludeFile.c.o
/opt/rt-n56u/toolchain-mipsel/toolchain-3.4.x/bin/mipsel-linux-uclibc-gcc  -DKEYWORD=__inline -Os -fomit-frame-pointer -pipe  -DEMBED -I/opt/rt-n56u/trunk/stage/include -Dlinux -D__linux__ -Dunix -Wall -Wno-trigraphs -Wno-strict-aliasing -Wno-format-security   -Wno-pointer-sign -ffunction-sections -fdata-sections     -o CMakeFiles/cmTryCompileExec2315101022.dir/CheckIncludeFile.c.o   -c /opt/rt-n56u/trunk/libs/libwebsockets/libwebsockets-2.0.3/CMakeFiles/CMakeTmp/CheckIncludeFile.c
Linking C executable cmTryCompileExec2315101022
/usr/bin/cmake -E cmake_link_script CMakeFiles/cmTryCompileExec2315101022.dir/link.txt --verbose=1
/opt/rt-n56u/toolchain-mipsel/toolchain-3.4.x/bin/mipsel-linux-uclibc-gcc  -Os -fomit-frame-pointer -pipe  -DEMBED -I/opt/rt-n56u/trunk/stage/include -Dlinux -D__linux__ -Dunix -Wall -Wno-trigraphs -Wno-strict-aliasing -Wno-format-security   -Wno-pointer-sign -ffunction-sections -fdata-sections     -L/opt/rt-n56u/trunk/stage/lib -Wl,--gc-sections  CMakeFiles/cmTryCompileExec2315101022.dir/CheckIncludeFile.c.o  -o cmTryCompileExec2315101022 -rdynamic 
make[5]: Leaving directory '/opt/rt-n56u/trunk/libs/libwebsockets/libwebsockets-2.0.3/CMakeFiles/CMakeTmp'
make[4]: Leaving directory '/opt/rt-n56u/trunk/libs/libwebsockets/libwebsockets-2.0.3/CMakeFiles/CMakeTmp'


Determining if files stdlib.h;stdarg.h;string.h;float.h exist passed with the following output:
Change Dir: /opt/rt-n56u/trunk/libs/libwebsockets/libwebsockets-2.0.3/CMakeFiles/CMakeTmp

Run Build Command:"/usr/bin/make" "cmTryCompileExec346418403/fast"
make[4]: Entering directory '/opt/rt-n56u/trunk/libs/libwebsockets/libwebsockets-2.0.3/CMakeFiles/CMakeTmp'
/usr/bin/make -f CMakeFiles/cmTryCompileExec346418403.dir/build.make CMakeFiles/cmTryCompileExec346418403.dir/build
make[5]: Entering directory '/opt/rt-n56u/trunk/libs/libwebsockets/libwebsockets-2.0.3/CMakeFiles/CMakeTmp'
/usr/bin/cmake -E cmake_progress_report /opt/rt-n56u/trunk/libs/libwebsockets/libwebsockets-2.0.3/CMakeFiles/CMakeTmp/CMakeFiles 1
Building C object CMakeFiles/cmTryCompileExec346418403.dir/CheckIncludeFiles.c.o
/opt/rt-n56u/toolchain-mipsel/toolchain-3.4.x/bin/mipsel-linux-uclibc-gcc  -DKEYWORD=__inline -Os -fomit-frame-pointer -pipe  -DEMBED -I/opt/rt-n56u/trunk/stage/include -Dlinux -D__linux__ -Dunix -Wall -Wno-trigraphs -Wno-strict-aliasing -Wno-format-security   -Wno-pointer-sign -ffunction-sections -fdata-sections     -o CMakeFiles/cmTryCompileExec346418403.dir/CheckIncludeFiles.c.o   -c /opt/rt-n56u/trunk/libs/libwebsockets/libwebsockets-2.0.3/CMakeFiles/CMakeTmp/CheckIncludeFiles.c
Linking C executable cmTryCompileExec346418403
/usr/bin/cmake -E cmake_link_script CMakeFiles/cmTryCompileExec346418403.dir/link.txt --verbose=1
/opt/rt-n56u/toolchain-mipsel/toolchain-3.4.x/bin/mipsel-linux-uclibc-gcc  -Os -fomit-frame-pointer -pipe  -DEMBED -I/opt/rt-n56u/trunk/stage/include -Dlinux -D__linux__ -Dunix -Wall -Wno-trigraphs -Wno-strict-aliasing -Wno-format-security   -Wno-pointer-sign -ffunction-sections -fdata-sections     -L/opt/rt-n56u/trunk/stage/lib -Wl,--gc-sections  CMakeFiles/cmTryCompileExec346418403.dir/CheckIncludeFiles.c.o  -o cmTryCompileExec346418403 -rdynamic 
make[5]: Leaving directory '/opt/rt-n56u/trunk/libs/libwebsockets/libwebsockets-2.0.3/CMakeFiles/CMakeTmp'
make[4]: Leaving directory '/opt/rt-n56u/trunk/libs/libwebsockets/libwebsockets-2.0.3/CMakeFiles/CMakeTmp'


Performing C SOURCE FILE Test LWS_HAVE_VISIBILITY succeded with the following output:
Change Dir: /opt/rt-n56u/trunk/libs/libwebsockets/libwebsockets-2.0.3/CMakeFiles/CMakeTmp

Run Build Command:"/usr/bin/make" "cmTryCompileExec401251991/fast"
make[4]: Entering directory '/opt/rt-n56u/trunk/libs/libwebsockets/libwebsockets-2.0.3/CMakeFiles/CMakeTmp'
/usr/bin/make -f CMakeFiles/cmTryCompileExec401251991.dir/build.make CMakeFiles/cmTryCompileExec401251991.dir/build
make[5]: Entering directory '/opt/rt-n56u/trunk/libs/libwebsockets/libwebsockets-2.0.3/CMakeFiles/CMakeTmp'
/usr/bin/cmake -E cmake_progress_report /opt/rt-n56u/trunk/libs/libwebsockets/libwebsockets-2.0.3/CMakeFiles/CMakeTmp/CMakeFiles 1
Building C object CMakeFiles/cmTryCompileExec401251991.dir/src.c.o
/opt/rt-n56u/toolchain-mipsel/toolchain-3.4.x/bin/mipsel-linux-uclibc-gcc   -Os -fomit-frame-pointer -pipe  -DEMBED -I/opt/rt-n56u/trunk/stage/include -Dlinux -D__linux__ -Dunix -Wall -Wno-trigraphs -Wno-strict-aliasing -Wno-format-security   -Wno-pointer-sign -ffunction-sections -fdata-sections  -DLWS_HAVE_VISIBILITY   -fvisibility=hidden -o CMakeFiles/cmTryCompileExec401251991.dir/src.c.o   -c /opt/rt-n56u/trunk/libs/libwebsockets/libwebsockets-2.0.3/CMakeFiles/CMakeTmp/src.c
Linking C executable cmTryCompileExec401251991
/usr/bin/cmake -E cmake_link_script CMakeFiles/cmTryCompileExec401251991.dir/link.txt --verbose=1
/opt/rt-n56u/toolchain-mipsel/toolchain-3.4.x/bin/mipsel-linux-uclibc-gcc  -Os -fomit-frame-pointer -pipe  -DEMBED -I/opt/rt-n56u/trunk/stage/include -Dlinux -D__linux__ -Dunix -Wall -Wno-trigraphs -Wno-strict-aliasing -Wno-format-security   -Wno-pointer-sign -ffunction-sections -fdata-sections  -DLWS_HAVE_VISIBILITY   -L/opt/rt-n56u/trunk/stage/lib -Wl,--gc-sections  CMakeFiles/cmTryCompileExec401251991.dir/src.c.o  -o cmTryCompileExec401251991 -rdynamic 
make[5]: Leaving directory '/opt/rt-n56u/trunk/libs/libwebsockets/libwebsockets-2.0.3/CMakeFiles/CMakeTmp'
make[4]: Leaving directory '/opt/rt-n56u/trunk/libs/libwebsockets/libwebsockets-2.0.3/CMakeFiles/CMakeTmp'

Source file was:
int main(void) { return 0; }
Determining if the function SSL_CTX_set1_param exists passed with the following output:
Change Dir: /opt/rt-n56u/trunk/libs/libwebsockets/libwebsockets-2.0.3/CMakeFiles/CMakeTmp

Run Build Command:"/usr/bin/make" "cmTryCompileExec851218763/fast"
make[4]: Entering directory '/opt/rt-n56u/trunk/libs/libwebsockets/libwebsockets-2.0.3/CMakeFiles/CMakeTmp'
/usr/bin/make -f CMakeFiles/cmTryCompileExec851218763.dir/build.make CMakeFiles/cmTryCompileExec851218763.dir/build
make[5]: Entering directory '/opt/rt-n56u/trunk/libs/libwebsockets/libwebsockets-2.0.3/CMakeFiles/CMakeTmp'
/usr/bin/cmake -E cmake_progress_report /opt/rt-n56u/trunk/libs/libwebsockets/libwebsockets-2.0.3/CMakeFiles/CMakeTmp/CMakeFiles 1
Building C object CMakeFiles/cmTryCompileExec851218763.dir/CheckFunctionExists.c.o
/opt/rt-n56u/toolchain-mipsel/toolchain-3.4.x/bin/mipsel-linux-uclibc-gcc  -DKEYWORD=__inline -Wall -Werror -fvisibility=hidden -Os -fomit-frame-pointer -pipe  -DEMBED -I/opt/rt-n56u/trunk/stage/include -Dlinux -D__linux__ -Dunix -Wall -Wno-trigraphs -Wno-strict-aliasing -Wno-format-security   -Wno-pointer-sign -ffunction-sections -fdata-sections  -pthread -DCHECK_FUNCTION_EXISTS=SSL_CTX_set1_param -I/opt/rt-n56u/trunk/stage/include    -o CMakeFiles/cmTryCompileExec851218763.dir/CheckFunctionExists.c.o   -c /usr/share/cmake-3.2/Modules/CheckFunctionExists.c
Linking C executable cmTryCompileExec851218763
/usr/bin/cmake -E cmake_link_script CMakeFiles/cmTryCompileExec851218763.dir/link.txt --verbose=1
/opt/rt-n56u/toolchain-mipsel/toolchain-3.4.x/bin/mipsel-linux-uclibc-gcc  -Wall -Werror -fvisibility=hidden -Os -fomit-frame-pointer -pipe  -DEMBED -I/opt/rt-n56u/trunk/stage/include -Dlinux -D__linux__ -Dunix -Wall -Wno-trigraphs -Wno-strict-aliasing -Wno-format-security   -Wno-pointer-sign -ffunction-sections -fdata-sections  -pthread -DCHECK_FUNCTION_EXISTS=SSL_CTX_set1_param   -L/opt/rt-n56u/trunk/stage/lib -Wl,--gc-sections  CMakeFiles/cmTryCompileExec851218763.dir/CheckFunctionExists.c.o  -o cmTryCompileExec851218763 -rdynamic -lz -lssl -lcrypto -lm 
/opt/rt-n56u/trunk/stage/lib/libcrypto.so: warning: gethostbyname is obsolescent, use getnameinfo() instead.
make[5]: Leaving directory '/opt/rt-n56u/trunk/libs/libwebsockets/libwebsockets-2.0.3/CMakeFiles/CMakeTmp'
make[4]: Leaving directory '/opt/rt-n56u/trunk/libs/libwebsockets/libwebsockets-2.0.3/CMakeFiles/CMakeTmp'


Determining if the function X509_VERIFY_PARAM_set1_host exists passed with the following output:
Change Dir: /opt/rt-n56u/trunk/libs/libwebsockets/libwebsockets-2.0.3/CMakeFiles/CMakeTmp

Run Build Command:"/usr/bin/make" "cmTryCompileExec2757425816/fast"
make[4]: Entering directory '/opt/rt-n56u/trunk/libs/libwebsockets/libwebsockets-2.0.3/CMakeFiles/CMakeTmp'
/usr/bin/make -f CMakeFiles/cmTryCompileExec2757425816.dir/build.make CMakeFiles/cmTryCompileExec2757425816.dir/build
make[5]: Entering directory '/opt/rt-n56u/trunk/libs/libwebsockets/libwebsockets-2.0.3/CMakeFiles/CMakeTmp'
/usr/bin/cmake -E cmake_progress_report /opt/rt-n56u/trunk/libs/libwebsockets/libwebsockets-2.0.3/CMakeFiles/CMakeTmp/CMakeFiles 1
Building C object CMakeFiles/cmTryCompileExec2757425816.dir/CheckFunctionExists.c.o
/opt/rt-n56u/toolchain-mipsel/toolchain-3.4.x/bin/mipsel-linux-uclibc-gcc  -DKEYWORD=__inline -Wall -Werror -fvisibility=hidden -Os -fomit-frame-pointer -pipe  -DEMBED -I/opt/rt-n56u/trunk/stage/include -Dlinux -D__linux__ -Dunix -Wall -Wno-trigraphs -Wno-strict-aliasing -Wno-format-security   -Wno-pointer-sign -ffunction-sections -fdata-sections  -pthread -DCHECK_FUNCTION_EXISTS=X509_VERIFY_PARAM_set1_host -I/opt/rt-n56u/trunk/stage/include    -o CMakeFiles/cmTryCompileExec2757425816.dir/CheckFunctionExists.c.o   -c /usr/share/cmake-3.2/Modules/CheckFunctionExists.c
Linking C executable cmTryCompileExec2757425816
/usr/bin/cmake -E cmake_link_script CMakeFiles/cmTryCompileExec2757425816.dir/link.txt --verbose=1
/opt/rt-n56u/toolchain-mipsel/toolchain-3.4.x/bin/mipsel-linux-uclibc-gcc  -Wall -Werror -fvisibility=hidden -Os -fomit-frame-pointer -pipe  -DEMBED -I/opt/rt-n56u/trunk/stage/include -Dlinux -D__linux__ -Dunix -Wall -Wno-trigraphs -Wno-strict-aliasing -Wno-format-security   -Wno-pointer-sign -ffunction-sections -fdata-sections  -pthread -DCHECK_FUNCTION_EXISTS=X509_VERIFY_PARAM_set1_host   -L/opt/rt-n56u/trunk/stage/lib -Wl,--gc-sections  CMakeFiles/cmTryCompileExec2757425816.dir/CheckFunctionExists.c.o  -o cmTryCompileExec2757425816 -rdynamic -lz -lssl -lcrypto -lm 
/opt/rt-n56u/trunk/stage/lib/libcrypto.so: warning: gethostbyname is obsolescent, use getnameinfo() instead.
make[5]: Leaving directory '/opt/rt-n56u/trunk/libs/libwebsockets/libwebsockets-2.0.3/CMakeFiles/CMakeTmp'
make[4]: Leaving directory '/opt/rt-n56u/trunk/libs/libwebsockets/libwebsockets-2.0.3/CMakeFiles/CMakeTmp'


