Determining if the function execvpe exists failed with the following output:
Change Dir: /opt/rt-n56u/trunk/libs/libwebsockets/libwebsockets-2.0.3/CMakeFiles/CMakeTmp

Run Build Command:"/usr/bin/make" "cmTryCompileExec527754070/fast"
make[4]: Entering directory '/opt/rt-n56u/trunk/libs/libwebsockets/libwebsockets-2.0.3/CMakeFiles/CMakeTmp'
/usr/bin/make -f CMakeFiles/cmTryCompileExec527754070.dir/build.make CMakeFiles/cmTryCompileExec527754070.dir/build
make[5]: Entering directory '/opt/rt-n56u/trunk/libs/libwebsockets/libwebsockets-2.0.3/CMakeFiles/CMakeTmp'
/usr/bin/cmake -E cmake_progress_report /opt/rt-n56u/trunk/libs/libwebsockets/libwebsockets-2.0.3/CMakeFiles/CMakeTmp/CMakeFiles 1
Building C object CMakeFiles/cmTryCompileExec527754070.dir/CheckFunctionExists.c.o
/opt/rt-n56u/toolchain-mipsel/toolchain-3.4.x/bin/mipsel-linux-uclibc-gcc  -DKEYWORD=__inline -Os -fomit-frame-pointer -pipe  -DEMBED -I/opt/rt-n56u/trunk/stage/include -Dlinux -D__linux__ -Dunix -Wall -Wno-trigraphs -Wno-strict-aliasing -Wno-format-security   -Wno-pointer-sign -ffunction-sections -fdata-sections  -DCHECK_FUNCTION_EXISTS=execvpe   -o CMakeFiles/cmTryCompileExec527754070.dir/CheckFunctionExists.c.o   -c /usr/share/cmake-3.2/Modules/CheckFunctionExists.c
Linking C executable cmTryCompileExec527754070
/usr/bin/cmake -E cmake_link_script CMakeFiles/cmTryCompileExec527754070.dir/link.txt --verbose=1
/opt/rt-n56u/toolchain-mipsel/toolchain-3.4.x/bin/mipsel-linux-uclibc-gcc  -Os -fomit-frame-pointer -pipe  -DEMBED -I/opt/rt-n56u/trunk/stage/include -Dlinux -D__linux__ -Dunix -Wall -Wno-trigraphs -Wno-strict-aliasing -Wno-format-security   -Wno-pointer-sign -ffunction-sections -fdata-sections  -DCHECK_FUNCTION_EXISTS=execvpe   -L/opt/rt-n56u/trunk/stage/lib -Wl,--gc-sections  CMakeFiles/cmTryCompileExec527754070.dir/CheckFunctionExists.c.o  -o cmTryCompileExec527754070 -rdynamic 
CMakeFiles/cmTryCompileExec527754070.dir/CheckFunctionExists.c.o: In function `main':
CheckFunctionExists.c:(.text.main+0x14): undefined reference to `execvpe'
collect2: ld returned 1 exit status
CMakeFiles/cmTryCompileExec527754070.dir/build.make:88: recipe for target 'cmTryCompileExec527754070' failed
make[5]: *** [cmTryCompileExec527754070] Error 1
make[5]: Leaving directory '/opt/rt-n56u/trunk/libs/libwebsockets/libwebsockets-2.0.3/CMakeFiles/CMakeTmp'
Makefile:117: recipe for target 'cmTryCompileExec527754070/fast' failed
make[4]: *** [cmTryCompileExec527754070/fast] Error 2
make[4]: Leaving directory '/opt/rt-n56u/trunk/libs/libwebsockets/libwebsockets-2.0.3/CMakeFiles/CMakeTmp'


Determining if the function _snprintf exists failed with the following output:
Change Dir: /opt/rt-n56u/trunk/libs/libwebsockets/libwebsockets-2.0.3/CMakeFiles/CMakeTmp

Run Build Command:"/usr/bin/make" "cmTryCompileExec1516293014/fast"
make[4]: Entering directory '/opt/rt-n56u/trunk/libs/libwebsockets/libwebsockets-2.0.3/CMakeFiles/CMakeTmp'
/usr/bin/make -f CMakeFiles/cmTryCompileExec1516293014.dir/build.make CMakeFiles/cmTryCompileExec1516293014.dir/build
make[5]: Entering directory '/opt/rt-n56u/trunk/libs/libwebsockets/libwebsockets-2.0.3/CMakeFiles/CMakeTmp'
/usr/bin/cmake -E cmake_progress_report /opt/rt-n56u/trunk/libs/libwebsockets/libwebsockets-2.0.3/CMakeFiles/CMakeTmp/CMakeFiles 1
Building C object CMakeFiles/cmTryCompileExec1516293014.dir/CheckFunctionExists.c.o
/opt/rt-n56u/toolchain-mipsel/toolchain-3.4.x/bin/mipsel-linux-uclibc-gcc  -DKEYWORD=__inline -Os -fomit-frame-pointer -pipe  -DEMBED -I/opt/rt-n56u/trunk/stage/include -Dlinux -D__linux__ -Dunix -Wall -Wno-trigraphs -Wno-strict-aliasing -Wno-format-security   -Wno-pointer-sign -ffunction-sections -fdata-sections  -DCHECK_FUNCTION_EXISTS=_snprintf   -o CMakeFiles/cmTryCompileExec1516293014.dir/CheckFunctionExists.c.o   -c /usr/share/cmake-3.2/Modules/CheckFunctionExists.c
Linking C executable cmTryCompileExec1516293014
/usr/bin/cmake -E cmake_link_script CMakeFiles/cmTryCompileExec1516293014.dir/link.txt --verbose=1
/opt/rt-n56u/toolchain-mipsel/toolchain-3.4.x/bin/mipsel-linux-uclibc-gcc  -Os -fomit-frame-pointer -pipe  -DEMBED -I/opt/rt-n56u/trunk/stage/include -Dlinux -D__linux__ -Dunix -Wall -Wno-trigraphs -Wno-strict-aliasing -Wno-format-security   -Wno-pointer-sign -ffunction-sections -fdata-sections  -DCHECK_FUNCTION_EXISTS=_snprintf   -L/opt/rt-n56u/trunk/stage/lib -Wl,--gc-sections  CMakeFiles/cmTryCompileExec1516293014.dir/CheckFunctionExists.c.o  -o cmTryCompileExec1516293014 -rdynamic 
CMakeFiles/cmTryCompileExec1516293014.dir/CheckFunctionExists.c.o: In function `main':
CheckFunctionExists.c:(.text.main+0x14): undefined reference to `_snprintf'
collect2: ld returned 1 exit status
CMakeFiles/cmTryCompileExec1516293014.dir/build.make:88: recipe for target 'cmTryCompileExec1516293014' failed
make[5]: *** [cmTryCompileExec1516293014] Error 1
make[5]: Leaving directory '/opt/rt-n56u/trunk/libs/libwebsockets/libwebsockets-2.0.3/CMakeFiles/CMakeTmp'
Makefile:117: recipe for target 'cmTryCompileExec1516293014/fast' failed
make[4]: *** [cmTryCompileExec1516293014/fast] Error 2
make[4]: Leaving directory '/opt/rt-n56u/trunk/libs/libwebsockets/libwebsockets-2.0.3/CMakeFiles/CMakeTmp'


Determining if the function _vsnprintf exists failed with the following output:
Change Dir: /opt/rt-n56u/trunk/libs/libwebsockets/libwebsockets-2.0.3/CMakeFiles/CMakeTmp

Run Build Command:"/usr/bin/make" "cmTryCompileExec3281759667/fast"
make[4]: Entering directory '/opt/rt-n56u/trunk/libs/libwebsockets/libwebsockets-2.0.3/CMakeFiles/CMakeTmp'
/usr/bin/make -f CMakeFiles/cmTryCompileExec3281759667.dir/build.make CMakeFiles/cmTryCompileExec3281759667.dir/build
make[5]: Entering directory '/opt/rt-n56u/trunk/libs/libwebsockets/libwebsockets-2.0.3/CMakeFiles/CMakeTmp'
/usr/bin/cmake -E cmake_progress_report /opt/rt-n56u/trunk/libs/libwebsockets/libwebsockets-2.0.3/CMakeFiles/CMakeTmp/CMakeFiles 1
Building C object CMakeFiles/cmTryCompileExec3281759667.dir/CheckFunctionExists.c.o
/opt/rt-n56u/toolchain-mipsel/toolchain-3.4.x/bin/mipsel-linux-uclibc-gcc  -DKEYWORD=__inline -Os -fomit-frame-pointer -pipe  -DEMBED -I/opt/rt-n56u/trunk/stage/include -Dlinux -D__linux__ -Dunix -Wall -Wno-trigraphs -Wno-strict-aliasing -Wno-format-security   -Wno-pointer-sign -ffunction-sections -fdata-sections  -DCHECK_FUNCTION_EXISTS=_vsnprintf   -o CMakeFiles/cmTryCompileExec3281759667.dir/CheckFunctionExists.c.o   -c /usr/share/cmake-3.2/Modules/CheckFunctionExists.c
Linking C executable cmTryCompileExec3281759667
/usr/bin/cmake -E cmake_link_script CMakeFiles/cmTryCompileExec3281759667.dir/link.txt --verbose=1
/opt/rt-n56u/toolchain-mipsel/toolchain-3.4.x/bin/mipsel-linux-uclibc-gcc  -Os -fomit-frame-pointer -pipe  -DEMBED -I/opt/rt-n56u/trunk/stage/include -Dlinux -D__linux__ -Dunix -Wall -Wno-trigraphs -Wno-strict-aliasing -Wno-format-security   -Wno-pointer-sign -ffunction-sections -fdata-sections  -DCHECK_FUNCTION_EXISTS=_vsnprintf   -L/opt/rt-n56u/trunk/stage/lib -Wl,--gc-sections  CMakeFiles/cmTryCompileExec3281759667.dir/CheckFunctionExists.c.o  -o cmTryCompileExec3281759667 -rdynamic 
CMakeFiles/cmTryCompileExec3281759667.dir/CheckFunctionExists.c.o: In function `main':
CheckFunctionExists.c:(.text.main+0x14): undefined reference to `_vsnprintf'
collect2: ld returned 1 exit status
CMakeFiles/cmTryCompileExec3281759667.dir/build.make:88: recipe for target 'cmTryCompileExec3281759667' failed
make[5]: *** [cmTryCompileExec3281759667] Error 1
make[5]: Leaving directory '/opt/rt-n56u/trunk/libs/libwebsockets/libwebsockets-2.0.3/CMakeFiles/CMakeTmp'
Makefile:117: recipe for target 'cmTryCompileExec3281759667/fast' failed
make[4]: *** [cmTryCompileExec3281759667/fast] Error 2
make[4]: Leaving directory '/opt/rt-n56u/trunk/libs/libwebsockets/libwebsockets-2.0.3/CMakeFiles/CMakeTmp'


Determining if the function getloadavg exists failed with the following output:
Change Dir: /opt/rt-n56u/trunk/libs/libwebsockets/libwebsockets-2.0.3/CMakeFiles/CMakeTmp

Run Build Command:"/usr/bin/make" "cmTryCompileExec2757792714/fast"
make[4]: Entering directory '/opt/rt-n56u/trunk/libs/libwebsockets/libwebsockets-2.0.3/CMakeFiles/CMakeTmp'
/usr/bin/make -f CMakeFiles/cmTryCompileExec2757792714.dir/build.make CMakeFiles/cmTryCompileExec2757792714.dir/build
make[5]: Entering directory '/opt/rt-n56u/trunk/libs/libwebsockets/libwebsockets-2.0.3/CMakeFiles/CMakeTmp'
/usr/bin/cmake -E cmake_progress_report /opt/rt-n56u/trunk/libs/libwebsockets/libwebsockets-2.0.3/CMakeFiles/CMakeTmp/CMakeFiles 1
Building C object CMakeFiles/cmTryCompileExec2757792714.dir/CheckFunctionExists.c.o
/opt/rt-n56u/toolchain-mipsel/toolchain-3.4.x/bin/mipsel-linux-uclibc-gcc  -DKEYWORD=__inline -Os -fomit-frame-pointer -pipe  -DEMBED -I/opt/rt-n56u/trunk/stage/include -Dlinux -D__linux__ -Dunix -Wall -Wno-trigraphs -Wno-strict-aliasing -Wno-format-security   -Wno-pointer-sign -ffunction-sections -fdata-sections  -DCHECK_FUNCTION_EXISTS=getloadavg   -o CMakeFiles/cmTryCompileExec2757792714.dir/CheckFunctionExists.c.o   -c /usr/share/cmake-3.2/Modules/CheckFunctionExists.c
Linking C executable cmTryCompileExec2757792714
/usr/bin/cmake -E cmake_link_script CMakeFiles/cmTryCompileExec2757792714.dir/link.txt --verbose=1
/opt/rt-n56u/toolchain-mipsel/toolchain-3.4.x/bin/mipsel-linux-uclibc-gcc  -Os -fomit-frame-pointer -pipe  -DEMBED -I/opt/rt-n56u/trunk/stage/include -Dlinux -D__linux__ -Dunix -Wall -Wno-trigraphs -Wno-strict-aliasing -Wno-format-security   -Wno-pointer-sign -ffunction-sections -fdata-sections  -DCHECK_FUNCTION_EXISTS=getloadavg   -L/opt/rt-n56u/trunk/stage/lib -Wl,--gc-sections  CMakeFiles/cmTryCompileExec2757792714.dir/CheckFunctionExists.c.o  -o cmTryCompileExec2757792714 -rdynamic 
CMakeFiles/cmTryCompileExec2757792714.dir/CheckFunctionExists.c.o: In function `main':
CheckFunctionExists.c:(.text.main+0x14): undefined reference to `getloadavg'
collect2: ld returned 1 exit status
CMakeFiles/cmTryCompileExec2757792714.dir/build.make:88: recipe for target 'cmTryCompileExec2757792714' failed
make[5]: *** [cmTryCompileExec2757792714] Error 1
make[5]: Leaving directory '/opt/rt-n56u/trunk/libs/libwebsockets/libwebsockets-2.0.3/CMakeFiles/CMakeTmp'
Makefile:117: recipe for target 'cmTryCompileExec2757792714/fast' failed
make[4]: *** [cmTryCompileExec2757792714/fast] Error 2
make[4]: Leaving directory '/opt/rt-n56u/trunk/libs/libwebsockets/libwebsockets-2.0.3/CMakeFiles/CMakeTmp'


Determining if the include file in6addr.h exists failed with the following output:
Change Dir: /opt/rt-n56u/trunk/libs/libwebsockets/libwebsockets-2.0.3/CMakeFiles/CMakeTmp

Run Build Command:"/usr/bin/make" "cmTryCompileExec2263475253/fast"
make[4]: Entering directory '/opt/rt-n56u/trunk/libs/libwebsockets/libwebsockets-2.0.3/CMakeFiles/CMakeTmp'
/usr/bin/make -f CMakeFiles/cmTryCompileExec2263475253.dir/build.make CMakeFiles/cmTryCompileExec2263475253.dir/build
make[5]: Entering directory '/opt/rt-n56u/trunk/libs/libwebsockets/libwebsockets-2.0.3/CMakeFiles/CMakeTmp'
/usr/bin/cmake -E cmake_progress_report /opt/rt-n56u/trunk/libs/libwebsockets/libwebsockets-2.0.3/CMakeFiles/CMakeTmp/CMakeFiles 1
Building C object CMakeFiles/cmTryCompileExec2263475253.dir/CheckIncludeFile.c.o
/opt/rt-n56u/toolchain-mipsel/toolchain-3.4.x/bin/mipsel-linux-uclibc-gcc  -DKEYWORD=__inline -Os -fomit-frame-pointer -pipe  -DEMBED -I/opt/rt-n56u/trunk/stage/include -Dlinux -D__linux__ -Dunix -Wall -Wno-trigraphs -Wno-strict-aliasing -Wno-format-security   -Wno-pointer-sign -ffunction-sections -fdata-sections     -o CMakeFiles/cmTryCompileExec2263475253.dir/CheckIncludeFile.c.o   -c /opt/rt-n56u/trunk/libs/libwebsockets/libwebsockets-2.0.3/CMakeFiles/CMakeTmp/CheckIncludeFile.c
/opt/rt-n56u/trunk/libs/libwebsockets/libwebsockets-2.0.3/CMakeFiles/CMakeTmp/CheckIncludeFile.c:1:21: error: in6addr.h: No such file or directory
CMakeFiles/cmTryCompileExec2263475253.dir/build.make:57: recipe for target 'CMakeFiles/cmTryCompileExec2263475253.dir/CheckIncludeFile.c.o' failed
make[5]: *** [CMakeFiles/cmTryCompileExec2263475253.dir/CheckIncludeFile.c.o] Error 1
make[5]: Leaving directory '/opt/rt-n56u/trunk/libs/libwebsockets/libwebsockets-2.0.3/CMakeFiles/CMakeTmp'
Makefile:117: recipe for target 'cmTryCompileExec2263475253/fast' failed
make[4]: *** [cmTryCompileExec2263475253/fast] Error 2
make[4]: Leaving directory '/opt/rt-n56u/trunk/libs/libwebsockets/libwebsockets-2.0.3/CMakeFiles/CMakeTmp'


Determining if the include file vfork.h exists failed with the following output:
Change Dir: /opt/rt-n56u/trunk/libs/libwebsockets/libwebsockets-2.0.3/CMakeFiles/CMakeTmp

Run Build Command:"/usr/bin/make" "cmTryCompileExec2233112494/fast"
make[4]: Entering directory '/opt/rt-n56u/trunk/libs/libwebsockets/libwebsockets-2.0.3/CMakeFiles/CMakeTmp'
/usr/bin/make -f CMakeFiles/cmTryCompileExec2233112494.dir/build.make CMakeFiles/cmTryCompileExec2233112494.dir/build
make[5]: Entering directory '/opt/rt-n56u/trunk/libs/libwebsockets/libwebsockets-2.0.3/CMakeFiles/CMakeTmp'
/usr/bin/cmake -E cmake_progress_report /opt/rt-n56u/trunk/libs/libwebsockets/libwebsockets-2.0.3/CMakeFiles/CMakeTmp/CMakeFiles 1
Building C object CMakeFiles/cmTryCompileExec2233112494.dir/CheckIncludeFile.c.o
/opt/rt-n56u/toolchain-mipsel/toolchain-3.4.x/bin/mipsel-linux-uclibc-gcc  -DKEYWORD=__inline -Os -fomit-frame-pointer -pipe  -DEMBED -I/opt/rt-n56u/trunk/stage/include -Dlinux -D__linux__ -Dunix -Wall -Wno-trigraphs -Wno-strict-aliasing -Wno-format-security   -Wno-pointer-sign -ffunction-sections -fdata-sections     -o CMakeFiles/cmTryCompileExec2233112494.dir/CheckIncludeFile.c.o   -c /opt/rt-n56u/trunk/libs/libwebsockets/libwebsockets-2.0.3/CMakeFiles/CMakeTmp/CheckIncludeFile.c
/opt/rt-n56u/trunk/libs/libwebsockets/libwebsockets-2.0.3/CMakeFiles/CMakeTmp/CheckIncludeFile.c:1:19: error: vfork.h: No such file or directory
CMakeFiles/cmTryCompileExec2233112494.dir/build.make:57: recipe for target 'CMakeFiles/cmTryCompileExec2233112494.dir/CheckIncludeFile.c.o' failed
make[5]: *** [CMakeFiles/cmTryCompileExec2233112494.dir/CheckIncludeFile.c.o] Error 1
make[5]: Leaving directory '/opt/rt-n56u/trunk/libs/libwebsockets/libwebsockets-2.0.3/CMakeFiles/CMakeTmp'
Makefile:117: recipe for target 'cmTryCompileExec2233112494/fast' failed
make[4]: *** [cmTryCompileExec2233112494/fast] Error 2
make[4]: Leaving directory '/opt/rt-n56u/trunk/libs/libwebsockets/libwebsockets-2.0.3/CMakeFiles/CMakeTmp'


Determining if the include file openssl/ecdh.h exists failed with the following output:
Change Dir: /opt/rt-n56u/trunk/libs/libwebsockets/libwebsockets-2.0.3/CMakeFiles/CMakeTmp

Run Build Command:"/usr/bin/make" "cmTryCompileExec251804890/fast"
make[4]: Entering directory '/opt/rt-n56u/trunk/libs/libwebsockets/libwebsockets-2.0.3/CMakeFiles/CMakeTmp'
/usr/bin/make -f CMakeFiles/cmTryCompileExec251804890.dir/build.make CMakeFiles/cmTryCompileExec251804890.dir/build
make[5]: Entering directory '/opt/rt-n56u/trunk/libs/libwebsockets/libwebsockets-2.0.3/CMakeFiles/CMakeTmp'
/usr/bin/cmake -E cmake_progress_report /opt/rt-n56u/trunk/libs/libwebsockets/libwebsockets-2.0.3/CMakeFiles/CMakeTmp/CMakeFiles 1
Building C object CMakeFiles/cmTryCompileExec251804890.dir/CheckIncludeFile.c.o
/opt/rt-n56u/toolchain-mipsel/toolchain-3.4.x/bin/mipsel-linux-uclibc-gcc  -DKEYWORD=__inline -Wall -Werror -fvisibility=hidden -Os -fomit-frame-pointer -pipe  -DEMBED -I/opt/rt-n56u/trunk/stage/include -Dlinux -D__linux__ -Dunix -Wall -Wno-trigraphs -Wno-strict-aliasing -Wno-format-security   -Wno-pointer-sign -ffunction-sections -fdata-sections  -pthread  -I/opt/rt-n56u/trunk/stage/include    -o CMakeFiles/cmTryCompileExec251804890.dir/CheckIncludeFile.c.o   -c /opt/rt-n56u/trunk/libs/libwebsockets/libwebsockets-2.0.3/CMakeFiles/CMakeTmp/CheckIncludeFile.c
/opt/rt-n56u/trunk/libs/libwebsockets/libwebsockets-2.0.3/CMakeFiles/CMakeTmp/CheckIncludeFile.c:1:26: error: openssl/ecdh.h: No such file or directory
CMakeFiles/cmTryCompileExec251804890.dir/build.make:57: recipe for target 'CMakeFiles/cmTryCompileExec251804890.dir/CheckIncludeFile.c.o' failed
make[5]: *** [CMakeFiles/cmTryCompileExec251804890.dir/CheckIncludeFile.c.o] Error 1
make[5]: Leaving directory '/opt/rt-n56u/trunk/libs/libwebsockets/libwebsockets-2.0.3/CMakeFiles/CMakeTmp'
Makefile:117: recipe for target 'cmTryCompileExec251804890/fast' failed
make[4]: *** [cmTryCompileExec251804890/fast] Error 2
make[4]: Leaving directory '/opt/rt-n56u/trunk/libs/libwebsockets/libwebsockets-2.0.3/CMakeFiles/CMakeTmp'


