The target system is: Linux -  - 
The host system is: Linux - 4.2.0-16-generic - x86_64
Compiling the C compiler identification source file "CMakeCCompilerId.c" succeeded.
Compiler: /opt/rt-n56u/toolchain-mipsel/toolchain-3.4.x/bin/mipsel-linux-uclibc-gcc 
Build flags: 
Id flags: 

The output was:
0


Compilation of the C compiler identification source "CMakeCCompilerId.c" produced "a.out"

The C compiler identification is GNU, found in "/opt/rt-n56u/trunk/user/ttyd/ttyd-1.0.0/CMakeFiles/3.2.2/CompilerIdC/a.out"

Compiling the CXX compiler identification source file "CMakeCXXCompilerId.cpp" succeeded.
Compiler: /opt/rt-n56u/toolchain-mipsel/toolchain-3.4.x/bin/mipsel-linux-uclibc-g++ 
Build flags: 
Id flags: 

The output was:
0


Compilation of the CXX compiler identification source "CMakeCXXCompilerId.cpp" produced "a.out"

The CXX compiler identification is GNU, found in "/opt/rt-n56u/trunk/user/ttyd/ttyd-1.0.0/CMakeFiles/3.2.2/CompilerIdCXX/a.out"

Determining if the C compiler works passed with the following output:
Change Dir: /opt/rt-n56u/trunk/user/ttyd/ttyd-1.0.0/CMakeFiles/CMakeTmp

Run Build Command:"/usr/bin/make" "cmTryCompileExec4119190778/fast"
make[1]: Entering directory '/opt/rt-n56u/trunk/user/ttyd/ttyd-1.0.0/CMakeFiles/CMakeTmp'
/usr/bin/make -f CMakeFiles/cmTryCompileExec4119190778.dir/build.make CMakeFiles/cmTryCompileExec4119190778.dir/build
make[2]: Entering directory '/opt/rt-n56u/trunk/user/ttyd/ttyd-1.0.0/CMakeFiles/CMakeTmp'
/usr/bin/cmake -E cmake_progress_report /opt/rt-n56u/trunk/user/ttyd/ttyd-1.0.0/CMakeFiles/CMakeTmp/CMakeFiles 1
Building C object CMakeFiles/cmTryCompileExec4119190778.dir/testCCompiler.c.o
/opt/rt-n56u/toolchain-mipsel/toolchain-3.4.x/bin/mipsel-linux-uclibc-gcc    -o CMakeFiles/cmTryCompileExec4119190778.dir/testCCompiler.c.o   -c /opt/rt-n56u/trunk/user/ttyd/ttyd-1.0.0/CMakeFiles/CMakeTmp/testCCompiler.c
Linking C executable cmTryCompileExec4119190778
/usr/bin/cmake -E cmake_link_script CMakeFiles/cmTryCompileExec4119190778.dir/link.txt --verbose=1
/opt/rt-n56u/toolchain-mipsel/toolchain-3.4.x/bin/mipsel-linux-uclibc-gcc       CMakeFiles/cmTryCompileExec4119190778.dir/testCCompiler.c.o  -o cmTryCompileExec4119190778 -rdynamic 
make[2]: Leaving directory '/opt/rt-n56u/trunk/user/ttyd/ttyd-1.0.0/CMakeFiles/CMakeTmp'
make[1]: Leaving directory '/opt/rt-n56u/trunk/user/ttyd/ttyd-1.0.0/CMakeFiles/CMakeTmp'


Detecting C compiler ABI info compiled with the following output:
Change Dir: /opt/rt-n56u/trunk/user/ttyd/ttyd-1.0.0/CMakeFiles/CMakeTmp

Run Build Command:"/usr/bin/make" "cmTryCompileExec561759868/fast"
make[1]: Entering directory '/opt/rt-n56u/trunk/user/ttyd/ttyd-1.0.0/CMakeFiles/CMakeTmp'
/usr/bin/make -f CMakeFiles/cmTryCompileExec561759868.dir/build.make CMakeFiles/cmTryCompileExec561759868.dir/build
make[2]: Entering directory '/opt/rt-n56u/trunk/user/ttyd/ttyd-1.0.0/CMakeFiles/CMakeTmp'
/usr/bin/cmake -E cmake_progress_report /opt/rt-n56u/trunk/user/ttyd/ttyd-1.0.0/CMakeFiles/CMakeTmp/CMakeFiles 1
Building C object CMakeFiles/cmTryCompileExec561759868.dir/CMakeCCompilerABI.c.o
/opt/rt-n56u/toolchain-mipsel/toolchain-3.4.x/bin/mipsel-linux-uclibc-gcc    -o CMakeFiles/cmTryCompileExec561759868.dir/CMakeCCompilerABI.c.o   -c /usr/share/cmake-3.2/Modules/CMakeCCompilerABI.c
Linking C executable cmTryCompileExec561759868
/usr/bin/cmake -E cmake_link_script CMakeFiles/cmTryCompileExec561759868.dir/link.txt --verbose=1
/opt/rt-n56u/toolchain-mipsel/toolchain-3.4.x/bin/mipsel-linux-uclibc-gcc      -v CMakeFiles/cmTryCompileExec561759868.dir/CMakeCCompilerABI.c.o  -o cmTryCompileExec561759868 -rdynamic  
Using built-in specs.
Target: mipsel-linux-uclibc
Configured with: ../gcc-4.4.7/configure --target=mipsel-linux-uclibc --prefix=/opt/rt-n56u/toolchain-mipsel/toolchain-3.4.x --with-gnu-ld --with-gnu-as --disable-shared --disable-multilib --enable-tls --enable-threads=posix --disable-libmudflap --disable-libssp --disable-sanity-checks --disable-werror --disable-lto --enable-ld=yes --enable-gold=no --disable-libgomp --disable-nls --with-sysroot=/opt/rt-n56u/toolchain-mipsel/toolchain-3.4.x --enable-languages=c++
Thread model: posix
gcc version 4.4.7 (GCC) 
COMPILER_PATH=/opt/rt-n56u/toolchain-mipsel/toolchain-3.4.x/libexec/gcc/mipsel-linux-uclibc/4.4.7/:/opt/rt-n56u/toolchain-mipsel/toolchain-3.4.x/libexec/gcc/mipsel-linux-uclibc/4.4.7/:/opt/rt-n56u/toolchain-mipsel/toolchain-3.4.x/libexec/gcc/mipsel-linux-uclibc/:/opt/rt-n56u/toolchain-mipsel/toolchain-3.4.x/lib/gcc/mipsel-linux-uclibc/4.4.7/:/opt/rt-n56u/toolchain-mipsel/toolchain-3.4.x/lib/gcc/mipsel-linux-uclibc/:/opt/rt-n56u/toolchain-mipsel/toolchain-3.4.x/lib/gcc/mipsel-linux-uclibc/4.4.7/../../../../mipsel-linux-uclibc/bin/
LIBRARY_PATH=/opt/rt-n56u/toolchain-mipsel/toolchain-3.4.x/lib/gcc/mipsel-linux-uclibc/4.4.7/:/opt/rt-n56u/toolchain-mipsel/toolchain-3.4.x/lib/gcc/mipsel-linux-uclibc/4.4.7/../../../../mipsel-linux-uclibc/lib/:/opt/rt-n56u/toolchain-mipsel/toolchain-3.4.x/lib/
COLLECT_GCC_OPTIONS='-v' '-o' 'cmTryCompileExec561759868' '-rdynamic' '-mllsc' '-mno-shared'
 /opt/rt-n56u/toolchain-mipsel/toolchain-3.4.x/libexec/gcc/mipsel-linux-uclibc/4.4.7/collect2 --sysroot=/opt/rt-n56u/toolchain-mipsel/toolchain-3.4.x --eh-frame-hdr -EL -export-dynamic -dynamic-linker /lib/ld-uClibc.so.0 -o cmTryCompileExec561759868 /opt/rt-n56u/toolchain-mipsel/toolchain-3.4.x/lib/crt1.o /opt/rt-n56u/toolchain-mipsel/toolchain-3.4.x/lib/crti.o /opt/rt-n56u/toolchain-mipsel/toolchain-3.4.x/lib/gcc/mipsel-linux-uclibc/4.4.7/crtbegin.o -L/opt/rt-n56u/toolchain-mipsel/toolchain-3.4.x/lib/gcc/mipsel-linux-uclibc/4.4.7 -L/opt/rt-n56u/toolchain-mipsel/toolchain-3.4.x/lib/gcc/mipsel-linux-uclibc/4.4.7/../../../../mipsel-linux-uclibc/lib -L/opt/rt-n56u/toolchain-mipsel/toolchain-3.4.x/lib CMakeFiles/cmTryCompileExec561759868.dir/CMakeCCompilerABI.c.o -lgcc -lc -lgcc /opt/rt-n56u/toolchain-mipsel/toolchain-3.4.x/lib/gcc/mipsel-linux-uclibc/4.4.7/crtend.o /opt/rt-n56u/toolchain-mipsel/toolchain-3.4.x/lib/crtn.o
make[2]: Leaving directory '/opt/rt-n56u/trunk/user/ttyd/ttyd-1.0.0/CMakeFiles/CMakeTmp'
make[1]: Leaving directory '/opt/rt-n56u/trunk/user/ttyd/ttyd-1.0.0/CMakeFiles/CMakeTmp'


Parsed C implicit link information from above output:
  link line regex: [^( *|.*[/\])(mipsel-linux-uclibc-ld|([^/\]+-)?ld|collect2)[^/\]*( |$)]
  ignore line: [Change Dir: /opt/rt-n56u/trunk/user/ttyd/ttyd-1.0.0/CMakeFiles/CMakeTmp]
  ignore line: []
  ignore line: [Run Build Command:"/usr/bin/make" "cmTryCompileExec561759868/fast"]
  ignore line: [make[1]: Entering directory '/opt/rt-n56u/trunk/user/ttyd/ttyd-1.0.0/CMakeFiles/CMakeTmp']
  ignore line: [/usr/bin/make -f CMakeFiles/cmTryCompileExec561759868.dir/build.make CMakeFiles/cmTryCompileExec561759868.dir/build]
  ignore line: [make[2]: Entering directory '/opt/rt-n56u/trunk/user/ttyd/ttyd-1.0.0/CMakeFiles/CMakeTmp']
  ignore line: [/usr/bin/cmake -E cmake_progress_report /opt/rt-n56u/trunk/user/ttyd/ttyd-1.0.0/CMakeFiles/CMakeTmp/CMakeFiles 1]
  ignore line: [Building C object CMakeFiles/cmTryCompileExec561759868.dir/CMakeCCompilerABI.c.o]
  ignore line: [/opt/rt-n56u/toolchain-mipsel/toolchain-3.4.x/bin/mipsel-linux-uclibc-gcc    -o CMakeFiles/cmTryCompileExec561759868.dir/CMakeCCompilerABI.c.o   -c /usr/share/cmake-3.2/Modules/CMakeCCompilerABI.c]
  ignore line: [Linking C executable cmTryCompileExec561759868]
  ignore line: [/usr/bin/cmake -E cmake_link_script CMakeFiles/cmTryCompileExec561759868.dir/link.txt --verbose=1]
  ignore line: [/opt/rt-n56u/toolchain-mipsel/toolchain-3.4.x/bin/mipsel-linux-uclibc-gcc      -v CMakeFiles/cmTryCompileExec561759868.dir/CMakeCCompilerABI.c.o  -o cmTryCompileExec561759868 -rdynamic  ]
  ignore line: [Using built-in specs.]
  ignore line: [Target: mipsel-linux-uclibc]
  ignore line: [Configured with: ../gcc-4.4.7/configure --target=mipsel-linux-uclibc --prefix=/opt/rt-n56u/toolchain-mipsel/toolchain-3.4.x --with-gnu-ld --with-gnu-as --disable-shared --disable-multilib --enable-tls --enable-threads=posix --disable-libmudflap --disable-libssp --disable-sanity-checks --disable-werror --disable-lto --enable-ld=yes --enable-gold=no --disable-libgomp --disable-nls --with-sysroot=/opt/rt-n56u/toolchain-mipsel/toolchain-3.4.x --enable-languages=c++]
  ignore line: [Thread model: posix]
  ignore line: [gcc version 4.4.7 (GCC) ]
  ignore line: [COMPILER_PATH=/opt/rt-n56u/toolchain-mipsel/toolchain-3.4.x/libexec/gcc/mipsel-linux-uclibc/4.4.7/:/opt/rt-n56u/toolchain-mipsel/toolchain-3.4.x/libexec/gcc/mipsel-linux-uclibc/4.4.7/:/opt/rt-n56u/toolchain-mipsel/toolchain-3.4.x/libexec/gcc/mipsel-linux-uclibc/:/opt/rt-n56u/toolchain-mipsel/toolchain-3.4.x/lib/gcc/mipsel-linux-uclibc/4.4.7/:/opt/rt-n56u/toolchain-mipsel/toolchain-3.4.x/lib/gcc/mipsel-linux-uclibc/:/opt/rt-n56u/toolchain-mipsel/toolchain-3.4.x/lib/gcc/mipsel-linux-uclibc/4.4.7/../../../../mipsel-linux-uclibc/bin/]
  ignore line: [LIBRARY_PATH=/opt/rt-n56u/toolchain-mipsel/toolchain-3.4.x/lib/gcc/mipsel-linux-uclibc/4.4.7/:/opt/rt-n56u/toolchain-mipsel/toolchain-3.4.x/lib/gcc/mipsel-linux-uclibc/4.4.7/../../../../mipsel-linux-uclibc/lib/:/opt/rt-n56u/toolchain-mipsel/toolchain-3.4.x/lib/]
  ignore line: [COLLECT_GCC_OPTIONS='-v' '-o' 'cmTryCompileExec561759868' '-rdynamic' '-mllsc' '-mno-shared']
  link line: [ /opt/rt-n56u/toolchain-mipsel/toolchain-3.4.x/libexec/gcc/mipsel-linux-uclibc/4.4.7/collect2 --sysroot=/opt/rt-n56u/toolchain-mipsel/toolchain-3.4.x --eh-frame-hdr -EL -export-dynamic -dynamic-linker /lib/ld-uClibc.so.0 -o cmTryCompileExec561759868 /opt/rt-n56u/toolchain-mipsel/toolchain-3.4.x/lib/crt1.o /opt/rt-n56u/toolchain-mipsel/toolchain-3.4.x/lib/crti.o /opt/rt-n56u/toolchain-mipsel/toolchain-3.4.x/lib/gcc/mipsel-linux-uclibc/4.4.7/crtbegin.o -L/opt/rt-n56u/toolchain-mipsel/toolchain-3.4.x/lib/gcc/mipsel-linux-uclibc/4.4.7 -L/opt/rt-n56u/toolchain-mipsel/toolchain-3.4.x/lib/gcc/mipsel-linux-uclibc/4.4.7/../../../../mipsel-linux-uclibc/lib -L/opt/rt-n56u/toolchain-mipsel/toolchain-3.4.x/lib CMakeFiles/cmTryCompileExec561759868.dir/CMakeCCompilerABI.c.o -lgcc -lc -lgcc /opt/rt-n56u/toolchain-mipsel/toolchain-3.4.x/lib/gcc/mipsel-linux-uclibc/4.4.7/crtend.o /opt/rt-n56u/toolchain-mipsel/toolchain-3.4.x/lib/crtn.o]
    arg [/opt/rt-n56u/toolchain-mipsel/toolchain-3.4.x/libexec/gcc/mipsel-linux-uclibc/4.4.7/collect2] ==> ignore
    arg [--sysroot=/opt/rt-n56u/toolchain-mipsel/toolchain-3.4.x] ==> ignore
    arg [--eh-frame-hdr] ==> ignore
    arg [-EL] ==> ignore
    arg [-export-dynamic] ==> ignore
    arg [-dynamic-linker] ==> ignore
    arg [/lib/ld-uClibc.so.0] ==> ignore
    arg [-o] ==> ignore
    arg [cmTryCompileExec561759868] ==> ignore
    arg [/opt/rt-n56u/toolchain-mipsel/toolchain-3.4.x/lib/crt1.o] ==> ignore
    arg [/opt/rt-n56u/toolchain-mipsel/toolchain-3.4.x/lib/crti.o] ==> ignore
    arg [/opt/rt-n56u/toolchain-mipsel/toolchain-3.4.x/lib/gcc/mipsel-linux-uclibc/4.4.7/crtbegin.o] ==> ignore
    arg [-L/opt/rt-n56u/toolchain-mipsel/toolchain-3.4.x/lib/gcc/mipsel-linux-uclibc/4.4.7] ==> dir [/opt/rt-n56u/toolchain-mipsel/toolchain-3.4.x/lib/gcc/mipsel-linux-uclibc/4.4.7]
    arg [-L/opt/rt-n56u/toolchain-mipsel/toolchain-3.4.x/lib/gcc/mipsel-linux-uclibc/4.4.7/../../../../mipsel-linux-uclibc/lib] ==> dir [/opt/rt-n56u/toolchain-mipsel/toolchain-3.4.x/lib/gcc/mipsel-linux-uclibc/4.4.7/../../../../mipsel-linux-uclibc/lib]
    arg [-L/opt/rt-n56u/toolchain-mipsel/toolchain-3.4.x/lib] ==> dir [/opt/rt-n56u/toolchain-mipsel/toolchain-3.4.x/lib]
    arg [CMakeFiles/cmTryCompileExec561759868.dir/CMakeCCompilerABI.c.o] ==> ignore
    arg [-lgcc] ==> lib [gcc]
    arg [-lc] ==> lib [c]
    arg [-lgcc] ==> lib [gcc]
    arg [/opt/rt-n56u/toolchain-mipsel/toolchain-3.4.x/lib/gcc/mipsel-linux-uclibc/4.4.7/crtend.o] ==> ignore
    arg [/opt/rt-n56u/toolchain-mipsel/toolchain-3.4.x/lib/crtn.o] ==> ignore
  remove lib [gcc]
  remove lib [gcc]
  collapse library dir [/opt/rt-n56u/toolchain-mipsel/toolchain-3.4.x/lib/gcc/mipsel-linux-uclibc/4.4.7] ==> [/opt/rt-n56u/toolchain-mipsel/toolchain-3.4.x/lib/gcc/mipsel-linux-uclibc/4.4.7]
  collapse library dir [/opt/rt-n56u/toolchain-mipsel/toolchain-3.4.x/lib/gcc/mipsel-linux-uclibc/4.4.7/../../../../mipsel-linux-uclibc/lib] ==> [/opt/rt-n56u/toolchain-mipsel/toolchain-3.4.x/mipsel-linux-uclibc/lib]
  collapse library dir [/opt/rt-n56u/toolchain-mipsel/toolchain-3.4.x/lib] ==> [/opt/rt-n56u/toolchain-mipsel/toolchain-3.4.x/lib]
  implicit libs: [c]
  implicit dirs: [/opt/rt-n56u/toolchain-mipsel/toolchain-3.4.x/lib/gcc/mipsel-linux-uclibc/4.4.7;/opt/rt-n56u/toolchain-mipsel/toolchain-3.4.x/mipsel-linux-uclibc/lib;/opt/rt-n56u/toolchain-mipsel/toolchain-3.4.x/lib]
  implicit fwks: []




Detecting C [-std=c99] compiler features compiled with the following output:
Change Dir: /opt/rt-n56u/trunk/user/ttyd/ttyd-1.0.0/CMakeFiles/CMakeTmp

Run Build Command:"/usr/bin/make" "cmTryCompileExec2706669936/fast"
make[1]: Entering directory '/opt/rt-n56u/trunk/user/ttyd/ttyd-1.0.0/CMakeFiles/CMakeTmp'
/usr/bin/make -f CMakeFiles/cmTryCompileExec2706669936.dir/build.make CMakeFiles/cmTryCompileExec2706669936.dir/build
make[2]: Entering directory '/opt/rt-n56u/trunk/user/ttyd/ttyd-1.0.0/CMakeFiles/CMakeTmp'
/usr/bin/cmake -E cmake_progress_report /opt/rt-n56u/trunk/user/ttyd/ttyd-1.0.0/CMakeFiles/CMakeTmp/CMakeFiles 1
Building C object CMakeFiles/cmTryCompileExec2706669936.dir/feature_tests.c.o
/opt/rt-n56u/toolchain-mipsel/toolchain-3.4.x/bin/mipsel-linux-uclibc-gcc   -std=c99 -o CMakeFiles/cmTryCompileExec2706669936.dir/feature_tests.c.o   -c /opt/rt-n56u/trunk/user/ttyd/ttyd-1.0.0/CMakeFiles/feature_tests.c
Linking C executable cmTryCompileExec2706669936
/usr/bin/cmake -E cmake_link_script CMakeFiles/cmTryCompileExec2706669936.dir/link.txt --verbose=1
/opt/rt-n56u/toolchain-mipsel/toolchain-3.4.x/bin/mipsel-linux-uclibc-gcc       CMakeFiles/cmTryCompileExec2706669936.dir/feature_tests.c.o  -o cmTryCompileExec2706669936 -rdynamic 
make[2]: Leaving directory '/opt/rt-n56u/trunk/user/ttyd/ttyd-1.0.0/CMakeFiles/CMakeTmp'
make[1]: Leaving directory '/opt/rt-n56u/trunk/user/ttyd/ttyd-1.0.0/CMakeFiles/CMakeTmp'


    Feature record: C_FEATURE:1c_function_prototypes
    Feature record: C_FEATURE:1c_restrict
    Feature record: C_FEATURE:0c_static_assert
    Feature record: C_FEATURE:1c_variadic_macros


Detecting C [-std=c89] compiler features compiled with the following output:
Change Dir: /opt/rt-n56u/trunk/user/ttyd/ttyd-1.0.0/CMakeFiles/CMakeTmp

Run Build Command:"/usr/bin/make" "cmTryCompileExec3189158804/fast"
make[1]: Entering directory '/opt/rt-n56u/trunk/user/ttyd/ttyd-1.0.0/CMakeFiles/CMakeTmp'
/usr/bin/make -f CMakeFiles/cmTryCompileExec3189158804.dir/build.make CMakeFiles/cmTryCompileExec3189158804.dir/build
make[2]: Entering directory '/opt/rt-n56u/trunk/user/ttyd/ttyd-1.0.0/CMakeFiles/CMakeTmp'
/usr/bin/cmake -E cmake_progress_report /opt/rt-n56u/trunk/user/ttyd/ttyd-1.0.0/CMakeFiles/CMakeTmp/CMakeFiles 1
Building C object CMakeFiles/cmTryCompileExec3189158804.dir/feature_tests.c.o
/opt/rt-n56u/toolchain-mipsel/toolchain-3.4.x/bin/mipsel-linux-uclibc-gcc   -std=c89 -o CMakeFiles/cmTryCompileExec3189158804.dir/feature_tests.c.o   -c /opt/rt-n56u/trunk/user/ttyd/ttyd-1.0.0/CMakeFiles/feature_tests.c
Linking C executable cmTryCompileExec3189158804
/usr/bin/cmake -E cmake_link_script CMakeFiles/cmTryCompileExec3189158804.dir/link.txt --verbose=1
/opt/rt-n56u/toolchain-mipsel/toolchain-3.4.x/bin/mipsel-linux-uclibc-gcc       CMakeFiles/cmTryCompileExec3189158804.dir/feature_tests.c.o  -o cmTryCompileExec3189158804 -rdynamic 
make[2]: Leaving directory '/opt/rt-n56u/trunk/user/ttyd/ttyd-1.0.0/CMakeFiles/CMakeTmp'
make[1]: Leaving directory '/opt/rt-n56u/trunk/user/ttyd/ttyd-1.0.0/CMakeFiles/CMakeTmp'


    Feature record: C_FEATURE:1c_function_prototypes
    Feature record: C_FEATURE:0c_restrict
    Feature record: C_FEATURE:0c_static_assert
    Feature record: C_FEATURE:0c_variadic_macros
Determining if the CXX compiler works passed with the following output:
Change Dir: /opt/rt-n56u/trunk/user/ttyd/ttyd-1.0.0/CMakeFiles/CMakeTmp

Run Build Command:"/usr/bin/make" "cmTryCompileExec3156347920/fast"
make[1]: Entering directory '/opt/rt-n56u/trunk/user/ttyd/ttyd-1.0.0/CMakeFiles/CMakeTmp'
/usr/bin/make -f CMakeFiles/cmTryCompileExec3156347920.dir/build.make CMakeFiles/cmTryCompileExec3156347920.dir/build
make[2]: Entering directory '/opt/rt-n56u/trunk/user/ttyd/ttyd-1.0.0/CMakeFiles/CMakeTmp'
/usr/bin/cmake -E cmake_progress_report /opt/rt-n56u/trunk/user/ttyd/ttyd-1.0.0/CMakeFiles/CMakeTmp/CMakeFiles 1
Building CXX object CMakeFiles/cmTryCompileExec3156347920.dir/testCXXCompiler.cxx.o
/opt/rt-n56u/toolchain-mipsel/toolchain-3.4.x/bin/mipsel-linux-uclibc-g++     -o CMakeFiles/cmTryCompileExec3156347920.dir/testCXXCompiler.cxx.o -c /opt/rt-n56u/trunk/user/ttyd/ttyd-1.0.0/CMakeFiles/CMakeTmp/testCXXCompiler.cxx
Linking CXX executable cmTryCompileExec3156347920
/usr/bin/cmake -E cmake_link_script CMakeFiles/cmTryCompileExec3156347920.dir/link.txt --verbose=1
/opt/rt-n56u/toolchain-mipsel/toolchain-3.4.x/bin/mipsel-linux-uclibc-g++        CMakeFiles/cmTryCompileExec3156347920.dir/testCXXCompiler.cxx.o  -o cmTryCompileExec3156347920 -rdynamic 
make[2]: Leaving directory '/opt/rt-n56u/trunk/user/ttyd/ttyd-1.0.0/CMakeFiles/CMakeTmp'
make[1]: Leaving directory '/opt/rt-n56u/trunk/user/ttyd/ttyd-1.0.0/CMakeFiles/CMakeTmp'


Detecting CXX compiler ABI info compiled with the following output:
Change Dir: /opt/rt-n56u/trunk/user/ttyd/ttyd-1.0.0/CMakeFiles/CMakeTmp

Run Build Command:"/usr/bin/make" "cmTryCompileExec2076134576/fast"
make[1]: Entering directory '/opt/rt-n56u/trunk/user/ttyd/ttyd-1.0.0/CMakeFiles/CMakeTmp'
/usr/bin/make -f CMakeFiles/cmTryCompileExec2076134576.dir/build.make CMakeFiles/cmTryCompileExec2076134576.dir/build
make[2]: Entering directory '/opt/rt-n56u/trunk/user/ttyd/ttyd-1.0.0/CMakeFiles/CMakeTmp'
/usr/bin/cmake -E cmake_progress_report /opt/rt-n56u/trunk/user/ttyd/ttyd-1.0.0/CMakeFiles/CMakeTmp/CMakeFiles 1
Building CXX object CMakeFiles/cmTryCompileExec2076134576.dir/CMakeCXXCompilerABI.cpp.o
/opt/rt-n56u/toolchain-mipsel/toolchain-3.4.x/bin/mipsel-linux-uclibc-g++     -o CMakeFiles/cmTryCompileExec2076134576.dir/CMakeCXXCompilerABI.cpp.o -c /usr/share/cmake-3.2/Modules/CMakeCXXCompilerABI.cpp
Linking CXX executable cmTryCompileExec2076134576
/usr/bin/cmake -E cmake_link_script CMakeFiles/cmTryCompileExec2076134576.dir/link.txt --verbose=1
/opt/rt-n56u/toolchain-mipsel/toolchain-3.4.x/bin/mipsel-linux-uclibc-g++       -v CMakeFiles/cmTryCompileExec2076134576.dir/CMakeCXXCompilerABI.cpp.o  -o cmTryCompileExec2076134576 -rdynamic  
Using built-in specs.
Target: mipsel-linux-uclibc
Configured with: ../gcc-4.4.7/configure --target=mipsel-linux-uclibc --prefix=/opt/rt-n56u/toolchain-mipsel/toolchain-3.4.x --with-gnu-ld --with-gnu-as --disable-shared --disable-multilib --enable-tls --enable-threads=posix --disable-libmudflap --disable-libssp --disable-sanity-checks --disable-werror --disable-lto --enable-ld=yes --enable-gold=no --disable-libgomp --disable-nls --with-sysroot=/opt/rt-n56u/toolchain-mipsel/toolchain-3.4.x --enable-languages=c++
Thread model: posix
gcc version 4.4.7 (GCC) 
COMPILER_PATH=/opt/rt-n56u/toolchain-mipsel/toolchain-3.4.x/libexec/gcc/mipsel-linux-uclibc/4.4.7/:/opt/rt-n56u/toolchain-mipsel/toolchain-3.4.x/libexec/gcc/mipsel-linux-uclibc/4.4.7/:/opt/rt-n56u/toolchain-mipsel/toolchain-3.4.x/libexec/gcc/mipsel-linux-uclibc/:/opt/rt-n56u/toolchain-mipsel/toolchain-3.4.x/lib/gcc/mipsel-linux-uclibc/4.4.7/:/opt/rt-n56u/toolchain-mipsel/toolchain-3.4.x/lib/gcc/mipsel-linux-uclibc/:/opt/rt-n56u/toolchain-mipsel/toolchain-3.4.x/lib/gcc/mipsel-linux-uclibc/4.4.7/../../../../mipsel-linux-uclibc/bin/
LIBRARY_PATH=/opt/rt-n56u/toolchain-mipsel/toolchain-3.4.x/lib/gcc/mipsel-linux-uclibc/4.4.7/:/opt/rt-n56u/toolchain-mipsel/toolchain-3.4.x/lib/gcc/mipsel-linux-uclibc/4.4.7/../../../../mipsel-linux-uclibc/lib/:/opt/rt-n56u/toolchain-mipsel/toolchain-3.4.x/lib/
COLLECT_GCC_OPTIONS='-v' '-o' 'cmTryCompileExec2076134576' '-rdynamic' '-mllsc' '-mno-shared'
 /opt/rt-n56u/toolchain-mipsel/toolchain-3.4.x/libexec/gcc/mipsel-linux-uclibc/4.4.7/collect2 --sysroot=/opt/rt-n56u/toolchain-mipsel/toolchain-3.4.x --eh-frame-hdr -EL -export-dynamic -dynamic-linker /lib/ld-uClibc.so.0 -o cmTryCompileExec2076134576 /opt/rt-n56u/toolchain-mipsel/toolchain-3.4.x/lib/crt1.o /opt/rt-n56u/toolchain-mipsel/toolchain-3.4.x/lib/crti.o /opt/rt-n56u/toolchain-mipsel/toolchain-3.4.x/lib/gcc/mipsel-linux-uclibc/4.4.7/crtbegin.o -L/opt/rt-n56u/toolchain-mipsel/toolchain-3.4.x/lib/gcc/mipsel-linux-uclibc/4.4.7 -L/opt/rt-n56u/toolchain-mipsel/toolchain-3.4.x/lib/gcc/mipsel-linux-uclibc/4.4.7/../../../../mipsel-linux-uclibc/lib -L/opt/rt-n56u/toolchain-mipsel/toolchain-3.4.x/lib CMakeFiles/cmTryCompileExec2076134576.dir/CMakeCXXCompilerABI.cpp.o -lstdc++ -lm -lgcc -lc -lgcc /opt/rt-n56u/toolchain-mipsel/toolchain-3.4.x/lib/gcc/mipsel-linux-uclibc/4.4.7/crtend.o /opt/rt-n56u/toolchain-mipsel/toolchain-3.4.x/lib/crtn.o
make[2]: Leaving directory '/opt/rt-n56u/trunk/user/ttyd/ttyd-1.0.0/CMakeFiles/CMakeTmp'
make[1]: Leaving directory '/opt/rt-n56u/trunk/user/ttyd/ttyd-1.0.0/CMakeFiles/CMakeTmp'


Parsed CXX implicit link information from above output:
  link line regex: [^( *|.*[/\])(mipsel-linux-uclibc-ld|([^/\]+-)?ld|collect2)[^/\]*( |$)]
  ignore line: [Change Dir: /opt/rt-n56u/trunk/user/ttyd/ttyd-1.0.0/CMakeFiles/CMakeTmp]
  ignore line: []
  ignore line: [Run Build Command:"/usr/bin/make" "cmTryCompileExec2076134576/fast"]
  ignore line: [make[1]: Entering directory '/opt/rt-n56u/trunk/user/ttyd/ttyd-1.0.0/CMakeFiles/CMakeTmp']
  ignore line: [/usr/bin/make -f CMakeFiles/cmTryCompileExec2076134576.dir/build.make CMakeFiles/cmTryCompileExec2076134576.dir/build]
  ignore line: [make[2]: Entering directory '/opt/rt-n56u/trunk/user/ttyd/ttyd-1.0.0/CMakeFiles/CMakeTmp']
  ignore line: [/usr/bin/cmake -E cmake_progress_report /opt/rt-n56u/trunk/user/ttyd/ttyd-1.0.0/CMakeFiles/CMakeTmp/CMakeFiles 1]
  ignore line: [Building CXX object CMakeFiles/cmTryCompileExec2076134576.dir/CMakeCXXCompilerABI.cpp.o]
  ignore line: [/opt/rt-n56u/toolchain-mipsel/toolchain-3.4.x/bin/mipsel-linux-uclibc-g++     -o CMakeFiles/cmTryCompileExec2076134576.dir/CMakeCXXCompilerABI.cpp.o -c /usr/share/cmake-3.2/Modules/CMakeCXXCompilerABI.cpp]
  ignore line: [Linking CXX executable cmTryCompileExec2076134576]
  ignore line: [/usr/bin/cmake -E cmake_link_script CMakeFiles/cmTryCompileExec2076134576.dir/link.txt --verbose=1]
  ignore line: [/opt/rt-n56u/toolchain-mipsel/toolchain-3.4.x/bin/mipsel-linux-uclibc-g++       -v CMakeFiles/cmTryCompileExec2076134576.dir/CMakeCXXCompilerABI.cpp.o  -o cmTryCompileExec2076134576 -rdynamic  ]
  ignore line: [Using built-in specs.]
  ignore line: [Target: mipsel-linux-uclibc]
  ignore line: [Configured with: ../gcc-4.4.7/configure --target=mipsel-linux-uclibc --prefix=/opt/rt-n56u/toolchain-mipsel/toolchain-3.4.x --with-gnu-ld --with-gnu-as --disable-shared --disable-multilib --enable-tls --enable-threads=posix --disable-libmudflap --disable-libssp --disable-sanity-checks --disable-werror --disable-lto --enable-ld=yes --enable-gold=no --disable-libgomp --disable-nls --with-sysroot=/opt/rt-n56u/toolchain-mipsel/toolchain-3.4.x --enable-languages=c++]
  ignore line: [Thread model: posix]
  ignore line: [gcc version 4.4.7 (GCC) ]
  ignore line: [COMPILER_PATH=/opt/rt-n56u/toolchain-mipsel/toolchain-3.4.x/libexec/gcc/mipsel-linux-uclibc/4.4.7/:/opt/rt-n56u/toolchain-mipsel/toolchain-3.4.x/libexec/gcc/mipsel-linux-uclibc/4.4.7/:/opt/rt-n56u/toolchain-mipsel/toolchain-3.4.x/libexec/gcc/mipsel-linux-uclibc/:/opt/rt-n56u/toolchain-mipsel/toolchain-3.4.x/lib/gcc/mipsel-linux-uclibc/4.4.7/:/opt/rt-n56u/toolchain-mipsel/toolchain-3.4.x/lib/gcc/mipsel-linux-uclibc/:/opt/rt-n56u/toolchain-mipsel/toolchain-3.4.x/lib/gcc/mipsel-linux-uclibc/4.4.7/../../../../mipsel-linux-uclibc/bin/]
  ignore line: [LIBRARY_PATH=/opt/rt-n56u/toolchain-mipsel/toolchain-3.4.x/lib/gcc/mipsel-linux-uclibc/4.4.7/:/opt/rt-n56u/toolchain-mipsel/toolchain-3.4.x/lib/gcc/mipsel-linux-uclibc/4.4.7/../../../../mipsel-linux-uclibc/lib/:/opt/rt-n56u/toolchain-mipsel/toolchain-3.4.x/lib/]
  ignore line: [COLLECT_GCC_OPTIONS='-v' '-o' 'cmTryCompileExec2076134576' '-rdynamic' '-mllsc' '-mno-shared']
  link line: [ /opt/rt-n56u/toolchain-mipsel/toolchain-3.4.x/libexec/gcc/mipsel-linux-uclibc/4.4.7/collect2 --sysroot=/opt/rt-n56u/toolchain-mipsel/toolchain-3.4.x --eh-frame-hdr -EL -export-dynamic -dynamic-linker /lib/ld-uClibc.so.0 -o cmTryCompileExec2076134576 /opt/rt-n56u/toolchain-mipsel/toolchain-3.4.x/lib/crt1.o /opt/rt-n56u/toolchain-mipsel/toolchain-3.4.x/lib/crti.o /opt/rt-n56u/toolchain-mipsel/toolchain-3.4.x/lib/gcc/mipsel-linux-uclibc/4.4.7/crtbegin.o -L/opt/rt-n56u/toolchain-mipsel/toolchain-3.4.x/lib/gcc/mipsel-linux-uclibc/4.4.7 -L/opt/rt-n56u/toolchain-mipsel/toolchain-3.4.x/lib/gcc/mipsel-linux-uclibc/4.4.7/../../../../mipsel-linux-uclibc/lib -L/opt/rt-n56u/toolchain-mipsel/toolchain-3.4.x/lib CMakeFiles/cmTryCompileExec2076134576.dir/CMakeCXXCompilerABI.cpp.o -lstdc++ -lm -lgcc -lc -lgcc /opt/rt-n56u/toolchain-mipsel/toolchain-3.4.x/lib/gcc/mipsel-linux-uclibc/4.4.7/crtend.o /opt/rt-n56u/toolchain-mipsel/toolchain-3.4.x/lib/crtn.o]
    arg [/opt/rt-n56u/toolchain-mipsel/toolchain-3.4.x/libexec/gcc/mipsel-linux-uclibc/4.4.7/collect2] ==> ignore
    arg [--sysroot=/opt/rt-n56u/toolchain-mipsel/toolchain-3.4.x] ==> ignore
    arg [--eh-frame-hdr] ==> ignore
    arg [-EL] ==> ignore
    arg [-export-dynamic] ==> ignore
    arg [-dynamic-linker] ==> ignore
    arg [/lib/ld-uClibc.so.0] ==> ignore
    arg [-o] ==> ignore
    arg [cmTryCompileExec2076134576] ==> ignore
    arg [/opt/rt-n56u/toolchain-mipsel/toolchain-3.4.x/lib/crt1.o] ==> ignore
    arg [/opt/rt-n56u/toolchain-mipsel/toolchain-3.4.x/lib/crti.o] ==> ignore
    arg [/opt/rt-n56u/toolchain-mipsel/toolchain-3.4.x/lib/gcc/mipsel-linux-uclibc/4.4.7/crtbegin.o] ==> ignore
    arg [-L/opt/rt-n56u/toolchain-mipsel/toolchain-3.4.x/lib/gcc/mipsel-linux-uclibc/4.4.7] ==> dir [/opt/rt-n56u/toolchain-mipsel/toolchain-3.4.x/lib/gcc/mipsel-linux-uclibc/4.4.7]
    arg [-L/opt/rt-n56u/toolchain-mipsel/toolchain-3.4.x/lib/gcc/mipsel-linux-uclibc/4.4.7/../../../../mipsel-linux-uclibc/lib] ==> dir [/opt/rt-n56u/toolchain-mipsel/toolchain-3.4.x/lib/gcc/mipsel-linux-uclibc/4.4.7/../../../../mipsel-linux-uclibc/lib]
    arg [-L/opt/rt-n56u/toolchain-mipsel/toolchain-3.4.x/lib] ==> dir [/opt/rt-n56u/toolchain-mipsel/toolchain-3.4.x/lib]
    arg [CMakeFiles/cmTryCompileExec2076134576.dir/CMakeCXXCompilerABI.cpp.o] ==> ignore
    arg [-lstdc++] ==> lib [stdc++]
    arg [-lm] ==> lib [m]
    arg [-lgcc] ==> lib [gcc]
    arg [-lc] ==> lib [c]
    arg [-lgcc] ==> lib [gcc]
    arg [/opt/rt-n56u/toolchain-mipsel/toolchain-3.4.x/lib/gcc/mipsel-linux-uclibc/4.4.7/crtend.o] ==> ignore
    arg [/opt/rt-n56u/toolchain-mipsel/toolchain-3.4.x/lib/crtn.o] ==> ignore
  remove lib [gcc]
  remove lib [gcc]
  collapse library dir [/opt/rt-n56u/toolchain-mipsel/toolchain-3.4.x/lib/gcc/mipsel-linux-uclibc/4.4.7] ==> [/opt/rt-n56u/toolchain-mipsel/toolchain-3.4.x/lib/gcc/mipsel-linux-uclibc/4.4.7]
  collapse library dir [/opt/rt-n56u/toolchain-mipsel/toolchain-3.4.x/lib/gcc/mipsel-linux-uclibc/4.4.7/../../../../mipsel-linux-uclibc/lib] ==> [/opt/rt-n56u/toolchain-mipsel/toolchain-3.4.x/mipsel-linux-uclibc/lib]
  collapse library dir [/opt/rt-n56u/toolchain-mipsel/toolchain-3.4.x/lib] ==> [/opt/rt-n56u/toolchain-mipsel/toolchain-3.4.x/lib]
  implicit libs: [stdc++;m;c]
  implicit dirs: [/opt/rt-n56u/toolchain-mipsel/toolchain-3.4.x/lib/gcc/mipsel-linux-uclibc/4.4.7;/opt/rt-n56u/toolchain-mipsel/toolchain-3.4.x/mipsel-linux-uclibc/lib;/opt/rt-n56u/toolchain-mipsel/toolchain-3.4.x/lib]
  implicit fwks: []




Detecting CXX [-std=c++0x] compiler features compiled with the following output:
Change Dir: /opt/rt-n56u/trunk/user/ttyd/ttyd-1.0.0/CMakeFiles/CMakeTmp

Run Build Command:"/usr/bin/make" "cmTryCompileExec2835070527/fast"
make[1]: Entering directory '/opt/rt-n56u/trunk/user/ttyd/ttyd-1.0.0/CMakeFiles/CMakeTmp'
/usr/bin/make -f CMakeFiles/cmTryCompileExec2835070527.dir/build.make CMakeFiles/cmTryCompileExec2835070527.dir/build
make[2]: Entering directory '/opt/rt-n56u/trunk/user/ttyd/ttyd-1.0.0/CMakeFiles/CMakeTmp'
/usr/bin/cmake -E cmake_progress_report /opt/rt-n56u/trunk/user/ttyd/ttyd-1.0.0/CMakeFiles/CMakeTmp/CMakeFiles 1
Building CXX object CMakeFiles/cmTryCompileExec2835070527.dir/feature_tests.cxx.o
/opt/rt-n56u/toolchain-mipsel/toolchain-3.4.x/bin/mipsel-linux-uclibc-g++    -std=c++0x -o CMakeFiles/cmTryCompileExec2835070527.dir/feature_tests.cxx.o -c /opt/rt-n56u/trunk/user/ttyd/ttyd-1.0.0/CMakeFiles/feature_tests.cxx
Linking CXX executable cmTryCompileExec2835070527
/usr/bin/cmake -E cmake_link_script CMakeFiles/cmTryCompileExec2835070527.dir/link.txt --verbose=1
/opt/rt-n56u/toolchain-mipsel/toolchain-3.4.x/bin/mipsel-linux-uclibc-g++        CMakeFiles/cmTryCompileExec2835070527.dir/feature_tests.cxx.o  -o cmTryCompileExec2835070527 -rdynamic 
make[2]: Leaving directory '/opt/rt-n56u/trunk/user/ttyd/ttyd-1.0.0/CMakeFiles/CMakeTmp'
make[1]: Leaving directory '/opt/rt-n56u/trunk/user/ttyd/ttyd-1.0.0/CMakeFiles/CMakeTmp'


    Feature record: CXX_FEATURE:0cxx_aggregate_default_initializers
    Feature record: CXX_FEATURE:0cxx_alias_templates
    Feature record: CXX_FEATURE:0cxx_alignas
    Feature record: CXX_FEATURE:0cxx_alignof
    Feature record: CXX_FEATURE:0cxx_attributes
    Feature record: CXX_FEATURE:0cxx_attribute_deprecated
    Feature record: CXX_FEATURE:1cxx_auto_type
    Feature record: CXX_FEATURE:0cxx_binary_literals
    Feature record: CXX_FEATURE:0cxx_constexpr
    Feature record: CXX_FEATURE:0cxx_contextual_conversions
    Feature record: CXX_FEATURE:1cxx_decltype
    Feature record: CXX_FEATURE:0cxx_decltype_auto
    Feature record: CXX_FEATURE:0cxx_decltype_incomplete_return_types
    Feature record: CXX_FEATURE:1cxx_default_function_template_args
    Feature record: CXX_FEATURE:1cxx_defaulted_functions
    Feature record: CXX_FEATURE:0cxx_defaulted_move_initializers
    Feature record: CXX_FEATURE:0cxx_delegating_constructors
    Feature record: CXX_FEATURE:1cxx_deleted_functions
    Feature record: CXX_FEATURE:0cxx_digit_separators
    Feature record: CXX_FEATURE:0cxx_enum_forward_declarations
    Feature record: CXX_FEATURE:0cxx_explicit_conversions
    Feature record: CXX_FEATURE:0cxx_extended_friend_declarations
    Feature record: CXX_FEATURE:1cxx_extern_templates
    Feature record: CXX_FEATURE:0cxx_final
    Feature record: CXX_FEATURE:1cxx_func_identifier
    Feature record: CXX_FEATURE:1cxx_generalized_initializers
    Feature record: CXX_FEATURE:0cxx_generic_lambdas
    Feature record: CXX_FEATURE:0cxx_inheriting_constructors
    Feature record: CXX_FEATURE:1cxx_inline_namespaces
    Feature record: CXX_FEATURE:0cxx_lambdas
    Feature record: CXX_FEATURE:0cxx_lambda_init_captures
    Feature record: CXX_FEATURE:0cxx_local_type_template_args
    Feature record: CXX_FEATURE:1cxx_long_long_type
    Feature record: CXX_FEATURE:0cxx_noexcept
    Feature record: CXX_FEATURE:0cxx_nonstatic_member_init
    Feature record: CXX_FEATURE:0cxx_nullptr
    Feature record: CXX_FEATURE:0cxx_override
    Feature record: CXX_FEATURE:0cxx_range_for
    Feature record: CXX_FEATURE:0cxx_raw_string_literals
    Feature record: CXX_FEATURE:0cxx_reference_qualified_functions
    Feature record: CXX_FEATURE:0cxx_relaxed_constexpr
    Feature record: CXX_FEATURE:0cxx_return_type_deduction
    Feature record: CXX_FEATURE:1cxx_right_angle_brackets
    Feature record: CXX_FEATURE:1cxx_rvalue_references
    Feature record: CXX_FEATURE:1cxx_sizeof_member
    Feature record: CXX_FEATURE:1cxx_static_assert
    Feature record: CXX_FEATURE:1cxx_strong_enums
    Feature record: CXX_FEATURE:1cxx_template_template_parameters
    Feature record: CXX_FEATURE:0cxx_thread_local
    Feature record: CXX_FEATURE:1cxx_trailing_return_types
    Feature record: CXX_FEATURE:1cxx_unicode_literals
    Feature record: CXX_FEATURE:1cxx_uniform_initialization
    Feature record: CXX_FEATURE:0cxx_unrestricted_unions
    Feature record: CXX_FEATURE:0cxx_user_literals
    Feature record: CXX_FEATURE:0cxx_variable_templates
    Feature record: CXX_FEATURE:1cxx_variadic_macros
    Feature record: CXX_FEATURE:1cxx_variadic_templates


Detecting CXX [-std=c++98] compiler features compiled with the following output:
Change Dir: /opt/rt-n56u/trunk/user/ttyd/ttyd-1.0.0/CMakeFiles/CMakeTmp

Run Build Command:"/usr/bin/make" "cmTryCompileExec182998414/fast"
make[1]: Entering directory '/opt/rt-n56u/trunk/user/ttyd/ttyd-1.0.0/CMakeFiles/CMakeTmp'
/usr/bin/make -f CMakeFiles/cmTryCompileExec182998414.dir/build.make CMakeFiles/cmTryCompileExec182998414.dir/build
make[2]: Entering directory '/opt/rt-n56u/trunk/user/ttyd/ttyd-1.0.0/CMakeFiles/CMakeTmp'
/usr/bin/cmake -E cmake_progress_report /opt/rt-n56u/trunk/user/ttyd/ttyd-1.0.0/CMakeFiles/CMakeTmp/CMakeFiles 1
Building CXX object CMakeFiles/cmTryCompileExec182998414.dir/feature_tests.cxx.o
/opt/rt-n56u/toolchain-mipsel/toolchain-3.4.x/bin/mipsel-linux-uclibc-g++    -std=c++98 -o CMakeFiles/cmTryCompileExec182998414.dir/feature_tests.cxx.o -c /opt/rt-n56u/trunk/user/ttyd/ttyd-1.0.0/CMakeFiles/feature_tests.cxx
Linking CXX executable cmTryCompileExec182998414
/usr/bin/cmake -E cmake_link_script CMakeFiles/cmTryCompileExec182998414.dir/link.txt --verbose=1
/opt/rt-n56u/toolchain-mipsel/toolchain-3.4.x/bin/mipsel-linux-uclibc-g++        CMakeFiles/cmTryCompileExec182998414.dir/feature_tests.cxx.o  -o cmTryCompileExec182998414 -rdynamic 
make[2]: Leaving directory '/opt/rt-n56u/trunk/user/ttyd/ttyd-1.0.0/CMakeFiles/CMakeTmp'
make[1]: Leaving directory '/opt/rt-n56u/trunk/user/ttyd/ttyd-1.0.0/CMakeFiles/CMakeTmp'


    Feature record: CXX_FEATURE:0cxx_aggregate_default_initializers
    Feature record: CXX_FEATURE:0cxx_alias_templates
    Feature record: CXX_FEATURE:0cxx_alignas
    Feature record: CXX_FEATURE:0cxx_alignof
    Feature record: CXX_FEATURE:0cxx_attributes
    Feature record: CXX_FEATURE:0cxx_attribute_deprecated
    Feature record: CXX_FEATURE:0cxx_auto_type
    Feature record: CXX_FEATURE:0cxx_binary_literals
    Feature record: CXX_FEATURE:0cxx_constexpr
    Feature record: CXX_FEATURE:0cxx_contextual_conversions
    Feature record: CXX_FEATURE:0cxx_decltype
    Feature record: CXX_FEATURE:0cxx_decltype_auto
    Feature record: CXX_FEATURE:0cxx_decltype_incomplete_return_types
    Feature record: CXX_FEATURE:0cxx_default_function_template_args
    Feature record: CXX_FEATURE:0cxx_defaulted_functions
    Feature record: CXX_FEATURE:0cxx_defaulted_move_initializers
    Feature record: CXX_FEATURE:0cxx_delegating_constructors
    Feature record: CXX_FEATURE:0cxx_deleted_functions
    Feature record: CXX_FEATURE:0cxx_digit_separators
    Feature record: CXX_FEATURE:0cxx_enum_forward_declarations
    Feature record: CXX_FEATURE:0cxx_explicit_conversions
    Feature record: CXX_FEATURE:0cxx_extended_friend_declarations
    Feature record: CXX_FEATURE:0cxx_extern_templates
    Feature record: CXX_FEATURE:0cxx_final
    Feature record: CXX_FEATURE:0cxx_func_identifier
    Feature record: CXX_FEATURE:0cxx_generalized_initializers
    Feature record: CXX_FEATURE:0cxx_generic_lambdas
    Feature record: CXX_FEATURE:0cxx_inheriting_constructors
    Feature record: CXX_FEATURE:0cxx_inline_namespaces
    Feature record: CXX_FEATURE:0cxx_lambdas
    Feature record: CXX_FEATURE:0cxx_lambda_init_captures
    Feature record: CXX_FEATURE:0cxx_local_type_template_args
    Feature record: CXX_FEATURE:0cxx_long_long_type
    Feature record: CXX_FEATURE:0cxx_noexcept
    Feature record: CXX_FEATURE:0cxx_nonstatic_member_init
    Feature record: CXX_FEATURE:0cxx_nullptr
    Feature record: CXX_FEATURE:0cxx_override
    Feature record: CXX_FEATURE:0cxx_range_for
    Feature record: CXX_FEATURE:0cxx_raw_string_literals
    Feature record: CXX_FEATURE:0cxx_reference_qualified_functions
    Feature record: CXX_FEATURE:0cxx_relaxed_constexpr
    Feature record: CXX_FEATURE:0cxx_return_type_deduction
    Feature record: CXX_FEATURE:0cxx_right_angle_brackets
    Feature record: CXX_FEATURE:0cxx_rvalue_references
    Feature record: CXX_FEATURE:0cxx_sizeof_member
    Feature record: CXX_FEATURE:0cxx_static_assert
    Feature record: CXX_FEATURE:0cxx_strong_enums
    Feature record: CXX_FEATURE:1cxx_template_template_parameters
    Feature record: CXX_FEATURE:0cxx_thread_local
    Feature record: CXX_FEATURE:0cxx_trailing_return_types
    Feature record: CXX_FEATURE:0cxx_unicode_literals
    Feature record: CXX_FEATURE:0cxx_uniform_initialization
    Feature record: CXX_FEATURE:0cxx_unrestricted_unions
    Feature record: CXX_FEATURE:0cxx_user_literals
    Feature record: CXX_FEATURE:0cxx_variable_templates
    Feature record: CXX_FEATURE:0cxx_variadic_macros
    Feature record: CXX_FEATURE:0cxx_variadic_templates
